{"C:\\qzrobot\\mpy\\VScodeMicroPython\\src\\actions.ts": {"path":"C:\\qzrobot\\mpy\\VScodeMicroPython\\src\\actions.ts","statementMap":{"0":{"start":{"line":1,"column":0},"end":{"line":1,"column":33}},"1":{"start":{"line":11,"column":10},"end":{"line":11,"column":65}},"2":{"start":{"line":12,"column":11},"end":{"line":12,"column":65}},"3":{"start":{"line":14,"column":24},"end":{"line":14,"column":57}},"4":{"start":{"line":17,"column":4},"end":{"line":17,"column":46}},"5":{"start":{"line":21,"column":4},"end":{"line":21,"column":50}},"6":{"start":{"line":25,"column":17},"end":{"line":25,"column":89}},"7":{"start":{"line":26,"column":4},"end":{"line":26,"column":33}},"8":{"start":{"line":28,"column":4},"end":{"line":28,"column":144}},"9":{"start":{"line":30,"column":4},"end":{"line":50,"column":5}},"10":{"start":{"line":31,"column":6},"end":{"line":31,"column":90}},"11":{"start":{"line":32,"column":11},"end":{"line":50,"column":5}},"12":{"start":{"line":33,"column":6},"end":{"line":33,"column":55}},"13":{"start":{"line":34,"column":11},"end":{"line":50,"column":5}},"14":{"start":{"line":35,"column":6},"end":{"line":35,"column":94}},"15":{"start":{"line":36,"column":11},"end":{"line":50,"column":5}},"16":{"start":{"line":37,"column":6},"end":{"line":37,"column":98}},"17":{"start":{"line":38,"column":11},"end":{"line":50,"column":5}},"18":{"start":{"line":39,"column":6},"end":{"line":39,"column":90}},"19":{"start":{"line":40,"column":11},"end":{"line":50,"column":5}},"20":{"start":{"line":41,"column":6},"end":{"line":41,"column":96}},"21":{"start":{"line":42,"column":11},"end":{"line":50,"column":5}},"22":{"start":{"line":43,"column":6},"end":{"line":43,"column":95}},"23":{"start":{"line":44,"column":11},"end":{"line":50,"column":5}},"24":{"start":{"line":45,"column":6},"end":{"line":45,"column":52}},"25":{"start":{"line":46,"column":11},"end":{"line":50,"column":5}},"26":{"start":{"line":47,"column":6},"end":{"line":47,"column":59}},"27":{"start":{"line":48,"column":11},"end":{"line":50,"column":5}},"28":{"start":{"line":49,"column":6},"end":{"line":49,"column":56}},"29":{"start":{"line":51,"column":4},"end":{"line":51,"column":16}},"30":{"start":{"line":55,"column":4},"end":{"line":62,"column":6}},"31":{"start":{"line":10,"column":0},"end":{"line":10,"column":13}}},"fnMap":{"0":{"name":"(anonymous_0)","decl":{"start":{"line":10,"column":0},"end":{"line":10,"column":13}},"loc":{"start":{"line":10,"column":0},"end":{"line":64,"column":1}}},"1":{"name":"(anonymous_1)","decl":{"start":{"line":14,"column":2},"end":{"line":14,"column":13}},"loc":{"start":{"line":14,"column":13},"end":{"line":14,"column":59}}},"2":{"name":"(anonymous_2)","decl":{"start":{"line":16,"column":2},"end":{"line":16,"column":13}},"loc":{"start":{"line":16,"column":33},"end":{"line":18,"column":3}}},"3":{"name":"(anonymous_3)","decl":{"start":{"line":20,"column":2},"end":{"line":20,"column":13}},"loc":{"start":{"line":20,"column":13},"end":{"line":22,"column":3}}},"4":{"name":"(anonymous_4)","decl":{"start":{"line":24,"column":2},"end":{"line":24,"column":22}},"loc":{"start":{"line":24,"column":42},"end":{"line":52,"column":3}}},"5":{"name":"(anonymous_5)","decl":{"start":{"line":54,"column":2},"end":{"line":54,"column":7}},"loc":{"start":{"line":54,"column":22},"end":{"line":63,"column":3}}}},"branchMap":{"0":{"loc":{"start":{"line":28,"column":121},"end":{"line":28,"column":139}},"type":"binary-expr","locations":[{"start":{"line":28,"column":121},"end":{"line":28,"column":133}},{"start":{"line":28,"column":137},"end":{"line":28,"column":139}}]},"1":{"loc":{"start":{"line":30,"column":4},"end":{"line":50,"column":5}},"type":"if","locations":[{"start":{"line":30,"column":4},"end":{"line":50,"column":5}},{"start":{"line":32,"column":11},"end":{"line":50,"column":5}}]},"2":{"loc":{"start":{"line":32,"column":11},"end":{"line":50,"column":5}},"type":"if","locations":[{"start":{"line":32,"column":11},"end":{"line":50,"column":5}},{"start":{"line":34,"column":11},"end":{"line":50,"column":5}}]},"3":{"loc":{"start":{"line":34,"column":11},"end":{"line":50,"column":5}},"type":"if","locations":[{"start":{"line":34,"column":11},"end":{"line":50,"column":5}},{"start":{"line":36,"column":11},"end":{"line":50,"column":5}}]},"4":{"loc":{"start":{"line":36,"column":11},"end":{"line":50,"column":5}},"type":"if","locations":[{"start":{"line":36,"column":11},"end":{"line":50,"column":5}},{"start":{"line":38,"column":11},"end":{"line":50,"column":5}}]},"5":{"loc":{"start":{"line":38,"column":11},"end":{"line":50,"column":5}},"type":"if","locations":[{"start":{"line":38,"column":11},"end":{"line":50,"column":5}},{"start":{"line":40,"column":11},"end":{"line":50,"column":5}}]},"6":{"loc":{"start":{"line":40,"column":11},"end":{"line":50,"column":5}},"type":"if","locations":[{"start":{"line":40,"column":11},"end":{"line":50,"column":5}},{"start":{"line":42,"column":11},"end":{"line":50,"column":5}}]},"7":{"loc":{"start":{"line":42,"column":11},"end":{"line":50,"column":5}},"type":"if","locations":[{"start":{"line":42,"column":11},"end":{"line":50,"column":5}},{"start":{"line":44,"column":11},"end":{"line":50,"column":5}}]},"8":{"loc":{"start":{"line":44,"column":11},"end":{"line":50,"column":5}},"type":"if","locations":[{"start":{"line":44,"column":11},"end":{"line":50,"column":5}},{"start":{"line":46,"column":11},"end":{"line":50,"column":5}}]},"9":{"loc":{"start":{"line":46,"column":11},"end":{"line":50,"column":5}},"type":"if","locations":[{"start":{"line":46,"column":11},"end":{"line":50,"column":5}},{"start":{"line":48,"column":11},"end":{"line":50,"column":5}}]},"10":{"loc":{"start":{"line":48,"column":11},"end":{"line":50,"column":5}},"type":"if","locations":[{"start":{"line":48,"column":11},"end":{"line":50,"column":5}},{"start":{},"end":{}}]}},"s":{"0":0,"1":0,"2":0,"3":0,"4":0,"5":0,"6":0,"7":0,"8":0,"9":0,"10":0,"11":0,"12":0,"13":0,"14":0,"15":0,"16":0,"17":0,"18":0,"19":0,"20":0,"21":0,"22":0,"23":0,"24":0,"25":0,"26":0,"27":0,"28":0,"29":0,"30":0,"31":0},"f":{"0":0,"1":0,"2":0,"3":0,"4":0,"5":0},"b":{"0":[0,0],"1":[0,0],"2":[0,0],"3":[0,0],"4":[0,0],"5":[0,0],"6":[0,0],"7":[0,0],"8":[0,0],"9":[0,0],"10":[0,0]}}
,"C:\\qzrobot\\mpy\\VScodeMicroPython\\src\\boardOperations.ts": {"path":"C:\\qzrobot\\mpy\\VScodeMicroPython\\src\\boardOperations.ts","statementMap":{"0":{"start":{"line":1,"column":0},"end":{"line":1,"column":33}},"1":{"start":{"line":2,"column":0},"end":{"line":2,"column":34}},"2":{"start":{"line":3,"column":0},"end":{"line":3,"column":39}},"3":{"start":{"line":6,"column":0},"end":{"line":6,"column":33}},"4":{"start":{"line":7,"column":0},"end":{"line":7,"column":113}},"5":{"start":{"line":10,"column":0},"end":{"line":10,"column":105}},"6":{"start":{"line":14,"column":13},"end":{"line":14,"column":51}},"7":{"start":{"line":15,"column":2},"end":{"line":15,"column":55}},"8":{"start":{"line":15,"column":11},"end":{"line":15,"column":55}},"9":{"start":{"line":16,"column":2},"end":{"line":16,"column":12}},"10":{"start":{"line":21,"column":2},"end":{"line":28,"column":3}},"11":{"start":{"line":22,"column":15},"end":{"line":22,"column":35}},"12":{"start":{"line":23,"column":25},"end":{"line":23,"column":85}},"13":{"start":{"line":24,"column":4},"end":{"line":24,"column":34}},"14":{"start":{"line":25,"column":4},"end":{"line":25,"column":16}},"15":{"start":{"line":27,"column":4},"end":{"line":27,"column":17}},"16":{"start":{"line":32,"column":14},"end":{"line":32,"column":77}},"17":{"start":{"line":32,"column":30},"end":{"line":32,"column":77}},"18":{"start":{"line":32,"column":53},"end":{"line":32,"column":76}},"19":{"start":{"line":35,"column":26},"end":{"line":35,"column":42}},"20":{"start":{"line":36,"column":26},"end":{"line":36,"column":42}},"21":{"start":{"line":39,"column":2},"end":{"line":41,"column":26}},"22":{"start":{"line":40,"column":4},"end":{"line":40,"column":78}},"23":{"start":{"line":45,"column":2},"end":{"line":52,"column":3}},"24":{"start":{"line":46,"column":4},"end":{"line":46,"column":40}},"25":{"start":{"line":47,"column":14},"end":{"line":47,"column":64}},"26":{"start":{"line":48,"column":4},"end":{"line":48,"column":23}},"27":{"start":{"line":50,"column":20},"end":{"line":50,"column":50}},"28":{"start":{"line":51,"column":4},"end":{"line":51,"column":109}},"29":{"start":{"line":51,"column":10},"end":{"line":51,"column":98}},"30":{"start":{"line":56,"column":2},"end":{"line":116,"column":15}},"31":{"start":{"line":121,"column":19},"end":{"line":121,"column":71}},"32":{"start":{"line":122,"column":2},"end":{"line":122,"column":61}},"33":{"start":{"line":122,"column":24},"end":{"line":122,"column":61}},"34":{"start":{"line":123,"column":2},"end":{"line":123,"column":90}},"35":{"start":{"line":123,"column":45},"end":{"line":123,"column":90}},"36":{"start":{"line":124,"column":2},"end":{"line":124,"column":41}},"37":{"start":{"line":124,"column":31},"end":{"line":124,"column":41}},"38":{"start":{"line":126,"column":2},"end":{"line":126,"column":39}},"39":{"start":{"line":135,"column":4},"end":{"line":135,"column":21}},"40":{"start":{"line":136,"column":4},"end":{"line":136,"column":35}},"41":{"start":{"line":141,"column":20},"end":{"line":141,"column":116}},"42":{"start":{"line":143,"column":4},"end":{"line":146,"column":5}},"43":{"start":{"line":144,"column":6},"end":{"line":145,"column":17}},"44":{"start":{"line":144,"column":12},"end":{"line":144,"column":30}},"45":{"start":{"line":148,"column":21},"end":{"line":148,"column":61}},"46":{"start":{"line":149,"column":4},"end":{"line":153,"column":5}},"47":{"start":{"line":150,"column":6},"end":{"line":150,"column":24}},"48":{"start":{"line":152,"column":6},"end":{"line":152,"column":56}},"49":{"start":{"line":157,"column":4},"end":{"line":433,"column":5}},"50":{"start":{"line":158,"column":22},"end":{"line":158,"column":109}},"51":{"start":{"line":159,"column":17},"end":{"line":159,"column":55}},"52":{"start":{"line":160,"column":6},"end":{"line":160,"column":86}},"53":{"start":{"line":160,"column":17},"end":{"line":160,"column":76}},"54":{"start":{"line":160,"column":77},"end":{"line":160,"column":84}},"55":{"start":{"line":161,"column":26},"end":{"line":161,"column":56}},"56":{"start":{"line":162,"column":6},"end":{"line":176,"column":7}},"57":{"start":{"line":163,"column":27},"end":{"line":166,"column":null}},"58":{"start":{"line":168,"column":8},"end":{"line":168,"column":48}},"59":{"start":{"line":168,"column":41},"end":{"line":168,"column":48}},"60":{"start":{"line":170,"column":8},"end":{"line":170,"column":55}},"61":{"start":{"line":171,"column":24},"end":{"line":171,"column":64}},"62":{"start":{"line":172,"column":32},"end":{"line":172,"column":75}},"63":{"start":{"line":173,"column":29},"end":{"line":173,"column":91}},"64":{"start":{"line":174,"column":8},"end":{"line":174,"column":58}},"65":{"start":{"line":175,"column":8},"end":{"line":175,"column":94}},"66":{"start":{"line":178,"column":23},"end":{"line":178,"column":108}},"67":{"start":{"line":179,"column":23},"end":{"line":179,"column":63}},"68":{"start":{"line":180,"column":18},"end":{"line":180,"column":62}},"69":{"start":{"line":183,"column":6},"end":{"line":420,"column":9}},"70":{"start":{"line":188,"column":22},"end":{"line":188,"column":44}},"71":{"start":{"line":189,"column":22},"end":{"line":189,"column":34}},"72":{"start":{"line":191,"column":8},"end":{"line":194,"column":9}},"73":{"start":{"line":192,"column":10},"end":{"line":192,"column":77}},"74":{"start":{"line":193,"column":10},"end":{"line":193,"column":17}},"75":{"start":{"line":196,"column":8},"end":{"line":196,"column":85}},"76":{"start":{"line":198,"column":8},"end":{"line":419,"column":11}},"77":{"start":{"line":200,"column":10},"end":{"line":200,"column":90}},"78":{"start":{"line":203,"column":33},"end":{"line":203,"column":50}},"79":{"start":{"line":204,"column":10},"end":{"line":216,"column":11}},"80":{"start":{"line":205,"column":31},"end":{"line":205,"column":70}},"81":{"start":{"line":206,"column":30},"end":{"line":206,"column":60}},"82":{"start":{"line":208,"column":12},"end":{"line":215,"column":13}},"83":{"start":{"line":210,"column":31},"end":{"line":210,"column":40}},"84":{"start":{"line":211,"column":14},"end":{"line":214,"column":15}},"85":{"start":{"line":212,"column":16},"end":{"line":212,"column":47}},"86":{"start":{"line":213,"column":16},"end":{"line":213,"column":60}},"87":{"start":{"line":219,"column":36},"end":{"line":223,"column":12}},"88":{"start":{"line":220,"column":27},"end":{"line":220,"column":61}},"89":{"start":{"line":220,"column":52},"end":{"line":220,"column":53}},"90":{"start":{"line":221,"column":27},"end":{"line":221,"column":61}},"91":{"start":{"line":221,"column":52},"end":{"line":221,"column":53}},"92":{"start":{"line":222,"column":12},"end":{"line":222,"column":35}},"93":{"start":{"line":225,"column":10},"end":{"line":225,"column":122}},"94":{"start":{"line":228,"column":29},"end":{"line":228,"column":30}},"95":{"start":{"line":229,"column":44},"end":{"line":229,"column":46}},"96":{"start":{"line":231,"column":10},"end":{"line":231,"column":122}},"97":{"start":{"line":233,"column":10},"end":{"line":259,"column":11}},"98":{"start":{"line":234,"column":26},"end":{"line":234,"column":31}},"99":{"start":{"line":235,"column":27},"end":{"line":235,"column":28}},"100":{"start":{"line":236,"column":32},"end":{"line":236,"column":33}},"101":{"start":{"line":238,"column":12},"end":{"line":258,"column":13}},"102":{"start":{"line":239,"column":14},"end":{"line":239,"column":25}},"103":{"start":{"line":240,"column":14},"end":{"line":257,"column":15}},"104":{"start":{"line":241,"column":16},"end":{"line":241,"column":122}},"105":{"start":{"line":242,"column":16},"end":{"line":242,"column":42}},"106":{"start":{"line":243,"column":16},"end":{"line":243,"column":51}},"107":{"start":{"line":244,"column":16},"end":{"line":244,"column":31}},"108":{"start":{"line":245,"column":16},"end":{"line":245,"column":31}},"109":{"start":{"line":246,"column":16},"end":{"line":246,"column":132}},"110":{"start":{"line":248,"column":16},"end":{"line":248,"column":132}},"111":{"start":{"line":250,"column":16},"end":{"line":256,"column":17}},"112":{"start":{"line":251,"column":18},"end":{"line":251,"column":52}},"113":{"start":{"line":252,"column":18},"end":{"line":252,"column":126}},"114":{"start":{"line":255,"column":18},"end":{"line":255,"column":73}},"115":{"start":{"line":255,"column":47},"end":{"line":255,"column":71}},"116":{"start":{"line":261,"column":10},"end":{"line":261,"column":149}},"117":{"start":{"line":263,"column":10},"end":{"line":265,"column":11}},"118":{"start":{"line":264,"column":12},"end":{"line":264,"column":128}},"119":{"start":{"line":268,"column":10},"end":{"line":268,"column":101}},"120":{"start":{"line":269,"column":36},"end":{"line":269,"column":40}},"121":{"start":{"line":270,"column":49},"end":{"line":270,"column":51}},"122":{"start":{"line":272,"column":10},"end":{"line":287,"column":11}},"123":{"start":{"line":273,"column":12},"end":{"line":286,"column":13}},"124":{"start":{"line":274,"column":29},"end":{"line":274,"column":59}},"125":{"start":{"line":275,"column":14},"end":{"line":281,"column":15}},"126":{"start":{"line":276,"column":16},"end":{"line":276,"column":96}},"127":{"start":{"line":277,"column":16},"end":{"line":277,"column":53}},"128":{"start":{"line":278,"column":16},"end":{"line":278,"column":44}},"129":{"start":{"line":280,"column":16},"end":{"line":280,"column":87}},"130":{"start":{"line":283,"column":14},"end":{"line":283,"column":109}},"131":{"start":{"line":284,"column":14},"end":{"line":284,"column":51}},"132":{"start":{"line":285,"column":14},"end":{"line":285,"column":42}},"133":{"start":{"line":289,"column":10},"end":{"line":326,"column":11}},"134":{"start":{"line":290,"column":12},"end":{"line":290,"column":159}},"135":{"start":{"line":293,"column":12},"end":{"line":293,"column":93}},"136":{"start":{"line":294,"column":12},"end":{"line":303,"column":13}},"137":{"start":{"line":295,"column":14},"end":{"line":302,"column":15}},"138":{"start":{"line":296,"column":16},"end":{"line":296,"column":95}},"139":{"start":{"line":297,"column":16},"end":{"line":297,"column":43}},"140":{"start":{"line":298,"column":16},"end":{"line":298,"column":52}},"141":{"start":{"line":299,"column":16},"end":{"line":299,"column":109}},"142":{"start":{"line":301,"column":16},"end":{"line":301,"column":128}},"143":{"start":{"line":306,"column":12},"end":{"line":306,"column":89}},"144":{"start":{"line":307,"column":31},"end":{"line":307,"column":33}},"145":{"start":{"line":308,"column":12},"end":{"line":318,"column":13}},"146":{"start":{"line":309,"column":14},"end":{"line":317,"column":15}},"147":{"start":{"line":310,"column":31},"end":{"line":310,"column":62}},"148":{"start":{"line":311,"column":16},"end":{"line":313,"column":17}},"149":{"start":{"line":312,"column":18},"end":{"line":312,"column":48}},"150":{"start":{"line":315,"column":16},"end":{"line":315,"column":112}},"151":{"start":{"line":316,"column":16},"end":{"line":316,"column":46}},"152":{"start":{"line":320,"column":12},"end":{"line":323,"column":13}},"153":{"start":{"line":321,"column":14},"end":{"line":321,"column":129}},"154":{"start":{"line":322,"column":14},"end":{"line":322,"column":93}},"155":{"start":{"line":325,"column":12},"end":{"line":325,"column":89}},"156":{"start":{"line":328,"column":10},"end":{"line":328,"column":104}},"157":{"start":{"line":330,"column":10},"end":{"line":330,"column":81}},"158":{"start":{"line":333,"column":10},"end":{"line":333,"column":87}},"159":{"start":{"line":336,"column":29},"end":{"line":336,"column":31}},"160":{"start":{"line":337,"column":31},"end":{"line":337,"column":33}},"161":{"start":{"line":338,"column":10},"end":{"line":349,"column":11}},"162":{"start":{"line":339,"column":30},"end":{"line":339,"column":68}},"163":{"start":{"line":341,"column":12},"end":{"line":348,"column":13}},"164":{"start":{"line":342,"column":14},"end":{"line":342,"column":41}},"165":{"start":{"line":343,"column":14},"end":{"line":343,"column":44}},"166":{"start":{"line":344,"column":14},"end":{"line":344,"column":85}},"167":{"start":{"line":346,"column":14},"end":{"line":346,"column":88}},"168":{"start":{"line":347,"column":14},"end":{"line":347,"column":46}},"169":{"start":{"line":351,"column":10},"end":{"line":351,"column":111}},"170":{"start":{"line":354,"column":10},"end":{"line":362,"column":11}},"171":{"start":{"line":355,"column":12},"end":{"line":355,"column":123}},"172":{"start":{"line":356,"column":12},"end":{"line":358,"column":13}},"173":{"start":{"line":357,"column":14},"end":{"line":357,"column":92}},"174":{"start":{"line":359,"column":12},"end":{"line":361,"column":14}},"175":{"start":{"line":365,"column":30},"end":{"line":365,"column":47}},"176":{"start":{"line":367,"column":10},"end":{"line":367,"column":103}},"177":{"start":{"line":369,"column":25},"end":{"line":369,"column":26}},"178":{"start":{"line":370,"column":23},"end":{"line":370,"column":24}},"179":{"start":{"line":372,"column":10},"end":{"line":410,"column":11}},"180":{"start":{"line":373,"column":30},"end":{"line":373,"column":68}},"181":{"start":{"line":374,"column":31},"end":{"line":374,"column":70}},"182":{"start":{"line":377,"column":12},"end":{"line":383,"column":13}},"183":{"start":{"line":378,"column":14},"end":{"line":378,"column":41}},"184":{"start":{"line":380,"column":14},"end":{"line":380,"column":116}},"185":{"start":{"line":381,"column":14},"end":{"line":381,"column":23}},"186":{"start":{"line":382,"column":14},"end":{"line":382,"column":23}},"187":{"start":{"line":385,"column":12},"end":{"line":409,"column":13}},"188":{"start":{"line":386,"column":14},"end":{"line":386,"column":131}},"189":{"start":{"line":388,"column":14},"end":{"line":391,"column":17}},"190":{"start":{"line":394,"column":14},"end":{"line":394,"column":103}},"191":{"start":{"line":396,"column":14},"end":{"line":396,"column":57}},"192":{"start":{"line":398,"column":14},"end":{"line":398,"column":51}},"193":{"start":{"line":400,"column":14},"end":{"line":400,"column":25}},"194":{"start":{"line":401,"column":14},"end":{"line":401,"column":126}},"195":{"start":{"line":404,"column":14},"end":{"line":404,"column":23}},"196":{"start":{"line":405,"column":14},"end":{"line":405,"column":126}},"197":{"start":{"line":412,"column":10},"end":{"line":412,"column":119}},"198":{"start":{"line":414,"column":10},"end":{"line":416,"column":11}},"199":{"start":{"line":415,"column":12},"end":{"line":415,"column":96}},"200":{"start":{"line":418,"column":10},"end":{"line":418,"column":90}},"201":{"start":{"line":423,"column":27},"end":{"line":423,"column":89}},"202":{"start":{"line":424,"column":6},"end":{"line":424,"column":44}},"203":{"start":{"line":425,"column":6},"end":{"line":425,"column":85}},"204":{"start":{"line":427,"column":6},"end":{"line":427,"column":94}},"205":{"start":{"line":429,"column":6},"end":{"line":429,"column":31}},"206":{"start":{"line":430,"column":6},"end":{"line":430,"column":30}},"207":{"start":{"line":432,"column":6},"end":{"line":432,"column":90}},"208":{"start":{"line":437,"column":15},"end":{"line":437,"column":53}},"209":{"start":{"line":438,"column":4},"end":{"line":438,"column":84}},"210":{"start":{"line":438,"column":15},"end":{"line":438,"column":74}},"211":{"start":{"line":438,"column":75},"end":{"line":438,"column":82}},"212":{"start":{"line":439,"column":21},"end":{"line":439,"column":106}},"213":{"start":{"line":440,"column":24},"end":{"line":440,"column":84}},"214":{"start":{"line":440,"column":57},"end":{"line":440,"column":83}},"215":{"start":{"line":441,"column":20},"end":{"line":441,"column":60}},"216":{"start":{"line":442,"column":23},"end":{"line":447,"column":8}},"217":{"start":{"line":443,"column":22},"end":{"line":443,"column":33}},"218":{"start":{"line":445,"column":20},"end":{"line":445,"column":56}},"219":{"start":{"line":446,"column":8},"end":{"line":446,"column":36}},"220":{"start":{"line":448,"column":4},"end":{"line":461,"column":7}},"221":{"start":{"line":449,"column":17},"end":{"line":449,"column":18}},"222":{"start":{"line":450,"column":20},"end":{"line":450,"column":37}},"223":{"start":{"line":451,"column":6},"end":{"line":460,"column":9}},"224":{"start":{"line":452,"column":8},"end":{"line":459,"column":9}},"225":{"start":{"line":453,"column":22},"end":{"line":453,"column":58}},"226":{"start":{"line":454,"column":22},"end":{"line":454,"column":65}},"227":{"start":{"line":455,"column":10},"end":{"line":455,"column":82}},"228":{"start":{"line":456,"column":10},"end":{"line":456,"column":65}},"229":{"start":{"line":457,"column":10},"end":{"line":457,"column":48}},"230":{"start":{"line":458,"column":10},"end":{"line":458,"column":46}},"231":{"start":{"line":462,"column":4},"end":{"line":462,"column":92}},"232":{"start":{"line":464,"column":4},"end":{"line":464,"column":29}},"233":{"start":{"line":465,"column":4},"end":{"line":465,"column":28}},"234":{"start":{"line":469,"column":15},"end":{"line":469,"column":53}},"235":{"start":{"line":470,"column":4},"end":{"line":470,"column":20}},"236":{"start":{"line":470,"column":13},"end":{"line":470,"column":20}},"237":{"start":{"line":472,"column":4},"end":{"line":472,"column":74}},"238":{"start":{"line":474,"column":4},"end":{"line":571,"column":5}},"239":{"start":{"line":476,"column":22},"end":{"line":476,"column":62}},"240":{"start":{"line":477,"column":28},"end":{"line":477,"column":71}},"241":{"start":{"line":478,"column":25},"end":{"line":478,"column":57}},"242":{"start":{"line":481,"column":6},"end":{"line":481,"column":38}},"243":{"start":{"line":482,"column":26},"end":{"line":482,"column":58}},"244":{"start":{"line":483,"column":26},"end":{"line":483,"column":59}},"245":{"start":{"line":483,"column":50},"end":{"line":483,"column":58}},"246":{"start":{"line":486,"column":34},"end":{"line":490,"column":8}},"247":{"start":{"line":487,"column":20},"end":{"line":487,"column":56}},"248":{"start":{"line":488,"column":29},"end":{"line":488,"column":48}},"249":{"start":{"line":489,"column":8},"end":{"line":489,"column":29}},"250":{"start":{"line":492,"column":28},"end":{"line":492,"column":108}},"251":{"start":{"line":492,"column":65},"end":{"line":492,"column":106}},"252":{"start":{"line":495,"column":29},"end":{"line":505,"column":8}},"253":{"start":{"line":508,"column":6},"end":{"line":534,"column":7}},"254":{"start":{"line":509,"column":27},"end":{"line":509,"column":54}},"255":{"start":{"line":510,"column":29},"end":{"line":510,"column":77}},"256":{"start":{"line":512,"column":8},"end":{"line":533,"column":9}},"257":{"start":{"line":514,"column":10},"end":{"line":521,"column":13}},"258":{"start":{"line":524,"column":29},"end":{"line":524,"column":66}},"259":{"start":{"line":525,"column":10},"end":{"line":532,"column":13}},"260":{"start":{"line":537,"column":6},"end":{"line":549,"column":7}},"261":{"start":{"line":538,"column":8},"end":{"line":548,"column":9}},"262":{"start":{"line":539,"column":31},"end":{"line":539,"column":74}},"263":{"start":{"line":540,"column":10},"end":{"line":547,"column":13}},"264":{"start":{"line":552,"column":27},"end":{"line":552,"column":94}},"265":{"start":{"line":553,"column":6},"end":{"line":553,"column":70}},"266":{"start":{"line":554,"column":6},"end":{"line":554,"column":88}},"267":{"start":{"line":556,"column":6},"end":{"line":556,"column":83}},"268":{"start":{"line":557,"column":6},"end":{"line":557,"column":108}},"269":{"start":{"line":560,"column":27},"end":{"line":560,"column":97}},"270":{"start":{"line":560,"column":66},"end":{"line":560,"column":89}},"271":{"start":{"line":561,"column":29},"end":{"line":561,"column":99}},"272":{"start":{"line":561,"column":68},"end":{"line":561,"column":91}},"273":{"start":{"line":562,"column":29},"end":{"line":562,"column":99}},"274":{"start":{"line":562,"column":68},"end":{"line":562,"column":91}},"275":{"start":{"line":564,"column":6},"end":{"line":564,"column":55}},"276":{"start":{"line":565,"column":6},"end":{"line":565,"column":77}},"277":{"start":{"line":566,"column":6},"end":{"line":566,"column":79}},"278":{"start":{"line":567,"column":6},"end":{"line":567,"column":79}},"279":{"start":{"line":570,"column":6},"end":{"line":570,"column":96}},"280":{"start":{"line":575,"column":21},"end":{"line":575,"column":73}},"281":{"start":{"line":576,"column":4},"end":{"line":576,"column":63}},"282":{"start":{"line":576,"column":26},"end":{"line":576,"column":63}},"283":{"start":{"line":577,"column":4},"end":{"line":577,"column":92}},"284":{"start":{"line":577,"column":47},"end":{"line":577,"column":92}},"285":{"start":{"line":578,"column":4},"end":{"line":578,"column":43}},"286":{"start":{"line":578,"column":33},"end":{"line":578,"column":43}},"287":{"start":{"line":579,"column":4},"end":{"line":579,"column":41}},"288":{"start":{"line":583,"column":32},"end":{"line":583,"column":80}},"289":{"start":{"line":584,"column":31},"end":{"line":584,"column":79}},"290":{"start":{"line":586,"column":4},"end":{"line":588,"column":5}},"291":{"start":{"line":587,"column":6},"end":{"line":587,"column":39}},"292":{"start":{"line":590,"column":4},"end":{"line":592,"column":5}},"293":{"start":{"line":591,"column":6},"end":{"line":591,"column":32}},"294":{"start":{"line":594,"column":4},"end":{"line":594,"column":58}},"295":{"start":{"line":598,"column":4},"end":{"line":768,"column":7}},"296":{"start":{"line":603,"column":17},"end":{"line":603,"column":55}},"297":{"start":{"line":604,"column":6},"end":{"line":607,"column":7}},"298":{"start":{"line":605,"column":8},"end":{"line":605,"column":67}},"299":{"start":{"line":606,"column":8},"end":{"line":606,"column":15}},"300":{"start":{"line":609,"column":23},"end":{"line":609,"column":108}},"301":{"start":{"line":610,"column":6},"end":{"line":610,"column":63}},"302":{"start":{"line":613,"column":26},"end":{"line":613,"column":56}},"303":{"start":{"line":614,"column":6},"end":{"line":629,"column":7}},"304":{"start":{"line":615,"column":27},"end":{"line":618,"column":null}},"305":{"start":{"line":620,"column":8},"end":{"line":620,"column":48}},"306":{"start":{"line":620,"column":41},"end":{"line":620,"column":48}},"307":{"start":{"line":623,"column":8},"end":{"line":623,"column":55}},"308":{"start":{"line":624,"column":24},"end":{"line":624,"column":64}},"309":{"start":{"line":625,"column":32},"end":{"line":625,"column":75}},"310":{"start":{"line":626,"column":29},"end":{"line":626,"column":91}},"311":{"start":{"line":627,"column":8},"end":{"line":627,"column":58}},"312":{"start":{"line":628,"column":8},"end":{"line":628,"column":94}},"313":{"start":{"line":631,"column":6},"end":{"line":631,"column":61}},"314":{"start":{"line":634,"column":22},"end":{"line":634,"column":62}},"315":{"start":{"line":635,"column":28},"end":{"line":635,"column":71}},"316":{"start":{"line":636,"column":25},"end":{"line":636,"column":57}},"317":{"start":{"line":639,"column":31},"end":{"line":639,"column":48}},"318":{"start":{"line":641,"column":24},"end":{"line":641,"column":70}},"319":{"start":{"line":642,"column":8},"end":{"line":649,"column":9}},"320":{"start":{"line":643,"column":10},"end":{"line":643,"column":41}},"321":{"start":{"line":643,"column":32},"end":{"line":643,"column":41}},"322":{"start":{"line":644,"column":22},"end":{"line":644,"column":54}},"323":{"start":{"line":645,"column":22},"end":{"line":645,"column":44}},"324":{"start":{"line":646,"column":10},"end":{"line":646,"column":43}},"325":{"start":{"line":646,"column":34},"end":{"line":646,"column":43}},"326":{"start":{"line":647,"column":10},"end":{"line":647,"column":36}},"327":{"start":{"line":648,"column":10},"end":{"line":648,"column":43}},"328":{"start":{"line":651,"column":6},"end":{"line":651,"column":44}},"329":{"start":{"line":653,"column":6},"end":{"line":653,"column":61}},"330":{"start":{"line":656,"column":24},"end":{"line":656,"column":64}},"331":{"start":{"line":657,"column":25},"end":{"line":657,"column":40}},"332":{"start":{"line":658,"column":31},"end":{"line":658,"column":52}},"333":{"start":{"line":661,"column":33},"end":{"line":661,"column":84}},"334":{"start":{"line":662,"column":6},"end":{"line":667,"column":7}},"335":{"start":{"line":663,"column":24},"end":{"line":663,"column":63}},"336":{"start":{"line":664,"column":8},"end":{"line":666,"column":9}},"337":{"start":{"line":665,"column":10},"end":{"line":665,"column":50}},"338":{"start":{"line":670,"column":33},"end":{"line":670,"column":98}},"339":{"start":{"line":671,"column":6},"end":{"line":674,"column":7}},"340":{"start":{"line":672,"column":24},"end":{"line":672,"column":63}},"341":{"start":{"line":673,"column":8},"end":{"line":673,"column":97}},"342":{"start":{"line":676,"column":6},"end":{"line":676,"column":57}},"343":{"start":{"line":678,"column":22},"end":{"line":678,"column":39}},"344":{"start":{"line":679,"column":27},"end":{"line":679,"column":44}},"345":{"start":{"line":680,"column":35},"end":{"line":680,"column":52}},"346":{"start":{"line":681,"column":27},"end":{"line":681,"column":44}},"347":{"start":{"line":684,"column":29},"end":{"line":684,"column":54}},"348":{"start":{"line":685,"column":44},"end":{"line":685,"column":46}},"349":{"start":{"line":687,"column":6},"end":{"line":697,"column":7}},"350":{"start":{"line":688,"column":24},"end":{"line":688,"column":72}},"351":{"start":{"line":689,"column":8},"end":{"line":696,"column":10}},"352":{"start":{"line":691,"column":12},"end":{"line":691,"column":52}},"353":{"start":{"line":694,"column":12},"end":{"line":694,"column":45}},"354":{"start":{"line":700,"column":6},"end":{"line":700,"column":38}},"355":{"start":{"line":703,"column":6},"end":{"line":718,"column":7}},"356":{"start":{"line":704,"column":26},"end":{"line":704,"column":58}},"357":{"start":{"line":705,"column":26},"end":{"line":705,"column":60}},"358":{"start":{"line":707,"column":8},"end":{"line":717,"column":9}},"359":{"start":{"line":709,"column":10},"end":{"line":711,"column":11}},"360":{"start":{"line":710,"column":12},"end":{"line":710,"column":40}},"361":{"start":{"line":714,"column":29},"end":{"line":714,"column":66}},"362":{"start":{"line":715,"column":10},"end":{"line":715,"column":111}},"363":{"start":{"line":716,"column":10},"end":{"line":716,"column":39}},"364":{"start":{"line":721,"column":6},"end":{"line":725,"column":7}},"365":{"start":{"line":722,"column":8},"end":{"line":724,"column":9}},"366":{"start":{"line":723,"column":10},"end":{"line":723,"column":43}},"367":{"start":{"line":728,"column":6},"end":{"line":735,"column":7}},"368":{"start":{"line":729,"column":27},"end":{"line":729,"column":64}},"369":{"start":{"line":730,"column":30},"end":{"line":730,"column":62}},"370":{"start":{"line":731,"column":8},"end":{"line":734,"column":9}},"371":{"start":{"line":732,"column":10},"end":{"line":732,"column":121}},"372":{"start":{"line":733,"column":10},"end":{"line":733,"column":47}},"373":{"start":{"line":737,"column":6},"end":{"line":737,"column":60}},"374":{"start":{"line":740,"column":30},"end":{"line":740,"column":46}},"375":{"start":{"line":741,"column":35},"end":{"line":741,"column":56}},"376":{"start":{"line":742,"column":43},"end":{"line":742,"column":72}},"377":{"start":{"line":743,"column":35},"end":{"line":743,"column":56}},"378":{"start":{"line":746,"column":6},"end":{"line":746,"column":41}},"379":{"start":{"line":747,"column":6},"end":{"line":747,"column":50}},"380":{"start":{"line":748,"column":6},"end":{"line":748,"column":69}},"381":{"start":{"line":749,"column":6},"end":{"line":749,"column":50}},"382":{"start":{"line":752,"column":7},"end":{"line":752,"column":65}},"383":{"start":{"line":753,"column":7},"end":{"line":753,"column":74}},"384":{"start":{"line":754,"column":7},"end":{"line":754,"column":93}},"385":{"start":{"line":755,"column":7},"end":{"line":755,"column":74}},"386":{"start":{"line":759,"column":32},"end":{"line":759,"column":52}},"387":{"start":{"line":760,"column":34},"end":{"line":760,"column":59}},"388":{"start":{"line":761,"column":40},"end":{"line":761,"column":73}},"389":{"start":{"line":762,"column":34},"end":{"line":762,"column":59}},"390":{"start":{"line":763,"column":32},"end":{"line":763,"column":121}},"391":{"start":{"line":765,"column":6},"end":{"line":767,"column":8}},"392":{"start":{"line":771,"column":4},"end":{"line":771,"column":73}},"393":{"start":{"line":775,"column":15},"end":{"line":775,"column":53}},"394":{"start":{"line":776,"column":4},"end":{"line":776,"column":84}},"395":{"start":{"line":776,"column":15},"end":{"line":776,"column":74}},"396":{"start":{"line":776,"column":75},"end":{"line":776,"column":82}},"397":{"start":{"line":777,"column":24},"end":{"line":777,"column":54}},"398":{"start":{"line":778,"column":4},"end":{"line":793,"column":5}},"399":{"start":{"line":779,"column":25},"end":{"line":782,"column":null}},"400":{"start":{"line":784,"column":6},"end":{"line":784,"column":46}},"401":{"start":{"line":784,"column":39},"end":{"line":784,"column":46}},"402":{"start":{"line":787,"column":6},"end":{"line":787,"column":53}},"403":{"start":{"line":788,"column":22},"end":{"line":788,"column":62}},"404":{"start":{"line":789,"column":30},"end":{"line":789,"column":73}},"405":{"start":{"line":790,"column":27},"end":{"line":790,"column":89}},"406":{"start":{"line":791,"column":6},"end":{"line":791,"column":56}},"407":{"start":{"line":792,"column":6},"end":{"line":792,"column":92}},"408":{"start":{"line":794,"column":21},"end":{"line":794,"column":106}},"409":{"start":{"line":797,"column":21},"end":{"line":797,"column":57}},"410":{"start":{"line":798,"column":25},"end":{"line":798,"column":65}},"411":{"start":{"line":799,"column":4},"end":{"line":816,"column":5}},"412":{"start":{"line":800,"column":23},"end":{"line":802,"column":null}},"413":{"start":{"line":804,"column":6},"end":{"line":815,"column":7}},"414":{"start":{"line":805,"column":8},"end":{"line":805,"column":32}},"415":{"start":{"line":807,"column":25},"end":{"line":807,"column":61}},"416":{"start":{"line":808,"column":29},"end":{"line":808,"column":69}},"417":{"start":{"line":809,"column":8},"end":{"line":812,"column":9}},"418":{"start":{"line":810,"column":10},"end":{"line":810,"column":102}},"419":{"start":{"line":811,"column":10},"end":{"line":811,"column":17}},"420":{"start":{"line":814,"column":8},"end":{"line":814,"column":15}},"421":{"start":{"line":818,"column":24},"end":{"line":818,"column":84}},"422":{"start":{"line":818,"column":57},"end":{"line":818,"column":83}},"423":{"start":{"line":819,"column":21},"end":{"line":819,"column":80}},"424":{"start":{"line":819,"column":53},"end":{"line":819,"column":61}},"425":{"start":{"line":819,"column":72},"end":{"line":819,"column":78}},"426":{"start":{"line":820,"column":18},"end":{"line":820,"column":83}},"427":{"start":{"line":820,"column":67},"end":{"line":820,"column":82}},"428":{"start":{"line":821,"column":27},"end":{"line":821,"column":67}},"429":{"start":{"line":824,"column":4},"end":{"line":824,"column":50}},"430":{"start":{"line":825,"column":4},"end":{"line":825,"column":92}},"431":{"start":{"line":826,"column":4},"end":{"line":826,"column":100}},"432":{"start":{"line":827,"column":4},"end":{"line":827,"column":46}},"433":{"start":{"line":828,"column":4},"end":{"line":828,"column":53}},"434":{"start":{"line":830,"column":27},"end":{"line":830,"column":56}},"435":{"start":{"line":831,"column":4},"end":{"line":834,"column":5}},"436":{"start":{"line":832,"column":6},"end":{"line":832,"column":77}},"437":{"start":{"line":833,"column":6},"end":{"line":833,"column":13}},"438":{"start":{"line":836,"column":4},"end":{"line":874,"column":7}},"439":{"start":{"line":837,"column":17},"end":{"line":837,"column":18}},"440":{"start":{"line":838,"column":20},"end":{"line":838,"column":41}},"441":{"start":{"line":839,"column":6},"end":{"line":873,"column":9}},"442":{"start":{"line":840,"column":8},"end":{"line":872,"column":9}},"443":{"start":{"line":841,"column":10},"end":{"line":841,"column":116}},"444":{"start":{"line":842,"column":22},"end":{"line":842,"column":59}},"445":{"start":{"line":843,"column":10},"end":{"line":843,"column":68}},"446":{"start":{"line":844,"column":22},"end":{"line":844,"column":65}},"447":{"start":{"line":845,"column":10},"end":{"line":845,"column":68}},"448":{"start":{"line":847,"column":10},"end":{"line":858,"column":11}},"449":{"start":{"line":848,"column":12},"end":{"line":848,"column":33}},"450":{"start":{"line":850,"column":25},"end":{"line":850,"column":43}},"451":{"start":{"line":851,"column":12},"end":{"line":854,"column":13}},"452":{"start":{"line":852,"column":14},"end":{"line":852,"column":87}},"453":{"start":{"line":853,"column":14},"end":{"line":853,"column":23}},"454":{"start":{"line":856,"column":12},"end":{"line":856,"column":119}},"455":{"start":{"line":857,"column":12},"end":{"line":857,"column":21}},"456":{"start":{"line":860,"column":30},"end":{"line":860,"column":65}},"457":{"start":{"line":861,"column":25},"end":{"line":861,"column":70}},"458":{"start":{"line":862,"column":10},"end":{"line":862,"column":80}},"459":{"start":{"line":864,"column":10},"end":{"line":871,"column":11}},"460":{"start":{"line":865,"column":12},"end":{"line":865,"column":54}},"461":{"start":{"line":866,"column":12},"end":{"line":866,"column":49}},"462":{"start":{"line":867,"column":12},"end":{"line":867,"column":105}},"463":{"start":{"line":869,"column":12},"end":{"line":869,"column":132}},"464":{"start":{"line":875,"column":22},"end":{"line":875,"column":34}},"465":{"start":{"line":876,"column":27},"end":{"line":876,"column":48}},"466":{"start":{"line":877,"column":20},"end":{"line":879,"column":60}},"467":{"start":{"line":880,"column":4},"end":{"line":886,"column":5}},"468":{"start":{"line":881,"column":6},"end":{"line":881,"column":31}},"469":{"start":{"line":882,"column":6},"end":{"line":882,"column":75}},"470":{"start":{"line":883,"column":6},"end":{"line":883,"column":30}},"471":{"start":{"line":885,"column":6},"end":{"line":885,"column":30}},"472":{"start":{"line":890,"column":15},"end":{"line":890,"column":53}},"473":{"start":{"line":891,"column":4},"end":{"line":891,"column":84}},"474":{"start":{"line":891,"column":15},"end":{"line":891,"column":74}},"475":{"start":{"line":891,"column":75},"end":{"line":891,"column":82}},"476":{"start":{"line":893,"column":24},"end":{"line":893,"column":54}},"477":{"start":{"line":894,"column":4},"end":{"line":909,"column":5}},"478":{"start":{"line":895,"column":25},"end":{"line":898,"column":null}},"479":{"start":{"line":900,"column":6},"end":{"line":900,"column":46}},"480":{"start":{"line":900,"column":39},"end":{"line":900,"column":46}},"481":{"start":{"line":903,"column":6},"end":{"line":903,"column":53}},"482":{"start":{"line":904,"column":22},"end":{"line":904,"column":62}},"483":{"start":{"line":905,"column":30},"end":{"line":905,"column":73}},"484":{"start":{"line":906,"column":27},"end":{"line":906,"column":89}},"485":{"start":{"line":907,"column":6},"end":{"line":907,"column":56}},"486":{"start":{"line":908,"column":6},"end":{"line":908,"column":92}},"487":{"start":{"line":911,"column":21},"end":{"line":911,"column":106}},"488":{"start":{"line":913,"column":24},"end":{"line":913,"column":84}},"489":{"start":{"line":913,"column":57},"end":{"line":913,"column":83}},"490":{"start":{"line":914,"column":21},"end":{"line":914,"column":80}},"491":{"start":{"line":914,"column":53},"end":{"line":914,"column":61}},"492":{"start":{"line":914,"column":72},"end":{"line":914,"column":78}},"493":{"start":{"line":915,"column":18},"end":{"line":915,"column":83}},"494":{"start":{"line":915,"column":67},"end":{"line":915,"column":82}},"495":{"start":{"line":916,"column":27},"end":{"line":916,"column":96}},"496":{"start":{"line":916,"column":80},"end":{"line":916,"column":95}},"497":{"start":{"line":918,"column":4},"end":{"line":940,"column":5}},"498":{"start":{"line":919,"column":29},"end":{"line":919,"column":60}},"499":{"start":{"line":920,"column":6},"end":{"line":938,"column":7}},"500":{"start":{"line":921,"column":33},"end":{"line":924,"column":null}},"501":{"start":{"line":926,"column":8},"end":{"line":928,"column":9}},"502":{"start":{"line":927,"column":10},"end":{"line":927,"column":45}},"503":{"start":{"line":930,"column":25},"end":{"line":933,"column":null}},"504":{"start":{"line":935,"column":8},"end":{"line":937,"column":9}},"505":{"start":{"line":936,"column":10},"end":{"line":936,"column":34}},"506":{"start":{"line":939,"column":6},"end":{"line":939,"column":13}},"507":{"start":{"line":941,"column":4},"end":{"line":960,"column":7}},"508":{"start":{"line":942,"column":17},"end":{"line":942,"column":18}},"509":{"start":{"line":943,"column":22},"end":{"line":943,"column":62}},"510":{"start":{"line":944,"column":33},"end":{"line":944,"column":62}},"511":{"start":{"line":945,"column":23},"end":{"line":948,"column":8}},"512":{"start":{"line":946,"column":20},"end":{"line":946,"column":57}},"513":{"start":{"line":947,"column":8},"end":{"line":947,"column":36}},"514":{"start":{"line":949,"column":20},"end":{"line":949,"column":35}},"515":{"start":{"line":950,"column":6},"end":{"line":959,"column":9}},"516":{"start":{"line":951,"column":8},"end":{"line":958,"column":9}},"517":{"start":{"line":952,"column":22},"end":{"line":952,"column":59}},"518":{"start":{"line":953,"column":22},"end":{"line":953,"column":65}},"519":{"start":{"line":954,"column":10},"end":{"line":954,"column":82}},"520":{"start":{"line":955,"column":10},"end":{"line":955,"column":65}},"521":{"start":{"line":956,"column":10},"end":{"line":956,"column":49}},"522":{"start":{"line":957,"column":10},"end":{"line":957,"column":47}},"523":{"start":{"line":961,"column":4},"end":{"line":967,"column":5}},"524":{"start":{"line":962,"column":6},"end":{"line":962,"column":31}},"525":{"start":{"line":963,"column":6},"end":{"line":963,"column":106}},"526":{"start":{"line":964,"column":6},"end":{"line":964,"column":30}},"527":{"start":{"line":966,"column":6},"end":{"line":966,"column":30}},"528":{"start":{"line":971,"column":4},"end":{"line":971,"column":37}},"529":{"start":{"line":971,"column":30},"end":{"line":971,"column":37}},"530":{"start":{"line":972,"column":15},"end":{"line":972,"column":53}},"531":{"start":{"line":973,"column":21},"end":{"line":973,"column":106}},"532":{"start":{"line":974,"column":4},"end":{"line":1033,"column":5}},"533":{"start":{"line":975,"column":18},"end":{"line":975,"column":54}},"534":{"start":{"line":976,"column":18},"end":{"line":976,"column":61}},"535":{"start":{"line":977,"column":6},"end":{"line":977,"column":61}},"536":{"start":{"line":980,"column":27},"end":{"line":980,"column":51}},"537":{"start":{"line":982,"column":6},"end":{"line":1001,"column":7}},"538":{"start":{"line":984,"column":8},"end":{"line":984,"column":73}},"539":{"start":{"line":987,"column":34},"end":{"line":987,"column":90}},"540":{"start":{"line":987,"column":66},"end":{"line":987,"column":70}},"541":{"start":{"line":987,"column":84},"end":{"line":987,"column":89}},"542":{"start":{"line":988,"column":8},"end":{"line":1000,"column":9}},"543":{"start":{"line":989,"column":10},"end":{"line":989,"column":110}},"544":{"start":{"line":990,"column":10},"end":{"line":997,"column":11}},"545":{"start":{"line":991,"column":12},"end":{"line":991,"column":78}},"546":{"start":{"line":991,"column":45},"end":{"line":991,"column":76}},"547":{"start":{"line":992,"column":12},"end":{"line":992,"column":81}},"548":{"start":{"line":994,"column":12},"end":{"line":994,"column":90}},"549":{"start":{"line":995,"column":12},"end":{"line":995,"column":113}},"550":{"start":{"line":996,"column":12},"end":{"line":996,"column":19}},"551":{"start":{"line":999,"column":10},"end":{"line":999,"column":79}},"552":{"start":{"line":1004,"column":6},"end":{"line":1019,"column":7}},"553":{"start":{"line":1005,"column":22},"end":{"line":1005,"column":40}},"554":{"start":{"line":1006,"column":8},"end":{"line":1006,"column":78}},"555":{"start":{"line":1008,"column":8},"end":{"line":1011,"column":9}},"556":{"start":{"line":1009,"column":10},"end":{"line":1009,"column":100}},"557":{"start":{"line":1010,"column":10},"end":{"line":1010,"column":109}},"558":{"start":{"line":1013,"column":20},"end":{"line":1013,"column":81}},"559":{"start":{"line":1014,"column":8},"end":{"line":1014,"column":70}},"560":{"start":{"line":1015,"column":8},"end":{"line":1015,"column":101}},"561":{"start":{"line":1017,"column":8},"end":{"line":1017,"column":81}},"562":{"start":{"line":1018,"column":8},"end":{"line":1018,"column":98}},"563":{"start":{"line":1022,"column":19},"end":{"line":1022,"column":136}},"564":{"start":{"line":1023,"column":6},"end":{"line":1023,"column":69}},"565":{"start":{"line":1024,"column":6},"end":{"line":1032,"column":7}},"566":{"start":{"line":1025,"column":8},"end":{"line":1025,"column":82}},"567":{"start":{"line":1025,"column":41},"end":{"line":1025,"column":80}},"568":{"start":{"line":1026,"column":20},"end":{"line":1026,"column":65}},"569":{"start":{"line":1027,"column":8},"end":{"line":1027,"column":69}},"570":{"start":{"line":1028,"column":8},"end":{"line":1028,"column":109}},"571":{"start":{"line":1030,"column":8},"end":{"line":1030,"column":92}},"572":{"start":{"line":1031,"column":8},"end":{"line":1031,"column":126}},"573":{"start":{"line":1037,"column":17},"end":{"line":1037,"column":96}},"574":{"start":{"line":1038,"column":17},"end":{"line":1038,"column":128}},"575":{"start":{"line":1038,"column":99},"end":{"line":1038,"column":125}},"576":{"start":{"line":1039,"column":4},"end":{"line":1039,"column":22}},"577":{"start":{"line":1039,"column":15},"end":{"line":1039,"column":22}},"578":{"start":{"line":1040,"column":19},"end":{"line":1040,"column":64}},"579":{"start":{"line":1041,"column":4},"end":{"line":1041,"column":55}},"580":{"start":{"line":1041,"column":37},"end":{"line":1041,"column":53}},"581":{"start":{"line":1042,"column":4},"end":{"line":1042,"column":36}},"582":{"start":{"line":1046,"column":20},"end":{"line":1046,"column":120}},"583":{"start":{"line":1047,"column":4},"end":{"line":1047,"column":37}},"584":{"start":{"line":1047,"column":30},"end":{"line":1047,"column":37}},"585":{"start":{"line":1050,"column":4},"end":{"line":1068,"column":7}},"586":{"start":{"line":1055,"column":6},"end":{"line":1055,"column":73}},"587":{"start":{"line":1056,"column":6},"end":{"line":1067,"column":7}},"588":{"start":{"line":1058,"column":22},"end":{"line":1058,"column":41}},"589":{"start":{"line":1059,"column":8},"end":{"line":1059,"column":106}},"590":{"start":{"line":1060,"column":8},"end":{"line":1060,"column":66}},"591":{"start":{"line":1060,"column":41},"end":{"line":1060,"column":64}},"592":{"start":{"line":1061,"column":8},"end":{"line":1061,"column":75}},"593":{"start":{"line":1062,"column":8},"end":{"line":1062,"column":93}},"594":{"start":{"line":1063,"column":8},"end":{"line":1063,"column":40}},"595":{"start":{"line":1065,"column":8},"end":{"line":1065,"column":73}},"596":{"start":{"line":1066,"column":8},"end":{"line":1066,"column":115}},"597":{"start":{"line":130,"column":0},"end":{"line":130,"column":13}}},"fnMap":{"0":{"name":"getWorkspaceFolder","decl":{"start":{"line":13,"column":9},"end":{"line":13,"column":27}},"loc":{"start":{"line":13,"column":27},"end":{"line":17,"column":1}}},"1":{"name":"isLocalSyncInitialized","decl":{"start":{"line":20,"column":15},"end":{"line":20,"column":37}},"loc":{"start":{"line":20,"column":37},"end":{"line":29,"column":1}}},"2":{"name":"(anonymous_2)","decl":{"start":{"line":32,"column":14},"end":{"line":32,"column":15}},"loc":{"start":{"line":32,"column":30},"end":{"line":32,"column":77}}},"3":{"name":"(anonymous_3)","decl":{"start":{"line":32,"column":42},"end":{"line":32,"column":49}},"loc":{"start":{"line":32,"column":53},"end":{"line":32,"column":76}}},"4":{"name":"ensureMpyWorkbenchDir","decl":{"start":{"line":38,"column":15},"end":{"line":38,"column":36}},"loc":{"start":{"line":38,"column":51},"end":{"line":42,"column":1}}},"5":{"name":"ensureWorkbenchIgnoreFile","decl":{"start":{"line":44,"column":15},"end":{"line":44,"column":40}},"loc":{"start":{"line":44,"column":55},"end":{"line":53,"column":1}}},"6":{"name":"buildDefaultMpyIgnoreContent","decl":{"start":{"line":55,"column":9},"end":{"line":55,"column":37}},"loc":{"start":{"line":55,"column":37},"end":{"line":117,"column":1}}},"7":{"name":"toLocalRelative","decl":{"start":{"line":120,"column":9},"end":{"line":120,"column":24}},"loc":{"start":{"line":120,"column":61},"end":{"line":127,"column":1}}},"8":{"name":"(anonymous_8)","decl":{"start":{"line":134,"column":2},"end":{"line":134,"column":14}},"loc":{"start":{"line":134,"column":61},"end":{"line":137,"column":3}}},"9":{"name":"(anonymous_9)","decl":{"start":{"line":140,"column":10},"end":{"line":140,"column":15}},"loc":{"start":{"line":140,"column":55},"end":{"line":154,"column":3}}},"10":{"name":"(anonymous_10)","decl":{"start":{"line":156,"column":2},"end":{"line":156,"column":7}},"loc":{"start":{"line":156,"column":20},"end":{"line":434,"column":3}}},"11":{"name":"(anonymous_11)","decl":{"start":{"line":187,"column":9},"end":{"line":187,"column":14}},"loc":{"start":{"line":187,"column":35},"end":{"line":420,"column":7}}},"12":{"name":"(anonymous_12)","decl":{"start":{"line":198,"column":35},"end":{"line":198,"column":40}},"loc":{"start":{"line":198,"column":46},"end":{"line":419,"column":9}}},"13":{"name":"(anonymous_13)","decl":{"start":{"line":219,"column":68},"end":{"line":219,"column":69}},"loc":{"start":{"line":219,"column":77},"end":{"line":223,"column":11}}},"14":{"name":"(anonymous_14)","decl":{"start":{"line":220,"column":47},"end":{"line":220,"column":48}},"loc":{"start":{"line":220,"column":52},"end":{"line":220,"column":53}}},"15":{"name":"(anonymous_15)","decl":{"start":{"line":221,"column":47},"end":{"line":221,"column":48}},"loc":{"start":{"line":221,"column":52},"end":{"line":221,"column":53}}},"16":{"name":"(anonymous_16)","decl":{"start":{"line":255,"column":36},"end":{"line":255,"column":43}},"loc":{"start":{"line":255,"column":47},"end":{"line":255,"column":71}}},"17":{"name":"(anonymous_17)","decl":{"start":{"line":436,"column":2},"end":{"line":436,"column":7}},"loc":{"start":{"line":436,"column":29},"end":{"line":466,"column":3}}},"18":{"name":"(anonymous_18)","decl":{"start":{"line":440,"column":51},"end":{"line":440,"column":54}},"loc":{"start":{"line":440,"column":57},"end":{"line":440,"column":83}}},"19":{"name":"(anonymous_19)","decl":{"start":{"line":443,"column":14},"end":{"line":443,"column":18}},"loc":{"start":{"line":443,"column":22},"end":{"line":443,"column":33}}},"20":{"name":"(anonymous_20)","decl":{"start":{"line":444,"column":14},"end":{"line":444,"column":18}},"loc":{"start":{"line":444,"column":21},"end":{"line":447,"column":7}}},"21":{"name":"(anonymous_21)","decl":{"start":{"line":448,"column":157},"end":{"line":448,"column":162}},"loc":{"start":{"line":448,"column":176},"end":{"line":461,"column":5}}},"22":{"name":"(anonymous_22)","decl":{"start":{"line":451,"column":33},"end":{"line":451,"column":38}},"loc":{"start":{"line":451,"column":44},"end":{"line":460,"column":7}}},"23":{"name":"(anonymous_23)","decl":{"start":{"line":468,"column":10},"end":{"line":468,"column":15}},"loc":{"start":{"line":468,"column":55},"end":{"line":572,"column":3}}},"24":{"name":"(anonymous_24)","decl":{"start":{"line":483,"column":45},"end":{"line":483,"column":46}},"loc":{"start":{"line":483,"column":50},"end":{"line":483,"column":58}}},"25":{"name":"(anonymous_25)","decl":{"start":{"line":486,"column":53},"end":{"line":486,"column":54}},"loc":{"start":{"line":486,"column":57},"end":{"line":490,"column":7}}},"26":{"name":"(anonymous_26)","decl":{"start":{"line":492,"column":60},"end":{"line":492,"column":61}},"loc":{"start":{"line":492,"column":65},"end":{"line":492,"column":106}}},"27":{"name":"(anonymous_27)","decl":{"start":{"line":560,"column":61},"end":{"line":560,"column":62}},"loc":{"start":{"line":560,"column":66},"end":{"line":560,"column":89}}},"28":{"name":"(anonymous_28)","decl":{"start":{"line":561,"column":63},"end":{"line":561,"column":64}},"loc":{"start":{"line":561,"column":68},"end":{"line":561,"column":91}}},"29":{"name":"(anonymous_29)","decl":{"start":{"line":562,"column":63},"end":{"line":562,"column":64}},"loc":{"start":{"line":562,"column":68},"end":{"line":562,"column":91}}},"30":{"name":"(anonymous_30)","decl":{"start":{"line":574,"column":10},"end":{"line":574,"column":23}},"loc":{"start":{"line":574,"column":60},"end":{"line":580,"column":3}}},"31":{"name":"(anonymous_31)","decl":{"start":{"line":582,"column":10},"end":{"line":582,"column":22}},"loc":{"start":{"line":582,"column":57},"end":{"line":595,"column":3}}},"32":{"name":"(anonymous_32)","decl":{"start":{"line":597,"column":2},"end":{"line":597,"column":7}},"loc":{"start":{"line":597,"column":18},"end":{"line":772,"column":3}}},"33":{"name":"(anonymous_33)","decl":{"start":{"line":602,"column":7},"end":{"line":602,"column":12}},"loc":{"start":{"line":602,"column":26},"end":{"line":768,"column":5}}},"34":{"name":"collectLocalDirs","decl":{"start":{"line":640,"column":21},"end":{"line":640,"column":37}},"loc":{"start":{"line":640,"column":63},"end":{"line":650,"column":7}}},"35":{"name":"(anonymous_35)","decl":{"start":{"line":690,"column":32},"end":{"line":690,"column":36}},"loc":{"start":{"line":690,"column":39},"end":{"line":692,"column":11}}},"36":{"name":"(anonymous_36)","decl":{"start":{"line":692,"column":19},"end":{"line":692,"column":22}},"loc":{"start":{"line":692,"column":24},"end":{"line":695,"column":11}}},"37":{"name":"(anonymous_37)","decl":{"start":{"line":774,"column":2},"end":{"line":774,"column":7}},"loc":{"start":{"line":774,"column":54},"end":{"line":887,"column":3}}},"38":{"name":"(anonymous_38)","decl":{"start":{"line":818,"column":51},"end":{"line":818,"column":54}},"loc":{"start":{"line":818,"column":57},"end":{"line":818,"column":83}}},"39":{"name":"(anonymous_39)","decl":{"start":{"line":819,"column":48},"end":{"line":819,"column":49}},"loc":{"start":{"line":819,"column":53},"end":{"line":819,"column":61}}},"40":{"name":"(anonymous_40)","decl":{"start":{"line":819,"column":67},"end":{"line":819,"column":68}},"loc":{"start":{"line":819,"column":72},"end":{"line":819,"column":78}}},"41":{"name":"(anonymous_41)","decl":{"start":{"line":820,"column":62},"end":{"line":820,"column":63}},"loc":{"start":{"line":820,"column":67},"end":{"line":820,"column":82}}},"42":{"name":"(anonymous_42)","decl":{"start":{"line":836,"column":151},"end":{"line":836,"column":156}},"loc":{"start":{"line":836,"column":170},"end":{"line":874,"column":5}}},"43":{"name":"(anonymous_43)","decl":{"start":{"line":839,"column":33},"end":{"line":839,"column":38}},"loc":{"start":{"line":839,"column":44},"end":{"line":873,"column":7}}},"44":{"name":"(anonymous_44)","decl":{"start":{"line":889,"column":2},"end":{"line":889,"column":7}},"loc":{"start":{"line":889,"column":54},"end":{"line":968,"column":3}}},"45":{"name":"(anonymous_45)","decl":{"start":{"line":913,"column":51},"end":{"line":913,"column":54}},"loc":{"start":{"line":913,"column":57},"end":{"line":913,"column":83}}},"46":{"name":"(anonymous_46)","decl":{"start":{"line":914,"column":48},"end":{"line":914,"column":49}},"loc":{"start":{"line":914,"column":53},"end":{"line":914,"column":61}}},"47":{"name":"(anonymous_47)","decl":{"start":{"line":914,"column":67},"end":{"line":914,"column":68}},"loc":{"start":{"line":914,"column":72},"end":{"line":914,"column":78}}},"48":{"name":"(anonymous_48)","decl":{"start":{"line":915,"column":62},"end":{"line":915,"column":63}},"loc":{"start":{"line":915,"column":67},"end":{"line":915,"column":82}}},"49":{"name":"(anonymous_49)","decl":{"start":{"line":916,"column":75},"end":{"line":916,"column":76}},"loc":{"start":{"line":916,"column":80},"end":{"line":916,"column":95}}},"50":{"name":"(anonymous_50)","decl":{"start":{"line":941,"column":158},"end":{"line":941,"column":163}},"loc":{"start":{"line":941,"column":177},"end":{"line":960,"column":5}}},"51":{"name":"(anonymous_51)","decl":{"start":{"line":945,"column":49},"end":{"line":945,"column":59}},"loc":{"start":{"line":945,"column":62},"end":{"line":948,"column":7}}},"52":{"name":"(anonymous_52)","decl":{"start":{"line":950,"column":33},"end":{"line":950,"column":38}},"loc":{"start":{"line":950,"column":44},"end":{"line":959,"column":7}}},"53":{"name":"(anonymous_53)","decl":{"start":{"line":970,"column":2},"end":{"line":970,"column":7}},"loc":{"start":{"line":970,"column":32},"end":{"line":1034,"column":3}}},"54":{"name":"(anonymous_54)","decl":{"start":{"line":987,"column":60},"end":{"line":987,"column":63}},"loc":{"start":{"line":987,"column":66},"end":{"line":987,"column":70}}},"55":{"name":"(anonymous_55)","decl":{"start":{"line":987,"column":78},"end":{"line":987,"column":81}},"loc":{"start":{"line":987,"column":84},"end":{"line":987,"column":89}}},"56":{"name":"(anonymous_56)","decl":{"start":{"line":991,"column":39},"end":{"line":991,"column":42}},"loc":{"start":{"line":991,"column":45},"end":{"line":991,"column":76}}},"57":{"name":"(anonymous_57)","decl":{"start":{"line":1025,"column":35},"end":{"line":1025,"column":38}},"loc":{"start":{"line":1025,"column":41},"end":{"line":1025,"column":80}}},"58":{"name":"(anonymous_58)","decl":{"start":{"line":1036,"column":2},"end":{"line":1036,"column":7}},"loc":{"start":{"line":1036,"column":30},"end":{"line":1043,"column":3}}},"59":{"name":"(anonymous_59)","decl":{"start":{"line":1038,"column":94},"end":{"line":1038,"column":95}},"loc":{"start":{"line":1038,"column":99},"end":{"line":1038,"column":125}}},"60":{"name":"(anonymous_60)","decl":{"start":{"line":1041,"column":31},"end":{"line":1041,"column":34}},"loc":{"start":{"line":1041,"column":37},"end":{"line":1041,"column":53}}},"61":{"name":"(anonymous_61)","decl":{"start":{"line":1045,"column":2},"end":{"line":1045,"column":7}},"loc":{"start":{"line":1045,"column":30},"end":{"line":1069,"column":3}}},"62":{"name":"(anonymous_62)","decl":{"start":{"line":1054,"column":7},"end":{"line":1054,"column":12}},"loc":{"start":{"line":1054,"column":33},"end":{"line":1068,"column":5}}},"63":{"name":"(anonymous_63)","decl":{"start":{"line":1060,"column":35},"end":{"line":1060,"column":38}},"loc":{"start":{"line":1060,"column":41},"end":{"line":1060,"column":64}}}},"branchMap":{"0":{"loc":{"start":{"line":15,"column":2},"end":{"line":15,"column":55}},"type":"if","locations":[{"start":{"line":15,"column":2},"end":{"line":15,"column":55}},{"start":{},"end":{}}]},"1":{"loc":{"start":{"line":121,"column":19},"end":{"line":121,"column":71}},"type":"cond-expr","locations":[{"start":{"line":121,"column":38},"end":{"line":121,"column":41}},{"start":{"line":121,"column":44},"end":{"line":121,"column":71}}]},"2":{"loc":{"start":{"line":122,"column":2},"end":{"line":122,"column":61}},"type":"if","locations":[{"start":{"line":122,"column":2},"end":{"line":122,"column":61}},{"start":{},"end":{}}]},"3":{"loc":{"start":{"line":123,"column":2},"end":{"line":123,"column":90}},"type":"if","locations":[{"start":{"line":123,"column":2},"end":{"line":123,"column":90}},{"start":{},"end":{}}]},"4":{"loc":{"start":{"line":124,"column":2},"end":{"line":124,"column":41}},"type":"if","locations":[{"start":{"line":124,"column":2},"end":{"line":124,"column":41}},{"start":{},"end":{}}]},"5":{"loc":{"start":{"line":143,"column":4},"end":{"line":146,"column":5}},"type":"if","locations":[{"start":{"line":143,"column":4},"end":{"line":146,"column":5}},{"start":{},"end":{}}]},"6":{"loc":{"start":{"line":160,"column":6},"end":{"line":160,"column":86}},"type":"if","locations":[{"start":{"line":160,"column":6},"end":{"line":160,"column":86}},{"start":{},"end":{}}]},"7":{"loc":{"start":{"line":162,"column":6},"end":{"line":176,"column":7}},"type":"if","locations":[{"start":{"line":162,"column":6},"end":{"line":176,"column":7}},{"start":{},"end":{}}]},"8":{"loc":{"start":{"line":168,"column":8},"end":{"line":168,"column":48}},"type":"if","locations":[{"start":{"line":168,"column":8},"end":{"line":168,"column":48}},{"start":{},"end":{}}]},"9":{"loc":{"start":{"line":191,"column":8},"end":{"line":194,"column":9}},"type":"if","locations":[{"start":{"line":191,"column":8},"end":{"line":194,"column":9}},{"start":{},"end":{}}]},"10":{"loc":{"start":{"line":208,"column":12},"end":{"line":215,"column":13}},"type":"if","locations":[{"start":{"line":208,"column":12},"end":{"line":215,"column":13}},{"start":{},"end":{}}]},"11":{"loc":{"start":{"line":208,"column":16},"end":{"line":208,"column":59}},"type":"binary-expr","locations":[{"start":{"line":208,"column":16},"end":{"line":208,"column":33}},{"start":{"line":208,"column":37},"end":{"line":208,"column":59}}]},"12":{"loc":{"start":{"line":211,"column":21},"end":{"line":211,"column":66}},"type":"binary-expr","locations":[{"start":{"line":211,"column":21},"end":{"line":211,"column":44}},{"start":{"line":211,"column":48},"end":{"line":211,"column":66}}]},"13":{"loc":{"start":{"line":238,"column":19},"end":{"line":238,"column":53}},"type":"binary-expr","locations":[{"start":{"line":238,"column":19},"end":{"line":238,"column":27}},{"start":{"line":238,"column":31},"end":{"line":238,"column":53}}]},"14":{"loc":{"start":{"line":250,"column":16},"end":{"line":256,"column":17}},"type":"if","locations":[{"start":{"line":250,"column":16},"end":{"line":256,"column":17}},{"start":{"line":253,"column":23},"end":{"line":256,"column":17}}]},"15":{"loc":{"start":{"line":263,"column":10},"end":{"line":265,"column":11}},"type":"if","locations":[{"start":{"line":263,"column":10},"end":{"line":265,"column":11}},{"start":{},"end":{}}]},"16":{"loc":{"start":{"line":275,"column":14},"end":{"line":281,"column":15}},"type":"if","locations":[{"start":{"line":275,"column":14},"end":{"line":281,"column":15}},{"start":{"line":279,"column":21},"end":{"line":281,"column":15}}]},"17":{"loc":{"start":{"line":289,"column":10},"end":{"line":326,"column":11}},"type":"if","locations":[{"start":{"line":289,"column":10},"end":{"line":326,"column":11}},{"start":{},"end":{}}]},"18":{"loc":{"start":{"line":311,"column":16},"end":{"line":313,"column":17}},"type":"if","locations":[{"start":{"line":311,"column":16},"end":{"line":313,"column":17}},{"start":{},"end":{}}]},"19":{"loc":{"start":{"line":320,"column":12},"end":{"line":323,"column":13}},"type":"if","locations":[{"start":{"line":320,"column":12},"end":{"line":323,"column":13}},{"start":{},"end":{}}]},"20":{"loc":{"start":{"line":354,"column":10},"end":{"line":362,"column":11}},"type":"if","locations":[{"start":{"line":354,"column":10},"end":{"line":362,"column":11}},{"start":{},"end":{}}]},"21":{"loc":{"start":{"line":356,"column":12},"end":{"line":358,"column":13}},"type":"if","locations":[{"start":{"line":356,"column":12},"end":{"line":358,"column":13}},{"start":{},"end":{}}]},"22":{"loc":{"start":{"line":414,"column":10},"end":{"line":416,"column":11}},"type":"if","locations":[{"start":{"line":414,"column":10},"end":{"line":416,"column":11}},{"start":{},"end":{}}]},"23":{"loc":{"start":{"line":432,"column":55},"end":{"line":432,"column":86}},"type":"binary-expr","locations":[{"start":{"line":432,"column":55},"end":{"line":432,"column":69}},{"start":{"line":432,"column":73},"end":{"line":432,"column":86}}]},"24":{"loc":{"start":{"line":438,"column":4},"end":{"line":438,"column":84}},"type":"if","locations":[{"start":{"line":438,"column":4},"end":{"line":438,"column":84}},{"start":{},"end":{}}]},"25":{"loc":{"start":{"line":470,"column":4},"end":{"line":470,"column":20}},"type":"if","locations":[{"start":{"line":470,"column":4},"end":{"line":470,"column":20}},{"start":{},"end":{}}]},"26":{"loc":{"start":{"line":512,"column":8},"end":{"line":533,"column":9}},"type":"if","locations":[{"start":{"line":512,"column":8},"end":{"line":533,"column":9}},{"start":{"line":522,"column":15},"end":{"line":533,"column":9}}]},"27":{"loc":{"start":{"line":538,"column":8},"end":{"line":548,"column":9}},"type":"if","locations":[{"start":{"line":538,"column":8},"end":{"line":548,"column":9}},{"start":{},"end":{}}]},"28":{"loc":{"start":{"line":575,"column":21},"end":{"line":575,"column":73}},"type":"cond-expr","locations":[{"start":{"line":575,"column":40},"end":{"line":575,"column":43}},{"start":{"line":575,"column":46},"end":{"line":575,"column":73}}]},"29":{"loc":{"start":{"line":576,"column":4},"end":{"line":576,"column":63}},"type":"if","locations":[{"start":{"line":576,"column":4},"end":{"line":576,"column":63}},{"start":{},"end":{}}]},"30":{"loc":{"start":{"line":577,"column":4},"end":{"line":577,"column":92}},"type":"if","locations":[{"start":{"line":577,"column":4},"end":{"line":577,"column":92}},{"start":{},"end":{}}]},"31":{"loc":{"start":{"line":578,"column":4},"end":{"line":578,"column":43}},"type":"if","locations":[{"start":{"line":578,"column":4},"end":{"line":578,"column":43}},{"start":{},"end":{}}]},"32":{"loc":{"start":{"line":586,"column":4},"end":{"line":588,"column":5}},"type":"if","locations":[{"start":{"line":586,"column":4},"end":{"line":588,"column":5}},{"start":{},"end":{}}]},"33":{"loc":{"start":{"line":590,"column":4},"end":{"line":592,"column":5}},"type":"if","locations":[{"start":{"line":590,"column":4},"end":{"line":592,"column":5}},{"start":{},"end":{}}]},"34":{"loc":{"start":{"line":604,"column":6},"end":{"line":607,"column":7}},"type":"if","locations":[{"start":{"line":604,"column":6},"end":{"line":607,"column":7}},{"start":{},"end":{}}]},"35":{"loc":{"start":{"line":614,"column":6},"end":{"line":629,"column":7}},"type":"if","locations":[{"start":{"line":614,"column":6},"end":{"line":629,"column":7}},{"start":{},"end":{}}]},"36":{"loc":{"start":{"line":620,"column":8},"end":{"line":620,"column":48}},"type":"if","locations":[{"start":{"line":620,"column":8},"end":{"line":620,"column":48}},{"start":{},"end":{}}]},"37":{"loc":{"start":{"line":640,"column":51},"end":{"line":640,"column":63}},"type":"default-arg","locations":[{"start":{"line":640,"column":61},"end":{"line":640,"column":63}}]},"38":{"loc":{"start":{"line":643,"column":10},"end":{"line":643,"column":41}},"type":"if","locations":[{"start":{"line":643,"column":10},"end":{"line":643,"column":41}},{"start":{},"end":{}}]},"39":{"loc":{"start":{"line":646,"column":10},"end":{"line":646,"column":43}},"type":"if","locations":[{"start":{"line":646,"column":10},"end":{"line":646,"column":43}},{"start":{},"end":{}}]},"40":{"loc":{"start":{"line":664,"column":8},"end":{"line":666,"column":9}},"type":"if","locations":[{"start":{"line":664,"column":8},"end":{"line":666,"column":9}},{"start":{},"end":{}}]},"41":{"loc":{"start":{"line":705,"column":26},"end":{"line":705,"column":60}},"type":"binary-expr","locations":[{"start":{"line":705,"column":26},"end":{"line":705,"column":54}},{"start":{"line":705,"column":58},"end":{"line":705,"column":60}}]},"42":{"loc":{"start":{"line":707,"column":8},"end":{"line":717,"column":9}},"type":"if","locations":[{"start":{"line":707,"column":8},"end":{"line":717,"column":9}},{"start":{"line":712,"column":15},"end":{"line":717,"column":9}}]},"43":{"loc":{"start":{"line":709,"column":10},"end":{"line":711,"column":11}},"type":"if","locations":[{"start":{"line":709,"column":10},"end":{"line":711,"column":11}},{"start":{},"end":{}}]},"44":{"loc":{"start":{"line":722,"column":8},"end":{"line":724,"column":9}},"type":"if","locations":[{"start":{"line":722,"column":8},"end":{"line":724,"column":9}},{"start":{},"end":{}}]},"45":{"loc":{"start":{"line":731,"column":8},"end":{"line":734,"column":9}},"type":"if","locations":[{"start":{"line":731,"column":8},"end":{"line":734,"column":9}},{"start":{},"end":{}}]},"46":{"loc":{"start":{"line":774,"column":30},"end":{"line":774,"column":54}},"type":"default-arg","locations":[{"start":{"line":774,"column":49},"end":{"line":774,"column":54}}]},"47":{"loc":{"start":{"line":776,"column":4},"end":{"line":776,"column":84}},"type":"if","locations":[{"start":{"line":776,"column":4},"end":{"line":776,"column":84}},{"start":{},"end":{}}]},"48":{"loc":{"start":{"line":778,"column":4},"end":{"line":793,"column":5}},"type":"if","locations":[{"start":{"line":778,"column":4},"end":{"line":793,"column":5}},{"start":{},"end":{}}]},"49":{"loc":{"start":{"line":784,"column":6},"end":{"line":784,"column":46}},"type":"if","locations":[{"start":{"line":784,"column":6},"end":{"line":784,"column":46}},{"start":{},"end":{}}]},"50":{"loc":{"start":{"line":799,"column":4},"end":{"line":816,"column":5}},"type":"if","locations":[{"start":{"line":799,"column":4},"end":{"line":816,"column":5}},{"start":{},"end":{}}]},"51":{"loc":{"start":{"line":799,"column":8},"end":{"line":799,"column":58}},"type":"binary-expr","locations":[{"start":{"line":799,"column":8},"end":{"line":799,"column":29}},{"start":{"line":799,"column":33},"end":{"line":799,"column":58}}]},"52":{"loc":{"start":{"line":804,"column":6},"end":{"line":815,"column":7}},"type":"if","locations":[{"start":{"line":804,"column":6},"end":{"line":815,"column":7}},{"start":{"line":813,"column":13},"end":{"line":815,"column":7}}]},"53":{"loc":{"start":{"line":809,"column":8},"end":{"line":812,"column":9}},"type":"if","locations":[{"start":{"line":809,"column":8},"end":{"line":812,"column":9}},{"start":{},"end":{}}]},"54":{"loc":{"start":{"line":809,"column":12},"end":{"line":809,"column":62}},"type":"binary-expr","locations":[{"start":{"line":809,"column":12},"end":{"line":809,"column":33}},{"start":{"line":809,"column":37},"end":{"line":809,"column":62}}]},"55":{"loc":{"start":{"line":831,"column":4},"end":{"line":834,"column":5}},"type":"if","locations":[{"start":{"line":831,"column":4},"end":{"line":834,"column":5}},{"start":{},"end":{}}]},"56":{"loc":{"start":{"line":851,"column":12},"end":{"line":854,"column":13}},"type":"if","locations":[{"start":{"line":851,"column":12},"end":{"line":854,"column":13}},{"start":{},"end":{}}]},"57":{"loc":{"start":{"line":861,"column":25},"end":{"line":861,"column":70}},"type":"cond-expr","locations":[{"start":{"line":861,"column":39},"end":{"line":861,"column":56}},{"start":{"line":861,"column":59},"end":{"line":861,"column":70}}]},"58":{"loc":{"start":{"line":877,"column":20},"end":{"line":879,"column":60}},"type":"cond-expr","locations":[{"start":{"line":878,"column":8},"end":{"line":878,"column":87}},{"start":{"line":879,"column":8},"end":{"line":879,"column":60}}]},"59":{"loc":{"start":{"line":880,"column":4},"end":{"line":886,"column":5}},"type":"if","locations":[{"start":{"line":880,"column":4},"end":{"line":886,"column":5}},{"start":{"line":884,"column":11},"end":{"line":886,"column":5}}]},"60":{"loc":{"start":{"line":889,"column":30},"end":{"line":889,"column":54}},"type":"default-arg","locations":[{"start":{"line":889,"column":49},"end":{"line":889,"column":54}}]},"61":{"loc":{"start":{"line":891,"column":4},"end":{"line":891,"column":84}},"type":"if","locations":[{"start":{"line":891,"column":4},"end":{"line":891,"column":84}},{"start":{},"end":{}}]},"62":{"loc":{"start":{"line":894,"column":4},"end":{"line":909,"column":5}},"type":"if","locations":[{"start":{"line":894,"column":4},"end":{"line":909,"column":5}},{"start":{},"end":{}}]},"63":{"loc":{"start":{"line":900,"column":6},"end":{"line":900,"column":46}},"type":"if","locations":[{"start":{"line":900,"column":6},"end":{"line":900,"column":46}},{"start":{},"end":{}}]},"64":{"loc":{"start":{"line":918,"column":4},"end":{"line":940,"column":5}},"type":"if","locations":[{"start":{"line":918,"column":4},"end":{"line":940,"column":5}},{"start":{},"end":{}}]},"65":{"loc":{"start":{"line":918,"column":8},"end":{"line":918,"column":57}},"type":"binary-expr","locations":[{"start":{"line":918,"column":8},"end":{"line":918,"column":26}},{"start":{"line":918,"column":30},"end":{"line":918,"column":57}}]},"66":{"loc":{"start":{"line":920,"column":6},"end":{"line":938,"column":7}},"type":"if","locations":[{"start":{"line":920,"column":6},"end":{"line":938,"column":7}},{"start":{"line":929,"column":13},"end":{"line":938,"column":7}}]},"67":{"loc":{"start":{"line":926,"column":8},"end":{"line":928,"column":9}},"type":"if","locations":[{"start":{"line":926,"column":8},"end":{"line":928,"column":9}},{"start":{},"end":{}}]},"68":{"loc":{"start":{"line":935,"column":8},"end":{"line":937,"column":9}},"type":"if","locations":[{"start":{"line":935,"column":8},"end":{"line":937,"column":9}},{"start":{},"end":{}}]},"69":{"loc":{"start":{"line":961,"column":4},"end":{"line":967,"column":5}},"type":"if","locations":[{"start":{"line":961,"column":4},"end":{"line":967,"column":5}},{"start":{"line":965,"column":11},"end":{"line":967,"column":5}}]},"70":{"loc":{"start":{"line":971,"column":4},"end":{"line":971,"column":37}},"type":"if","locations":[{"start":{"line":971,"column":4},"end":{"line":971,"column":37}},{"start":{},"end":{}}]},"71":{"loc":{"start":{"line":974,"column":4},"end":{"line":1033,"column":5}},"type":"if","locations":[{"start":{"line":974,"column":4},"end":{"line":1033,"column":5}},{"start":{"line":1020,"column":11},"end":{"line":1033,"column":5}}]},"72":{"loc":{"start":{"line":982,"column":6},"end":{"line":1001,"column":7}},"type":"if","locations":[{"start":{"line":982,"column":6},"end":{"line":1001,"column":7}},{"start":{"line":985,"column":13},"end":{"line":1001,"column":7}}]},"73":{"loc":{"start":{"line":988,"column":8},"end":{"line":1000,"column":9}},"type":"if","locations":[{"start":{"line":988,"column":8},"end":{"line":1000,"column":9}},{"start":{"line":998,"column":15},"end":{"line":1000,"column":9}}]},"74":{"loc":{"start":{"line":995,"column":78},"end":{"line":995,"column":109}},"type":"binary-expr","locations":[{"start":{"line":995,"column":78},"end":{"line":995,"column":96}},{"start":{"line":995,"column":100},"end":{"line":995,"column":109}}]},"75":{"loc":{"start":{"line":1008,"column":8},"end":{"line":1011,"column":9}},"type":"if","locations":[{"start":{"line":1008,"column":8},"end":{"line":1011,"column":9}},{"start":{},"end":{}}]},"76":{"loc":{"start":{"line":1018,"column":63},"end":{"line":1018,"column":94}},"type":"binary-expr","locations":[{"start":{"line":1018,"column":63},"end":{"line":1018,"column":81}},{"start":{"line":1018,"column":85},"end":{"line":1018,"column":94}}]},"77":{"loc":{"start":{"line":1031,"column":91},"end":{"line":1031,"column":122}},"type":"binary-expr","locations":[{"start":{"line":1031,"column":91},"end":{"line":1031,"column":109}},{"start":{"line":1031,"column":113},"end":{"line":1031,"column":122}}]},"78":{"loc":{"start":{"line":1037,"column":17},"end":{"line":1037,"column":96}},"type":"cond-expr","locations":[{"start":{"line":1037,"column":40},"end":{"line":1037,"column":49}},{"start":{"line":1037,"column":53},"end":{"line":1037,"column":95}}]},"79":{"loc":{"start":{"line":1037,"column":53},"end":{"line":1037,"column":95}},"type":"cond-expr","locations":[{"start":{"line":1037,"column":60},"end":{"line":1037,"column":89}},{"start":{"line":1037,"column":92},"end":{"line":1037,"column":95}}]},"80":{"loc":{"start":{"line":1038,"column":99},"end":{"line":1038,"column":125}},"type":"cond-expr","locations":[{"start":{"line":1038,"column":103},"end":{"line":1038,"column":112}},{"start":{"line":1038,"column":115},"end":{"line":1038,"column":125}}]},"81":{"loc":{"start":{"line":1039,"column":4},"end":{"line":1039,"column":22}},"type":"if","locations":[{"start":{"line":1039,"column":4},"end":{"line":1039,"column":22}},{"start":{},"end":{}}]},"82":{"loc":{"start":{"line":1040,"column":19},"end":{"line":1040,"column":64}},"type":"cond-expr","locations":[{"start":{"line":1040,"column":34},"end":{"line":1040,"column":44}},{"start":{"line":1040,"column":47},"end":{"line":1040,"column":64}}]},"83":{"loc":{"start":{"line":1047,"column":4},"end":{"line":1047,"column":37}},"type":"if","locations":[{"start":{"line":1047,"column":4},"end":{"line":1047,"column":37}},{"start":{},"end":{}}]},"84":{"loc":{"start":{"line":1059,"column":50},"end":{"line":1059,"column":102}},"type":"cond-expr","locations":[{"start":{"line":1059,"column":58},"end":{"line":1059,"column":81}},{"start":{"line":1059,"column":84},"end":{"line":1059,"column":102}}]},"85":{"loc":{"start":{"line":1066,"column":84},"end":{"line":1066,"column":111}},"type":"binary-expr","locations":[{"start":{"line":1066,"column":84},"end":{"line":1066,"column":96}},{"start":{"line":1066,"column":100},"end":{"line":1066,"column":111}}]}},"s":{"0":0,"1":0,"2":0,"3":0,"4":0,"5":0,"6":0,"7":0,"8":0,"9":0,"10":0,"11":0,"12":0,"13":0,"14":0,"15":0,"16":0,"17":0,"18":0,"19":0,"20":0,"21":0,"22":0,"23":0,"24":0,"25":0,"26":0,"27":0,"28":0,"29":0,"30":0,"31":0,"32":0,"33":0,"34":0,"35":0,"36":0,"37":0,"38":0,"39":0,"40":0,"41":0,"42":0,"43":0,"44":0,"45":0,"46":0,"47":0,"48":0,"49":0,"50":0,"51":0,"52":0,"53":0,"54":0,"55":0,"56":0,"57":0,"58":0,"59":0,"60":0,"61":0,"62":0,"63":0,"64":0,"65":0,"66":0,"67":0,"68":0,"69":0,"70":0,"71":0,"72":0,"73":0,"74":0,"75":0,"76":0,"77":0,"78":0,"79":0,"80":0,"81":0,"82":0,"83":0,"84":0,"85":0,"86":0,"87":0,"88":0,"89":0,"90":0,"91":0,"92":0,"93":0,"94":0,"95":0,"96":0,"97":0,"98":0,"99":0,"100":0,"101":0,"102":0,"103":0,"104":0,"105":0,"106":0,"107":0,"108":0,"109":0,"110":0,"111":0,"112":0,"113":0,"114":0,"115":0,"116":0,"117":0,"118":0,"119":0,"120":0,"121":0,"122":0,"123":0,"124":0,"125":0,"126":0,"127":0,"128":0,"129":0,"130":0,"131":0,"132":0,"133":0,"134":0,"135":0,"136":0,"137":0,"138":0,"139":0,"140":0,"141":0,"142":0,"143":0,"144":0,"145":0,"146":0,"147":0,"148":0,"149":0,"150":0,"151":0,"152":0,"153":0,"154":0,"155":0,"156":0,"157":0,"158":0,"159":0,"160":0,"161":0,"162":0,"163":0,"164":0,"165":0,"166":0,"167":0,"168":0,"169":0,"170":0,"171":0,"172":0,"173":0,"174":0,"175":0,"176":0,"177":0,"178":0,"179":0,"180":0,"181":0,"182":0,"183":0,"184":0,"185":0,"186":0,"187":0,"188":0,"189":0,"190":0,"191":0,"192":0,"193":0,"194":0,"195":0,"196":0,"197":0,"198":0,"199":0,"200":0,"201":0,"202":0,"203":0,"204":0,"205":0,"206":0,"207":0,"2
[...]
,"column":36}},"loc":{"start":{"line":22,"column":51},"end":{"line":25,"column":1}}},"3":{"name":"ensureWorkbenchIgnoreFile","decl":{"start":{"line":28,"column":15},"end":{"line":28,"column":40}},"loc":{"start":{"line":28,"column":55},"end":{"line":35,"column":1}}},"4":{"name":"isLocalSyncInitialized","decl":{"start":{"line":38,"column":15},"end":{"line":38,"column":37}},"loc":{"start":{"line":38,"column":37},"end":{"line":47,"column":1}}},"5":{"name":"toLocalRelative","decl":{"start":{"line":50,"column":9},"end":{"line":50,"column":24}},"loc":{"start":{"line":50,"column":61},"end":{"line":53,"column":1}}},"6":{"name":"(anonymous_6)","decl":{"start":{"line":57,"column":16},"end":{"line":57,"column":21}},"loc":{"start":{"line":57,"column":27},"end":{"line":179,"column":3}}},"7":{"name":"(anonymous_7)","decl":{"start":{"line":112,"column":9},"end":{"line":112,"column":14}},"loc":{"start":{"line":112,"column":28},"end":{"line":167,"column":7}}},"8":{"name":"(anonymous_8)","decl":{"start":{"line":123,"column":30},"end":{"line":123,"column":35}},"loc":{"start":{"line":123,"column":41},"end":{"line":166,"column":9}}},"9":{"name":"(anonymous_9)","decl":{"start":{"line":144,"column":68},"end":{"line":144,"column":69}},"loc":{"start":{"line":144,"column":78},"end":{"line":144,"column":119}}},"10":{"name":"(anonymous_10)","decl":{"start":{"line":181,"column":25},"end":{"line":181,"column":30}},"loc":{"start":{"line":181,"column":36},"end":{"line":268,"column":3}}},"11":{"name":"(anonymous_11)","decl":{"start":{"line":225,"column":48},"end":{"line":225,"column":51}},"loc":{"start":{"line":225,"column":54},"end":{"line":225,"column":80}}},"12":{"name":"(anonymous_12)","decl":{"start":{"line":231,"column":9},"end":{"line":231,"column":14}},"loc":{"start":{"line":231,"column":28},"end":{"line":254,"column":7}}},"13":{"name":"(anonymous_13)","decl":{"start":{"line":232,"column":41},"end":{"line":232,"column":42}},"loc":{"start":{"line":232,"column":46},"end":{"line":232,"column":54}}},"14":{"name":"(anonymous_14)","decl":{"start":{"line":242,"column":30},"end":{"line":242,"column":35}},"loc":{"start":{"line":242,"column":41},"end":{"line":253,"column":9}}},"15":{"name":"(anonymous_15)","decl":{"start":{"line":270,"column":14},"end":{"line":270,"column":19}},"loc":{"start":{"line":270,"column":25},"end":{"line":274,"column":3}}},"16":{"name":"(anonymous_16)","decl":{"start":{"line":276,"column":25},"end":{"line":276,"column":30}},"loc":{"start":{"line":276,"column":36},"end":{"line":342,"column":3}}},"17":{"name":"(anonymous_17)","decl":{"start":{"line":344,"column":25},"end":{"line":344,"column":30}},"loc":{"start":{"line":344,"column":36},"end":{"line":436,"column":3}}},"18":{"name":"(anonymous_18)","decl":{"start":{"line":386,"column":47},"end":{"line":386,"column":50}},"loc":{"start":{"line":386,"column":53},"end":{"line":386,"column":80}}},"19":{"name":"(anonymous_19)","decl":{"start":{"line":414,"column":158},"end":{"line":414,"column":163}},"loc":{"start":{"line":414,"column":177},"end":{"line":432,"column":5}}},"20":{"name":"(anonymous_20)","decl":{"start":{"line":417,"column":37},"end":{"line":417,"column":47}},"loc":{"start":{"line":417,"column":50},"end":{"line":420,"column":7}}},"21":{"name":"(anonymous_21)","decl":{"start":{"line":422,"column":28},"end":{"line":422,"column":33}},"loc":{"start":{"line":422,"column":39},"end":{"line":431,"column":7}}}},"branchMap":{"0":{"loc":{"start":{"line":12,"column":2},"end":{"line":12,"column":55}},"type":"if","locations":[{"start":{"line":12,"column":2},"end":{"line":12,"column":55}},{"start":{},"end":{}}]},"1":{"loc":{"start":{"line":66,"column":6},"end":{"line":66,"column":86}},"type":"if","locations":[{"start":{"line":66,"column":6},"end":{"line":66,"column":86}},{"start":{},"end":{}}]},"2":{"loc":{"start":{"line":69,"column":6},"end":{"line":85,"column":7}},"type":"if","locations":[{"start":{"line":69,"column":6},"end":{"line":85,"column":7}},{"start":{},"end":{}}]},"3":{"loc":{"start":{"line":70,"column":8},"end":{"line":74,"column":9}},"type":"if","locations":[{"start":{"line":70,"column":8},"end":{"line":74,"column":9}},{"start":{"line":72,"column":15},"end":{"line":74,"column":9}}]},"4":{"loc":{"start":{"line":79,"column":10},"end":{"line":83,"column":11}},"type":"if","locations":[{"start":{"line":79,"column":10},"end":{"line":83,"column":11}},{"start":{"line":81,"column":17},"end":{"line":83,"column":11}}]},"5":{"loc":{"start":{"line":87,"column":6},"end":{"line":101,"column":7}},"type":"if","locations":[{"start":{"line":87,"column":6},"end":{"line":101,"column":7}},{"start":{},"end":{}}]},"6":{"loc":{"start":{"line":93,"column":8},"end":{"line":93,"column":48}},"type":"if","locations":[{"start":{"line":93,"column":8},"end":{"line":93,"column":48}},{"start":{},"end":{}}]},"7":{"loc":{"start":{"line":116,"column":8},"end":{"line":119,"column":9}},"type":"if","locations":[{"start":{"line":116,"column":8},"end":{"line":119,"column":9}},{"start":{},"end":{}}]},"8":{"loc":{"start":{"line":133,"column":12},"end":{"line":140,"column":13}},"type":"if","locations":[{"start":{"line":133,"column":12},"end":{"line":140,"column":13}},{"start":{},"end":{}}]},"9":{"loc":{"start":{"line":133,"column":16},"end":{"line":133,"column":59}},"type":"binary-expr","locations":[{"start":{"line":133,"column":16},"end":{"line":133,"column":33}},{"start":{"line":133,"column":37},"end":{"line":133,"column":59}}]},"10":{"loc":{"start":{"line":136,"column":21},"end":{"line":136,"column":66}},"type":"binary-expr","locations":[{"start":{"line":136,"column":21},"end":{"line":136,"column":44}},{"start":{"line":136,"column":48},"end":{"line":136,"column":66}}]},"11":{"loc":{"start":{"line":177,"column":62},"end":{"line":177,"column":85}},"type":"binary-expr","locations":[{"start":{"line":177,"column":62},"end":{"line":177,"column":76}},{"start":{"line":177,"column":80},"end":{"line":177,"column":85}}]},"12":{"loc":{"start":{"line":184,"column":6},"end":{"line":184,"column":86}},"type":"if","locations":[{"start":{"line":184,"column":6},"end":{"line":184,"column":86}},{"start":{},"end":{}}]},"13":{"loc":{"start":{"line":187,"column":6},"end":{"line":203,"column":7}},"type":"if","locations":[{"start":{"line":187,"column":6},"end":{"line":203,"column":7}},{"start":{},"end":{}}]},"14":{"loc":{"start":{"line":188,"column":8},"end":{"line":192,"column":9}},"type":"if","locations":[{"start":{"line":188,"column":8},"end":{"line":192,"column":9}},{"start":{"line":190,"column":15},"end":{"line":192,"column":9}}]},"15":{"loc":{"start":{"line":197,"column":10},"end":{"line":201,"column":11}},"type":"if","locations":[{"start":{"line":197,"column":10},"end":{"line":201,"column":11}},{"start":{"line":199,"column":17},"end":{"line":201,"column":11}}]},"16":{"loc":{"start":{"line":205,"column":6},"end":{"line":220,"column":7}},"type":"if","locations":[{"start":{"line":205,"column":6},"end":{"line":220,"column":7}},{"start":{},"end":{}}]},"17":{"loc":{"start":{"line":211,"column":8},"end":{"line":211,"column":48}},"type":"if","locations":[{"start":{"line":211,"column":8},"end":{"line":211,"column":48}},{"start":{},"end":{}}]},"18":{"loc":{"start":{"line":235,"column":8},"end":{"line":238,"column":9}},"type":"if","locations":[{"start":{"line":235,"column":8},"end":{"line":238,"column":9}},{"start":{},"end":{}}]},"19":{"loc":{"start":{"line":266,"column":73},"end":{"line":266,"column":96}},"type":"binary-expr","locations":[{"start":{"line":266,"column":73},"end":{"line":266,"column":87}},{"start":{"line":266,"column":91},"end":{"line":266,"column":96}}]},"20":{"loc":{"start":{"line":278,"column":4},"end":{"line":278,"column":84}},"type":"if","locations":[{"start":{"line":278,"column":4},"end":{"line":278,"column":84}},{"start":{},"end":{}}]},"21":{"loc":{"start":{"line":281,"column":4},"end":{"line":297,"column":5}},"type":"if","locations":[{"start":{"line":281,"column":4},"end":{"line":297,"column":5}},{"start":{},"end":{}}]},"22":{"loc":{"start":{"line":282,"column":6},"end":{"line":286,"column":7}},"type":"if","locations":[{"start":{"line":282,"column":6},"end":{"line":286,"column":7}},{"start":{"line":284,"column":13},"end":{"line":286,"column":7}}]},"23":{"loc":{"start":{"line":291,"column":8},"end":{"line":295,"column":9}},"type":"if","locations":[{"start":{"line":291,"column":8},"end":{"line":295,"column":9}},{"start":{"line":293,"column":15},"end":{"line":295,"column":9}}]},"24":{"loc":{"start":{"line":299,"column":4},"end":{"line":314,"column":5}},"type":"if","locations":[{"start":{"line":299,"column":4},"end":{"line":314,"column":5}},{"start":{},"end":{}}]},"25":{"loc":{"start":{"line":305,"column":6},"end":{"line":305,"column":46}},"type":"if","locations":[{"start":{"line":305,"column":6},"end":{"line":305,"column":46}},{"start":{},"end":{}}]},"26":{"loc":{"start":{"line":346,"column":4},"end":{"line":346,"column":85}},"type":"if","locations":[{"start":{"line":346,"column":4},"end":{"line":346,"column":85}},{"start":{},"end":{}}]},"27":{"loc":{"start":{"line":349,"column":4},"end":{"line":365,"column":5}},"type":"if","locations":[{"start":{"line":349,"column":4},"end":{"line":365,"column":5}},{"start":{},"end":{}}]},"28":{"loc":{"start":{"line":350,"column":6},"end":{"line":354,"column":7}},"type":"if","locations":[{"start":{"line":350,"column":6},"end":{"line":354,"column":7}},{"start":{"line":352,"column":13},"end":{"line":354,"column":7}}]},"29":{"loc":{"start":{"line":359,"column":8},"end":{"line":363,"column":9}},"type":"if","locations":[{"start":{"line":359,"column":8},"end":{"line":363,"column":9}},{"start":{"line":361,"column":15},"end":{"line":363,"column":9}}]},"30":{"loc":{"start":{"line":367,"column":4},"end":{"line":382,"column":5}},"type":"if","locations":[{"start":{"line":367,"column":4},"end":{"line":382,"column":5}},{"start":{},"end":{}}]},"31":{"loc":{"start":{"line":373,"column":6},"end":{"line":373,"column":46}},"type":"if","locations":[{"start":{"line":373,"column":6},"end":{"line":373,"column":46}},{"start":{},"end":{}}]},"32":{"loc":{"start":{"line":390,"column":4},"end":{"line":413,"column":5}},"type":"if","locations":[{"start":{"line":390,"column":4},"end":{"line":413,"column":5}},{"start":{},"end":{}}]},"33":{"loc":{"start":{"line":393,"column":6},"end":{"line":411,"column":7}},"type":"if","locations":[{"start":{"line":393,"column":6},"end":{"line":411,"column":7}},{"start":{"line":402,"column":13},"end":{"line":411,"column":7}}]},"34":{"loc":{"start":{"line":399,"column":8},"end":{"line":401,"column":9}},"type":"if","locations":[{"start":{"line":399,"column":8},"end":{"line":401,"column":9}},{"start":{},"end":{}}]},"35":{"loc":{"start":{"line":408,"column":8},"end":{"line":410,"column":9}},"type":"if","locations":[{"start":{"line":408,"column":8},"end":{"line":410,"column":9}},{"start":{},"end":{}}]}},"s":{"0":0,"1":0,"2":0,"3":0,"4":0,"5":0,"6":0,"7":0,"8":0,"9":0,"10":0,"11":0,"12":0,"13":0,"14":0,"15":0,"16":0,"17":0,"18":0,"19":0,"20":0,"21":0,"22":0,"23":0,"24":0,"25":0,"26":0,"27":0,"28":0,"29":0,"30":0,"31":0,"32":0,"33":0,"34":0,"35":0,"36":0,"37":0,"38":0,"39":0,"40":0,"41":0,"42":0,"43":0,"44":0,"45":0,"46":0,"47":0,"48":0,"49":0,"50":0,"51":0,"52":0,"53":0,"54":0,"55":0,"56":0,"57":0,"58":0,"59":0,"60":0,"61":0,"62":0,"63":0,"64":0,"65":0,"66":0,"67":0,"68":0,"69":0,"70":0,"71":0,"72":0,"73":0,"74":0,"75":0,"76":0,"77":0,"78":0,"79":0,"80":0,"81":0,"82":0,"83":0,"84":0,"85":0,"86":0,"87":0,"88":0,"89":0,"90":0,"91":0,"92":0,"93":0,"94":0,"95":0,"96":0,"97":0,"98":0,"99":0,"100":0,"101":0,"102":0,"103":0,"104":0,"105":0,"106":0,"107":0,"108":0,"109":0,"110":0,"111":0,"112":0,"113":0,"114":0,"115":0,"116":0,"117":0,"118":0,"119":0,"120":0,"121":0,"122":0,"123":0,"124":0,"125":0,"126":0,"127":0,"128":0,"129":0,"130":0,"131":0,"132":0,"133":0,"134":0,"135":0,"136":0,"137":0,"138":0,"139":0,"140":0,"141":0,"142":0,"143":0,"144":0,"145":0,"146":0,"147":0,"148":0,"149":0,"150":0,"151":0,"152":0,"153":0,"154":0,"155":0,"156":0,"157":0,"158":0,"159":0,"160":0,"161":0,"162":0,"163":0,"164":0,"165":0,"166":0,"167":0,"168":0,"169":0,"170":0,"171":0,"172":0,"173":0,"174":0,"175":0,"176":0,"177":0,"178":0,"179":0,"180":0,"181":0,"182":0,"183":0,"184":0,"185":0,"186":0,"187":0,"188":0,"189":0,"190":0,"191":0,"192":0,"193":0,"194":0,"195":0,"196":0,"197":0,"198":0,"199":0,"200":0,"201":0,"202":0,"203":0,"204":0,"205":0,"206":0,"207":0,"208":0,"209":0,"210":0,"211":0,"212":0,"213":0,"214":0,"215":0,"216":0,"217":0,"218":0,"219":0,"220":0,"221":0,"222":0,"223":0,"224":0,"225":0,"226":0,"227":0,"228":0,"229":0,"230":0,"231":0},"f":{"0":0,"1":0,"2":0,"3":0,"4":0,"5":0,"6":0,"7":0,"8":0,"9":0,"10":0,"11":0,"12":0,"13":0,"14":0,"15":0,"16":0,"17":0,"18":0,"19":0,"20":0,"21":0},"b":{"0":[0,0],"1":[0,0],"2":[0,0],"3":[0,0],"4":[0,0],"5":[0,0],"6":[0,0],"7":[0,0],"8":[0,0],"9":[0,0],"10":[0,0],"11":[0,0],"12":[0,0],"13":[0,0],"14":[0,0],"15":[0,0],"16":[0,0],"17":[0,0],"18":[0,0],"19":[0,0],"20":[0,0],"21":[0,0],"22":[0,0],"23":[0,0],"24":[0,0],"25":[0,0],"26":[0,0],"27":[0,0],"28":[0,0],"29":[0,0],"30":[0,0],"31":[0,0],"32":[0,0],"33":[0,0],"34":[0,0],"35":[0,0]}}
,"C:\\qzrobot\\mpy\\VScodeMicroPython\\src\\commands\\utilityCommands.ts": {"path":"C:\\qzrobot\\mpy\\VScodeMicroPython\\src\\commands\\utilityCommands.ts","statementMap":{"0":{"start":{"line":1,"column":0},"end":{"line":1,"column":33}},"1":{"start":{"line":2,"column":0},"end":{"line":2,"column":34}},"2":{"start":{"line":4,"column":0},"end":{"line":4,"column":46}},"3":{"start":{"line":10,"column":13},"end":{"line":10,"column":51}},"4":{"start":{"line":11,"column":2},"end":{"line":11,"column":55}},"5":{"start":{"line":11,"column":11},"end":{"line":11,"column":55}},"6":{"start":{"line":12,"column":2},"end":{"line":12,"column":12}},"7":{"start":{"line":17,"column":2},"end":{"line":17,"column":14}},"8":{"start":{"line":21,"column":13},"end":{"line":77,"column":2}},"9":{"start":{"line":24,"column":4},"end":{"line":24,"column":72}},"10":{"start":{"line":28,"column":15},"end":{"line":28,"column":45}},"11":{"start":{"line":29,"column":4},"end":{"line":29,"column":76}},"12":{"start":{"line":29,"column":15},"end":{"line":29,"column":66}},"13":{"start":{"line":29,"column":67},"end":{"line":29,"column":74}},"14":{"start":{"line":30,"column":4},"end":{"line":30,"column":29}},"15":{"start":{"line":31,"column":15},"end":{"line":31,"column":67}},"16":{"start":{"line":32,"column":16},"end":{"line":32,"column":113}},"17":{"start":{"line":33,"column":4},"end":{"line":42,"column":5}},"18":{"start":{"line":34,"column":6},"end":{"line":41,"column":16}},"19":{"start":{"line":35,"column":24},"end":{"line":35,"column":64}},"20":{"start":{"line":36,"column":25},"end":{"line":36,"column":50}},"21":{"start":{"line":37,"column":8},"end":{"line":40,"column":9}},"22":{"start":{"line":38,"column":10},"end":{"line":38,"column":88}},"23":{"start":{"line":39,"column":10},"end":{"line":39,"column":17}},"24":{"start":{"line":43,"column":17},"end":{"line":43,"column":48}},"25":{"start":{"line":45,"column":4},"end":{"line":54,"column":5}},"26":{"start":{"line":49,"column":6},"end":{"line":49,"column":66}},"27":{"start":{"line":52,"column":6},"end":{"line":52,"column":83}},"28":{"start":{"line":53,"column":6},"end":{"line":53,"column":118}},"29":{"start":{"line":58,"column":4},"end":{"line":61,"column":5}},"30":{"start":{"line":58,"column":10},"end":{"line":58,"column":61}},"31":{"start":{"line":59,"column":19},"end":{"line":59,"column":50}},"32":{"start":{"line":60,"column":6},"end":{"line":60,"column":69}},"33":{"start":{"line":64,"column":38},"end":{"line":64,"column":112}},"34":{"start":{"line":66,"column":47},"end":{"line":66,"column":130}},"35":{"start":{"line":68,"column":36},"end":{"line":68,"column":108}},"36":{"start":{"line":70,"column":47},"end":{"line":70,"column":130}},"37":{"start":{"line":72,"column":47},"end":{"line":72,"column":130}},"38":{"start":{"line":74,"column":39},"end":{"line":74,"column":114}},"39":{"start":{"line":76,"column":34},"end":{"line":76,"column":104}}},"fnMap":{"0":{"name":"getWorkspaceFolder","decl":{"start":{"line":9,"column":9},"end":{"line":9,"column":27}},"loc":{"start":{"line":9,"column":27},"end":{"line":13,"column":1}}},"1":{"name":"withAutoSuspend","decl":{"start":{"line":16,"column":9},"end":{"line":16,"column":24}},"loc":{"start":{"line":16,"column":48},"end":{"line":18,"column":1}}},"2":{"name":"(anonymous_2)","decl":{"start":{"line":22,"column":11},"end":{"line":22,"column":12}},"loc":{"start":{"line":22,"column":69},"end":{"line":25,"column":3}}},"3":{"name":"(anonymous_3)","decl":{"start":{"line":27,"column":20},"end":{"line":27,"column":25}},"loc":{"start":{"line":27,"column":31},"end":{"line":55,"column":3}}},"4":{"name":"(anonymous_4)","decl":{"start":{"line":57,"column":15},"end":{"line":57,"column":20}},"loc":{"start":{"line":57,"column":53},"end":{"line":62,"column":3}}},"5":{"name":"(anonymous_5)","decl":{"start":{"line":64,"column":24},"end":{"line":64,"column":29}},"loc":{"start":{"line":64,"column":35},"end":{"line":64,"column":114}}},"6":{"name":"(anonymous_6)","decl":{"start":{"line":66,"column":33},"end":{"line":66,"column":38}},"loc":{"start":{"line":66,"column":44},"end":{"line":66,"column":132}}},"7":{"name":"(anonymous_7)","decl":{"start":{"line":68,"column":22},"end":{"line":68,"column":27}},"loc":{"start":{"line":68,"column":33},"end":{"line":68,"column":110}}},"8":{"name":"(anonymous_8)","decl":{"start":{"line":70,"column":33},"end":{"line":70,"column":38}},"loc":{"start":{"line":70,"column":44},"end":{"line":70,"column":132}}},"9":{"name":"(anonymous_9)","decl":{"start":{"line":72,"column":33},"end":{"line":72,"column":38}},"loc":{"start":{"line":72,"column":44},"end":{"line":72,"column":132}}},"10":{"name":"(anonymous_10)","decl":{"start":{"line":74,"column":25},"end":{"line":74,"column":30}},"loc":{"start":{"line":74,"column":36},"end":{"line":74,"column":116}}},"11":{"name":"(anonymous_11)","decl":{"start":{"line":76,"column":20},"end":{"line":76,"column":25}},"loc":{"start":{"line":76,"column":31},"end":{"line":76,"column":106}}}},"branchMap":{"0":{"loc":{"start":{"line":11,"column":2},"end":{"line":11,"column":55}},"type":"if","locations":[{"start":{"line":11,"column":2},"end":{"line":11,"column":55}},{"start":{},"end":{}}]},"1":{"loc":{"start":{"line":29,"column":4},"end":{"line":29,"column":76}},"type":"if","locations":[{"start":{"line":29,"column":4},"end":{"line":29,"column":76}},{"start":{},"end":{}}]},"2":{"loc":{"start":{"line":32,"column":16},"end":{"line":32,"column":113}},"type":"cond-expr","locations":[{"start":{"line":32,"column":21},"end":{"line":32,"column":73}},{"start":{"line":32,"column":76},"end":{"line":32,"column":113}}]},"3":{"loc":{"start":{"line":33,"column":4},"end":{"line":42,"column":5}},"type":"if","locations":[{"start":{"line":33,"column":4},"end":{"line":42,"column":5}},{"start":{},"end":{}}]},"4":{"loc":{"start":{"line":37,"column":8},"end":{"line":40,"column":9}},"type":"if","locations":[{"start":{"line":37,"column":8},"end":{"line":40,"column":9}},{"start":{},"end":{}}]},"5":{"loc":{"start":{"line":53,"column":79},"end":{"line":53,"column":114}},"type":"binary-expr","locations":[{"start":{"line":53,"column":79},"end":{"line":53,"column":99}},{"start":{"line":53,"column":103},"end":{"line":53,"column":114}}]},"6":{"loc":{"start":{"line":59,"column":19},"end":{"line":59,"column":50}},"type":"binary-expr","locations":[{"start":{"line":59,"column":19},"end":{"line":59,"column":37}},{"start":{"line":59,"column":41},"end":{"line":59,"column":50}}]}},"s":{"0":0,"1":0,"2":0,"3":0,"4":0,"5":0,"6":0,"7":0,"8":0,"9":0,"10":0,"11":0,"12":0,"13":0,"14":0,"15":0,"16":0,"17":0,"18":0,"19":0,"20":0,"21":0,"22":0,"23":0,"24":0,"25":0,"26":0,"27":0,"28":0,"29":0,"30":0,"31":0,"32":0,"33":0,"34":0,"35":0,"36":0,"37":0,"38":0,"39":0},"f":{"0":0,"1":0,"2":0,"3":0,"4":0,"5":0,"6":0,"7":0,"8":0,"9":0,"10":0,"11":0},"b":{"0":[0,0],"1":[0,0],"2":[0,0],"3":[0,0],"4":[0,0],"5":[0,0],"6":[0,0]}}
}
