TN:
SF:src\actions.ts
FN:10,(anonymous_0)
FN:14,(anonymous_1)
FN:16,(anonymous_2)
FN:20,(anonymous_3)
FN:24,(anonymous_4)
FN:54,(anonymous_5)
FNF:6
FNH:0
FNDA:0,(anonymous_0)
FNDA:0,(anonymous_1)
FNDA:0,(anonymous_2)
FNDA:0,(anonymous_3)
FNDA:0,(anonymous_4)
FNDA:0,(anonymous_5)
DA:1,0
DA:10,0
DA:11,0
DA:12,0
DA:14,0
DA:17,0
DA:21,0
DA:25,0
DA:26,0
DA:28,0
DA:30,0
DA:31,0
DA:32,0
DA:33,0
DA:34,0
DA:35,0
DA:36,0
DA:37,0
DA:38,0
DA:39,0
DA:40,0
DA:41,0
DA:42,0
DA:43,0
DA:44,0
DA:45,0
DA:46,0
DA:47,0
DA:48,0
DA:49,0
DA:51,0
DA:55,0
LF:32
LH:0
BRDA:28,0,0,0
BRDA:28,0,1,0
BRDA:30,1,0,0
BRDA:30,1,1,0
BRDA:32,2,0,0
BRDA:32,2,1,0
BRDA:34,3,0,0
BRDA:34,3,1,0
BRDA:36,4,0,0
BRDA:36,4,1,0
BRDA:38,5,0,0
BRDA:38,5,1,0
BRDA:40,6,0,0
BRDA:40,6,1,0
BRDA:42,7,0,0
BRDA:42,7,1,0
BRDA:44,8,0,0
BRDA:44,8,1,0
BRDA:46,9,0,0
BRDA:46,9,1,0
BRDA:48,10,0,0
BRDA:48,10,1,0
BRF:22
BRH:0
end_of_record
TN:
SF:src\boardOperations.ts
FN:13,getWorkspaceFolder
FN:20,isLocalSyncInitialized
FN:32,(anonymous_2)
FN:32,(anonymous_3)
FN:38,ensureMpyWorkbenchDir
FN:44,ensureWorkbenchIgnoreFile
FN:55,buildDefaultMpyIgnoreContent
FN:120,toLocalRelative
FN:134,(anonymous_8)
FN:140,(anonymous_9)
FN:156,(anonymous_10)
FN:187,(anonymous_11)
FN:198,(anonymous_12)
FN:219,(anonymous_13)
FN:220,(anonymous_14)
FN:221,(anonymous_15)
FN:255,(anonymous_16)
FN:436,(anonymous_17)
FN:440,(anonymous_18)
FN:443,(anonymous_19)
FN:444,(anonymous_20)
FN:448,(anonymous_21)
FN:451,(anonymous_22)
FN:468,(anonymous_23)
FN:483,(anonymous_24)
FN:486,(anonymous_25)
FN:492,(anonymous_26)
FN:560,(anonymous_27)
FN:561,(anonymous_28)
FN:562,(anonymous_29)
FN:574,(anonymous_30)
FN:582,(anonymous_31)
FN:597,(anonymous_32)
FN:602,(anonymous_33)
FN:640,collectLocalDirs
FN:690,(anonymous_35)
FN:692,(anonymous_36)
FN:774,(anonymous_37)
FN:818,(anonymous_38)
FN:819,(anonymous_39)
FN:819,(anonymous_40)
FN:820,(anonymous_41)
FN:836,(anonymous_42)
FN:839,(anonymous_43)
FN:889,(anonymous_44)
FN:913,(anonymous_45)
FN:914,(anonymous_46)
FN:914,(anonymous_47)
FN:915,(anonymous_48)
FN:916,(anonymous_49)
FN:941,(anonymous_50)
FN:945,(anonymous_51)
FN:950,(anonymous_52)
FN:970,(anonymous_53)
FN:987,(anonymous_54)
FN:987,(anonymous_55)
FN:991,(anonymous_56)
FN:1025,(anonymous_57)
FN:1036,(anonymous_58)
FN:1038,(anonymous_59)
FN:1041,(anonymous_60)
FN:1045,(anonymous_61)
FN:1054,(anonymous_62)
FN:1060,(anonymous_63)
FNF:64
FNH:0
FNDA:0,getWorkspaceFolder
FNDA:0,isLocalSyncInitialized
FNDA:0,(anonymous_2)
FNDA:0,(anonymous_3)
FNDA:0,ensureMpyWorkbenchDir
FNDA:0,ensureWorkbenchIgnoreFile
FNDA:0,buildDefaultMpyIgnoreContent
FNDA:0,toLocalRelative
FNDA:0,(anonymous_8)
FNDA:0,(anonymous_9)
FNDA:0,(anonymous_10)
FNDA:0,(anonymous_11)
FNDA:0,(anonymous_12)
FNDA:0,(anonymous_13)
FNDA:0,(anonymous_14)
FNDA:0,(anonymous_15)
FNDA:0,(anonymous_16)
FNDA:0,(anonymous_17)
FNDA:0,(anonymous_18)
FNDA:0,(anonymous_19)
FNDA:0,(anonymous_20)
FNDA:0,(anonymous_21)
FNDA:0,(anonymous_22)
FNDA:0,(anonymous_23)
FNDA:0,(anonymous_24)
FNDA:0,(anonymous_25)
FNDA:0,(anonymous_26)
FNDA:0,(anonymous_27)
FNDA:0,(anonymous_28)
FNDA:0,(anonymous_29)
FNDA:0,(anonymous_30)
FNDA:0,(anonymous_31)
FNDA:0,(anonymous_32)
FNDA:0,(anonymous_33)
FNDA:0,collectLocalDirs
FNDA:0,(anonymous_35)
FNDA:0,(anonymous_36)
FNDA:0,(anonymous_37)
FNDA:0,(anonymous_38)
FNDA:0,(anonymous_39)
FNDA:0,(anonymous_40)
FNDA:0,(anonymous_41)
FNDA:0,(anonymous_42)
FNDA:0,(anonymous_43)
FNDA:0,(anonymous_44)
FNDA:0,(anonymous_45)
FNDA:0,(anonymous_46)
FNDA:0,(anonymous_47)
FNDA:0,(anonymous_48)
FNDA:0,(anonymous_49)
FNDA:0,(anonymous_50)
FNDA:0,(anonymous_51)
FNDA:0,(anonymous_52)
FNDA:0,(anonymous_53)
FNDA:0,(anonymous_54)
FNDA:0,(anonymous_55)
FNDA:0,(anonymous_56)
FNDA:0,(anonymous_57)
FNDA:0,(anonymous_58)
FNDA:0,(anonymous_59)
FNDA:0,(anonymous_60)
FNDA:0,(anonymous_61)
FNDA:0,(anonymous_62)
FNDA:0,(anonymous_63)
DA:1,0
DA:2,0
DA:3,0
DA:6,0
DA:7,0
DA:10,0
DA:14,0
DA:15,0
DA:16,0
DA:21,0
DA:22,0
DA:23,0
DA:24,0
DA:25,0
DA:27,0
DA:32,0
DA:35,0
DA:36,0
DA:39,0
DA:40,0
DA:45,0
DA:46,0
DA:47,0
DA:48,0
DA:50,0
DA:51,0
DA:56,0
DA:121,0
DA:122,0
DA:123,0
DA:124,0
DA:126,0
DA:130,0
DA:135,0
DA:136,0
DA:141,0
DA:143,0
DA:144,0
DA:148,0
DA:149,0
DA:150,0
DA:152,0
DA:157,0
DA:158,0
DA:159,0
DA:160,0
DA:161,0
DA:162,0
DA:163,0
DA:168,0
DA:170,0
DA:171,0
DA:172,0
DA:173,0
DA:174,0
DA:175,0
DA:178,0
DA:179,0
DA:180,0
DA:183,0
DA:188,0
DA:189,0
DA:191,0
DA:192,0
DA:193,0
DA:196,0
DA:198,0
DA:200,0
DA:203,0
DA:204,0
DA:205,0
DA:206,0
DA:208,0
DA:210,0
DA:211,0
DA:212,0
DA:213,0
DA:219,0
DA:220,0
DA:221,0
DA:222,0
DA:225,0
DA:228,0
DA:229,0
DA:231,0
DA:233,0
DA:234,0
DA:235,0
DA:236,0
DA:238,0
DA:239,0
DA:240,0
DA:241,0
DA:242,0
DA:243,0
DA:244,0
DA:245,0
DA:246,0
DA:248,0
DA:250,0
DA:251,0
DA:252,0
DA:255,0
DA:261,0
DA:263,0
DA:264,0
DA:268,0
DA:269,0
DA:270,0
DA:272,0
DA:273,0
DA:274,0
DA:275,0
DA:276,0
DA:277,0
DA:278,0
DA:280,0
DA:283,0
DA:284,0
DA:285,0
DA:289,0
DA:290,0
DA:293,0
DA:294,0
DA:295,0
DA:296,0
DA:297,0
DA:298,0
DA:299,0
DA:301,0
DA:306,0
DA:307,0
DA:308,0
DA:309,0
DA:310,0
DA:311,0
DA:312,0
DA:315,0
DA:316,0
DA:320,0
DA:321,0
DA:322,0
DA:325,0
DA:328,0
DA:330,0
DA:333,0
DA:336,0
DA:337,0
DA:338,0
DA:339,0
DA:341,0
DA:342,0
DA:343,0
DA:344,0
DA:346,0
DA:347,0
DA:351,0
DA:354,0
DA:355,0
DA:356,0
DA:357,0
DA:359,0
DA:365,0
DA:367,0
DA:369,0
DA:370,0
DA:372,0
DA:373,0
DA:374,0
DA:377,0
DA:378,0
DA:380,0
DA:381,0
DA:382,0
DA:385,0
DA:386,0
DA:388,0
DA:394,0
DA:396,0
DA:398,0
DA:400,0
DA:401,0
DA:404,0
DA:405,0
DA:412,0
DA:414,0
DA:415,0
DA:418,0
DA:423,0
DA:424,0
DA:425,0
DA:427,0
DA:429,0
DA:430,0
DA:432,0
DA:437,0
DA:438,0
DA:439,0
DA:440,0
DA:441,0
DA:442,0
DA:443,0
DA:445,0
DA:446,0
DA:448,0
DA:449,0
DA:450,0
DA:451,0
DA:452,0
DA:453,0
DA:454,0
DA:455,0
DA:456,0
DA:457,0
DA:458,0
DA:462,0
DA:464,0
DA:465,0
DA:469,0
DA:470,0
DA:472,0
DA:474,0
DA:476,0
DA:477,0
DA:478,0
DA:481,0
DA:482,0
DA:483,0
DA:486,0
DA:487,0
DA:488,0
DA:489,0
DA:492,0
DA:495,0
DA:508,0
DA:509,0
DA:510,0
DA:512,0
DA:514,0
DA:524,0
DA:525,0
DA:537,0
DA:538,0
DA:539,0
DA:540,0
DA:552,0
DA:553,0
DA:554,0
DA:556,0
DA:557,0
DA:560,0
DA:561,0
DA:562,0
DA:564,0
DA:565,0
DA:566,0
DA:567,0
DA:570,0
DA:575,0
DA:576,0
DA:577,0
DA:578,0
DA:579,0
DA:583,0
DA:584,0
DA:586,0
DA:587,0
DA:590,0
DA:591,0
DA:594,0
DA:598,0
DA:603,0
DA:604,0
DA:605,0
DA:606,0
DA:609,0
DA:610,0
DA:613,0
DA:614,0
DA:615,0
DA:620,0
DA:623,0
DA:624,0
DA:625,0
DA:626,0
DA:627,0
DA:628,0
DA:631,0
DA:634,0
DA:635,0
DA:636,0
DA:639,0
DA:641,0
DA:642,0
DA:643,0
DA:644,0
DA:645,0
DA:646,0
DA:647,0
DA:648,0
DA:651,0
DA:653,0
DA:656,0
DA:657,0
DA:658,0
DA:661,0
DA:662,0
DA:663,0
DA:664,0
DA:665,0
DA:670,0
DA:671,0
DA:672,0
DA:673,0
DA:676,0
DA:678,0
DA:679,0
DA:680,0
DA:681,0
DA:684,0
DA:685,0
DA:687,0
DA:688,0
DA:689,0
DA:691,0
DA:694,0
DA:700,0
DA:703,0
DA:704,0
DA:705,0
DA:707,0
DA:709,0
DA:710,0
DA:714,0
DA:715,0
DA:716,0
DA:721,0
DA:722,0
DA:723,0
DA:728,0
DA:729,0
DA:730,0
DA:731,0
DA:732,0
DA:733,0
DA:737,0
DA:740,0
DA:741,0
DA:742,0
DA:743,0
DA:746,0
DA:747,0
DA:748,0
DA:749,0
DA:752,0
DA:753,0
DA:754,0
DA:755,0
DA:759,0
DA:760,0
DA:761,0
DA:762,0
DA:763,0
DA:765,0
DA:771,0
DA:775,0
DA:776,0
DA:777,0
DA:778,0
DA:779,0
DA:784,0
DA:787,0
DA:788,0
DA:789,0
DA:790,0
DA:791,0
DA:792,0
DA:794,0
DA:797,0
DA:798,0
DA:799,0
DA:800,0
DA:804,0
DA:805,0
DA:807,0
DA:808,0
DA:809,0
DA:810,0
DA:811,0
DA:814,0
DA:818,0
DA:819,0
DA:820,0
DA:821,0
DA:824,0
DA:825,0
DA:826,0
DA:827,0
DA:828,0
DA:830,0
DA:831,0
DA:832,0
DA:833,0
DA:836,0
DA:837,0
DA:838,0
DA:839,0
DA:840,0
DA:841,0
DA:842,0
DA:843,0
DA:844,0
DA:845,0
DA:847,0
DA:848,0
DA:850,0
DA:851,0
DA:852,0
DA:853,0
DA:856,0
DA:857,0
DA:860,0
DA:861,0
DA:862,0
DA:864,0
DA:865,0
DA:866,0
DA:867,0
DA:869,0
DA:875,0
DA:876,0
DA:877,0
DA:880,0
DA:881,0
DA:882,0
DA:883,0
DA:885,0
DA:890,0
DA:891,0
DA:893,0
DA:894,0
DA:895,0
DA:900,0
DA:903,0
DA:904,0
DA:905,0
DA:906,0
DA:907,0
DA:908,0
DA:911,0
DA:913,0
DA:914,0
DA:915,0
DA:916,0
DA:918,0
DA:919,0
DA:920,0
DA:921,0
DA:926,0
DA:927,0
DA:930,0
DA:935,0
DA:936,0
DA:939,0
DA:941,0
DA:942,0
DA:943,0
DA:944,0
DA:945,0
DA:946,0
DA:947,0
DA:949,0
DA:950,0
DA:951,0
DA:952,0
DA:953,0
DA:954,0
DA:955,0
DA:956,0
DA:957,0
DA:961,0
DA:962,0
DA:963,0
DA:964,0
DA:966,0
DA:971,0
DA:972,0
DA:973,0
DA:974,0
DA:975,0
DA:976,0
DA:977,0
DA:980,0
DA:982,0
DA:984,0
DA:987,0
DA:988,0
DA:989,0
DA:990,0
DA:991,0
DA:992,0
DA:994,0
DA:995,0
DA:996,0
DA:999,0
DA:1004,0
DA:1005,0
DA:1006,0
DA:1008,0
DA:1009,0
DA:1010,0
DA:1013,0
DA:1014,0
DA:1015,0
DA:1017,0
DA:1018,0
DA:1022,0
DA:1023,0
DA:1024,0
DA:1025,0
DA:1026,0
DA:1027,0
DA:1028,0
DA:1030,0
DA:1031,0
DA:1037,0
DA:1038,0
DA:1039,0
DA:1040,0
DA:1041,0
DA:1042,0
DA:1046,0
DA:1047,0
DA:1050,0
DA:1055,0
DA:1056,0
DA:1058,0
DA:1059,0
DA:1060,0
DA:1061,0
DA:1062,0
DA:1063,0
DA:1065,0
DA:1066,0
LF:544
LH:0
BRDA:15,0,0,0
BRDA:15,0,1,0
BRDA:121,1,0,0
BRDA:121,1,1,0
BRDA:122,2,0,0
BRDA:122,2,1,0
BRDA:123,3,0,0
BRDA:123,3,1,0
BRDA:124,4,0,0
BRDA:124,4,1,0
BRDA:143,5,0,0
BRDA:143,5,1,0
BRDA:160,6,0,0
BRDA:160,6,1,0
BRDA:162,7,0,0
BRDA:162,7,1,0
BRDA:168,8,0,0
BRDA:168,8,1,0
BRDA:191,9,0,0
BRDA:191,9,1,0
BRDA:208,10,0,0
BRDA:208,10,1,0
BRDA:208,11,0,0
BRDA:208,11,1,0
BRDA:211,12,0,0
BRDA:211,12,1,0
BRDA:238,13,0,0
BRDA:238,13,1,0
BRDA:250,14,0,0
BRDA:250,14,1,0
BRDA:263,15,0,0
BRDA:263,15,1,0
BRDA:275,16,0,0
BRDA:275,16,1,0
BRDA:289,17,0,0
BRDA:289,17,1,0
BRDA:311,18,0,0
BRDA:311,18,1,0
BRDA:320,19,0,0
BRDA:320,19,1,0
BRDA:354,20,0,0
BRDA:354,20,1,0
BRDA:356,21,0,0
BRDA:356,21,1,0
BRDA:414,22,0,0
BRDA:414,22,1,0
BRDA:432,23,0,0
BRDA:432,23,1,0
BRDA:438,24,0,0
BRDA:438,24,1,0
BRDA:470,25,0,0
BRDA:470,25,1,0
BRDA:512,26,0,0
BRDA:512,26,1,0
BRDA:538,27,0,0
BRDA:538,27,1,0
BRDA:575,28,0,0
BRDA:575,28,1,0
BRDA:576,29,0,0
BRDA:576,29,1,0
BRDA:577,30,0,0
BRDA:577,30,1,0
BRDA:578,31,0,0
BRDA:578,31,1,0
BRDA:586,32,0,0
BRDA:586,32,1,0
BRDA:590,33,0,0
BRDA:590,33,1,0
BRDA:604,34,0,0
BRDA:604,34,1,0
BRDA:614,35,0,0
BRDA:614,35,1,0
BRDA:620,36,0,0
BRDA:620,36,1,0
BRDA:640,37,0,0
BRDA:643,38,0,0
BRDA:643,38,1,0
BRDA:646,39,0,0
BRDA:646,39,1,0
BRDA:664,40,0,0
BRDA:664,40,1,0
BRDA:705,41,0,0
BRDA:705,41,1,0
BRDA:707,42,0,0
BRDA:707,42,1,0
BRDA:709,43,0,0
BRDA:709,43,1,0
BRDA:722,44,0,0
BRDA:722,44,1,0
BRDA:731,45,0,0
BRDA:731,45,1,0
BRDA:774,46,0,0
BRDA:776,47,0,0
BRDA:776,47,1,0
BRDA:778,48,0,0
BRDA:778,48,1,0
BRDA:784,49,0,0
BRDA:784,49,1,0
BRDA:799,50,0,0
BRDA:799,50,1,0
BRDA:799,51,0,0
BRDA:799,51,1,0
BRDA:804,52,0,0
BRDA:804,52,1,0
BRDA:809,53,0,0
BRDA:809,53,1,0
BRDA:809,54,0,0
BRDA:809,54,1,0
BRDA:831,55,0,0
BRDA:831,55,1,0
BRDA:851,56,0,0
BRDA:851,56,1,0
BRDA:861,57,0,0
BRDA:861,57,1,0
BRDA:877,58,0,0
BRDA:877,58,1,0
BRDA:880,59,0,0
BRDA:880,59,1,0
BRDA:889,60,0,0
BRDA:891,61,0,0
BRDA:891,61,1,0
BRDA:894,62,0,0
BRDA:894,62,1,0
BRDA:900,63,0,0
BRDA:900,63,1,0
BRDA:918,64,0,0
BRDA:918,64,1,0
BRDA:918,65,0,0
BRDA:918,65,1,0
BRDA:920,66,0,0
BRDA:920,66,1,0
BRDA:926,67,0,0
BRDA:926,67,1,0
BRDA:935,68,0,0
BRDA:935,68,1,0
BRDA:961,69,0,0
BRDA:961,69,1,0
BRDA:971,70,0,0
BRDA:971,70,1,0
BRDA:974,71,0,0
BRDA:974,71,1,0
BRDA:982,72,0,0
BRDA:982,72,1,0
BRDA:988,73,0,0
BRDA:988,73,1,0
BRDA:995,74,0,0
BRDA:995,74,1,0
BRDA:1008,75,0,0
BRDA:1008,75,1,0
BRDA:1018,76,0,0
BRDA:1018,76,1,0
BRDA:1031,77,0,0
BRDA:1031,77,1,0
BRDA:1037,78,0,0
BRDA:1037,78,1,0
BRDA:1037,79,0,0
BRDA:1037,79,1,0
BRDA:1038,80,0,0
BRDA:1038,80,1,0
BRDA:1039,81,0,0
BRDA:1039,81,1,0
BRDA:1040,82,0,0
BRDA:1040,82,1,0
BRDA:1047,83,0,0
BRDA:1047,83,1,0
BRDA:1059,84,0,0
BRDA:1059,84,1,0
BRDA:1066,85,0,0
BRDA:1066,85,1,0
BRF:169
BRH:0
end_of_record
TN:
SF:src\control.ts
FN:5,(anonymous_0)
FN:9,(anonymous_1)
FN:12,(anonymous_2)
FN:27,(anonymous_3)
FNF:4
FNH:0
FNDA:0,(anonymous_0)
FNDA:0,(anonymous_1)
FNDA:0,(anonymous_2)
FNDA:0,(anonymous_3)
DA:1,0
DA:5,0
DA:6,0
DA:7,0
DA:9,0
DA:13,0
DA:14,0
DA:15,0
DA:17,0
DA:18,0
DA:19,0
DA:20,0
DA:21,0
DA:22,0
DA:24,0
DA:27,0
LF:16
LH:0
BRDA:17,0,0,0
BRDA:17,0,1,0
BRDA:19,1,0,0
BRDA:19,1,1,0
BRDA:21,2,0,0
BRDA:21,2,1,0
BRF:6
BRH:0
end_of_record
TN:
SF:src\decorations.ts
FN:3,(anonymous_0)
FN:12,(anonymous_1)
FN:17,(anonymous_2)
FN:22,(anonymous_3)
FN:27,(anonymous_4)
FN:32,(anonymous_5)
FN:43,(anonymous_6)
FN:47,(anonymous_7)
FN:51,(anonymous_8)
FN:56,(anonymous_9)
FN:60,(anonymous_10)
FN:64,(anonymous_11)
FN:68,(anonymous_12)
FN:72,(anonymous_13)
FNF:14
FNH:0
FNDA:0,(anonymous_0)
FNDA:0,(anonymous_1)
FNDA:0,(anonymous_2)
FNDA:0,(anonymous_3)
FNDA:0,(anonymous_4)
FNDA:0,(anonymous_5)
FNDA:0,(anonymous_6)
FNDA:0,(anonymous_7)
FNDA:0,(anonymous_8)
FNDA:0,(anonymous_9)
FNDA:0,(anonymous_10)
FNDA:0,(anonymous_11)
FNDA:0,(anonymous_12)
FNDA:0,(anonymous_13)
DA:1,0
DA:3,0
DA:4,0
DA:5,0
DA:7,0
DA:8,0
DA:9,0
DA:10,0
DA:13,0
DA:14,0
DA:18,0
DA:19,0
DA:23,0
DA:24,0
DA:28,0
DA:29,0
DA:33,0
DA:34,0
DA:35,0
DA:36,0
DA:37,0
DA:38,0
DA:39,0
DA:40,0
DA:44,0
DA:48,0
DA:52,0
DA:57,0
DA:61,0
DA:65,0
DA:69,0
DA:73,0
DA:74,0
DA:77,0
DA:78,0
DA:82,0
DA:83,0
DA:86,0
DA:87,0
DA:90,0
DA:91,0
DA:94,0
LF:42
LH:0
BRDA:57,0,0,0
BRDA:57,0,1,0
BRDA:61,1,0,0
BRDA:61,1,1,0
BRDA:69,2,0,0
BRDA:69,2,1,0
BRDA:73,3,0,0
BRDA:73,3,1,0
BRDA:77,4,0,0
BRDA:77,4,1,0
BRDA:82,5,0,0
BRDA:82,5,1,0
BRDA:86,6,0,0
BRDA:86,6,1,0
BRDA:90,7,0,0
BRDA:90,7,1,0
BRF:16
BRH:0
end_of_record
TN:
SF:src\esp32Fs.ts
FN:9,(anonymous_0)
FN:16,(anonymous_1)
FN:18,(anonymous_2)
FN:20,(anonymous_3)
FN:25,(anonymous_4)
FN:29,(anonymous_5)
FN:35,(anonymous_6)
FN:37,(anonymous_7)
FN:84,(anonymous_8)
FN:93,(anonymous_9)
FN:103,(anonymous_10)
FN:106,(anonymous_11)
FN:113,(anonymous_12)
FN:118,(anonymous_13)
FN:127,(anonymous_14)
FN:133,(anonymous_15)
FN:140,(anonymous_16)
FN:141,(anonymous_17)
FN:175,(anonymous_18)
FN:186,(anonymous_19)
FN:223,(anonymous_20)
FN:231,(anonymous_21)
FN:245,(anonymous_22)
FN:269,(anonymous_23)
FN:287,(anonymous_24)
FN:290,(anonymous_25)
FNF:26
FNH:0
FNDA:0,(anonymous_0)
FNDA:0,(anonymous_1)
FNDA:0,(anonymous_2)
FNDA:0,(anonymous_3)
FNDA:0,(anonymous_4)
FNDA:0,(anonymous_5)
FNDA:0,(anonymous_6)
FNDA:0,(anonymous_7)
FNDA:0,(anonymous_8)
FNDA:0,(anonymous_9)
FNDA:0,(anonymous_10)
FNDA:0,(anonymous_11)
FNDA:0,(anonymous_12)
FNDA:0,(anonymous_13)
FNDA:0,(anonymous_14)
FNDA:0,(anonymous_15)
FNDA:0,(anonymous_16)
FNDA:0,(anonymous_17)
FNDA:0,(anonymous_18)
FNDA:0,(anonymous_19)
FNDA:0,(anonymous_20)
FNDA:0,(anonymous_21)
FNDA:0,(anonymous_22)
FNDA:0,(anonymous_23)
FNDA:0,(anonymous_24)
FNDA:0,(anonymous_25)
DA:1,0
DA:3,0
DA:4,0
DA:5,0
DA:9,0
DA:10,0
DA:11,0
DA:12,0
DA:13,0
DA:14,0
DA:16,0
DA:18,0
DA:21,0
DA:22,0
DA:26,0
DA:30,0
DA:35,0
DA:38,0
DA:39,0
DA:40,0
DA:45,0
DA:46,0
DA:48,0
DA:49,0
DA:51,0
DA:52,0
DA:53,0
DA:54,0
DA:55,0
DA:56,0
DA:58,0
DA:62,0
DA:63,0
DA:65,0
DA:66,0
DA:67,0
DA:70,0
DA:75,0
DA:79,0
DA:85,0
DA:94,0
DA:95,0
DA:96,0
DA:97,0
DA:98,0
DA:99,0
DA:100,0
DA:103,0
DA:104,0
DA:106,0
DA:109,0
DA:114,0
DA:115,0
DA:116,0
DA:117,0
DA:118,0
DA:119,0
DA:122,0
DA:123,0
DA:128,0
DA:129,0
DA:134,0
DA:135,0
DA:136,0
DA:138,0
DA:139,0
DA:140,0
DA:141,0
DA:142,0
DA:149,0
DA:152,0
DA:153,0
DA:155,0
DA:156,0
DA:157,0
DA:158,0
DA:160,0
DA:163,0
DA:164,0
DA:166,0
DA:168,0
DA:169,0
DA:170,0
DA:171,0
DA:175,0
DA:176,0
DA:177,0
DA:181,0
DA:182,0
DA:183,0
DA:184,0
DA:185,0
DA:186,0
DA:187,0
DA:189,0
DA:191,0
DA:192,0
DA:193,0
DA:194,0
DA:195,0
DA:197,0
DA:198,0
DA:203,0
DA:204,0
DA:205,0
DA:207,0
DA:208,0
DA:209,0
DA:210,0
DA:211,0
DA:214,0
DA:217,0
DA:218,0
DA:219,0
DA:221,0
DA:223,0
DA:224,0
DA:225,0
DA:227,0
DA:229,0
DA:230,0
DA:231,0
DA:232,0
DA:239,0
DA:240,0
DA:241,0
DA:243,0
DA:245,0
DA:246,0
DA:247,0
DA:254,0
DA:255,0
DA:266,0
DA:269,0
DA:271,0
DA:272,0
DA:275,0
DA:276,0
DA:280,0
DA:281,0
DA:283,0
DA:288,0
DA:292,0
LF:143
LH:0
BRDA:38,0,0,0
BRDA:38,0,1,0
BRDA:51,1,0,0
BRDA:51,1,1,0
BRDA:60,2,0,0
BRDA:60,2,1,0
BRDA:62,3,0,0
BRDA:62,3,1,0
BRDA:67,4,0,0
BRDA:67,4,1,0
BRDA:70,5,0,0
BRDA:70,5,1,0
BRDA:94,6,0,0
BRDA:94,6,1,0
BRDA:94,7,0,0
BRDA:94,7,1,0
BRDA:96,8,0,0
BRDA:96,8,1,0
BRDA:98,9,0,0
BRDA:98,9,1,0
BRDA:103,10,0,0
BRDA:103,10,1,0
BRDA:106,11,0,0
BRDA:106,11,1,0
BRDA:106,12,0,0
BRDA:106,12,1,0
BRDA:114,13,0,0
BRDA:114,13,1,0
BRDA:114,14,0,0
BRDA:114,14,1,0
BRDA:117,15,0,0
BRDA:117,15,1,0
BRDA:119,16,0,0
BRDA:119,16,1,0
BRDA:135,17,0,0
BRDA:135,17,1,0
BRDA:135,18,0,0
BRDA:135,18,1,0
BRDA:135,18,2,0
BRDA:139,19,0,0
BRDA:139,19,1,0
BRDA:141,20,0,0
BRDA:141,20,1,0
BRDA:141,21,0,0
BRDA:141,21,1,0
BRDA:155,22,0,0
BRDA:155,22,1,0
BRDA:155,23,0,0
BRDA:155,23,1,0
BRDA:156,24,0,0
BRDA:156,24,1,0
BRDA:156,25,0,0
BRDA:156,25,1,0
BRDA:156,25,2,0
BRDA:163,26,0,0
BRDA:163,26,1,0
BRDA:163,27,0,0
BRDA:163,27,1,0
BRDA:170,28,0,0
BRDA:170,28,1,0
BRDA:171,29,0,0
BRDA:171,29,1,0
BRDA:176,30,0,0
BRDA:176,30,1,0
BRDA:177,31,0,0
BRDA:177,31,1,0
BRDA:183,32,0,0
BRDA:183,32,1,0
BRDA:189,33,0,0
BRDA:189,33,1,0
BRDA:191,34,0,0
BRDA:191,34,1,0
BRDA:192,35,0,0
BRDA:192,35,1,0
BRDA:193,36,0,0
BRDA:193,36,1,0
BRDA:205,37,0,0
BRDA:205,37,1,0
BRDA:208,38,0,0
BRDA:208,38,1,0
BRDA:211,39,0,0
BRDA:211,39,1,0
BRDA:218,40,0,0
BRDA:218,40,1,0
BRDA:221,41,0,0
BRDA:221,41,1,0
BRDA:221,42,0,0
BRDA:221,42,1,0
BRDA:224,43,0,0
BRDA:224,43,1,0
BRDA:227,44,0,0
BRDA:227,44,1,0
BRDA:227,45,0,0
BRDA:227,45,1,0
BRDA:231,46,0,0
BRDA:231,46,1,0
BRDA:231,47,0,0
BRDA:231,47,1,0
BRDA:240,48,0,0
BRDA:240,48,1,0
BRDA:243,49,0,0
BRDA:243,49,1,0
BRDA:243,50,0,0
BRDA:243,50,1,0
BRDA:246,51,0,0
BRDA:246,51,1,0
BRDA:256,52,0,0
BRDA:256,52,1,0
BRDA:269,53,0,0
BRDA:269,53,1,0
BRDA:269,54,0,0
BRDA:269,54,1,0
BRDA:275,55,0,0
BRDA:275,55,1,0
BRDA:276,56,0,0
BRDA:276,56,1,0
BRDA:276,56,2,0
BRDA:280,57,0,0
BRDA:280,57,1,0
BRDA:280,58,0,0
BRDA:280,58,1,0
BRDA:280,58,2,0
BRDA:280,58,3,0
BRDA:281,59,0,0
BRDA:281,59,1,0
BRF:125
BRH:0
end_of_record
TN:
SF:src\extension.ts
FN:48,activate
FN:54,(anonymous_1)
FN:56,(anonymous_2)
FN:61,getWorkspaceFolder
FN:68,getDefaultIgnoreSet
FN:82,loadFirmwareCatalog
FN:94,normalizeBoardKey
FN:103,findFirmwareForMachine
FN:107,(anonymous_8)
FN:109,(anonymous_9)
FN:113,getPythonCmd
FN:122,ensureEsptool
FN:132,tryCmd
FN:133,(anonymous_13)
FN:134,(anonymous_14)
FN:144,(anonymous_15)
FN:173,(anonymous_16)
FN:177,downloadFirmware
FN:179,(anonymous_18)
FN:181,(anonymous_19)
FN:184,(anonymous_20)
FN:190,(anonymous_21)
FN:190,(anonymous_22)
FN:200,(anonymous_23)
FN:200,(anonymous_24)
FN:207,isLocalSyncInitialized
FN:219,(anonymous_26)
FN:219,(anonymous_27)
FN:226,ensureMpyWorkbenchDir
FN:232,ensureWorkbenchIgnoreFile
FN:243,buildDefaultMpyIgnoreContent
FN:308,readWorkspaceConfig
FN:318,writeWorkspaceConfig
FN:328,readAutoSyncSettingFromVsCode
FN:341,workspaceAutoSyncEnabled
FN:352,(anonymous_35)
FN:368,(anonymous_36)
FN:400,(anonymous_37)
FN:401,updateLastAutoSyncStatus
FN:428,refreshAutoSyncStatus
FN:451,refreshAutoSyncUi
FN:473,(anonymous_41)
FN:475,(anonymous_42)
FN:488,(anonymous_43)
FN:495,setSkipIdleOnce
FN:496,normalizeReplBehavior
FN:502,ensureIdle
FN:508,(anonymous_47)
FN:511,withAutoSuspend
FN:523,(anonymous_49)
FN:523,(anonymous_50)
FN:542,refreshFilesViewTitle
FN:551,(anonymous_52)
FN:568,(anonymous_53)
FN:573,(anonymous_54)
FN:576,(anonymous_55)
FN:587,(anonymous_56)
FN:594,(anonymous_57)
FN:611,(anonymous_58)
FN:615,(anonymous_59)
FN:620,(anonymous_60)
FN:624,(anonymous_61)
FN:630,(anonymous_62)
FN:633,(anonymous_63)
FN:643,(anonymous_64)
FN:651,(anonymous_65)
FN:655,(anonymous_66)
FN:661,(anonymous_67)
FN:662,(anonymous_68)
FN:664,(anonymous_69)
FN:665,(anonymous_70)
FN:666,(anonymous_71)
FN:667,(anonymous_72)
FN:668,(anonymous_73)
FN:675,(anonymous_74)
FN:720,(anonymous_75)
FN:734,(anonymous_76)
FN:741,(anonymous_77)
FN:769,deactivate
FNF:79
FNH:0
FNDA:0,activate
FNDA:0,(anonymous_1)
FNDA:0,(anonymous_2)
FNDA:0,getWorkspaceFolder
FNDA:0,getDefaultIgnoreSet
FNDA:0,loadFirmwareCatalog
FNDA:0,normalizeBoardKey
FNDA:0,findFirmwareForMachine
FNDA:0,(anonymous_8)
FNDA:0,(anonymous_9)
FNDA:0,getPythonCmd
FNDA:0,ensureEsptool
FNDA:0,tryCmd
FNDA:0,(anonymous_13)
FNDA:0,(anonymous_14)
FNDA:0,(anonymous_15)
FNDA:0,(anonymous_16)
FNDA:0,downloadFirmware
FNDA:0,(anonymous_18)
FNDA:0,(anonymous_19)
FNDA:0,(anonymous_20)
FNDA:0,(anonymous_21)
FNDA:0,(anonymous_22)
FNDA:0,(anonymous_23)
FNDA:0,(anonymous_24)
FNDA:0,isLocalSyncInitialized
FNDA:0,(anonymous_26)
FNDA:0,(anonymous_27)
FNDA:0,ensureMpyWorkbenchDir
FNDA:0,ensureWorkbenchIgnoreFile
FNDA:0,buildDefaultMpyIgnoreContent
FNDA:0,readWorkspaceConfig
FNDA:0,writeWorkspaceConfig
FNDA:0,readAutoSyncSettingFromVsCode
FNDA:0,workspaceAutoSyncEnabled
FNDA:0,(anonymous_35)
FNDA:0,(anonymous_36)
FNDA:0,(anonymous_37)
FNDA:0,updateLastAutoSyncStatus
FNDA:0,refreshAutoSyncStatus
FNDA:0,refreshAutoSyncUi
FNDA:0,(anonymous_41)
FNDA:0,(anonymous_42)
FNDA:0,(anonymous_43)
FNDA:0,setSkipIdleOnce
FNDA:0,normalizeReplBehavior
FNDA:0,ensureIdle
FNDA:0,(anonymous_47)
FNDA:0,withAutoSuspend
FNDA:0,(anonymous_49)
FNDA:0,(anonymous_50)
FNDA:0,refreshFilesViewTitle
FNDA:0,(anonymous_52)
FNDA:0,(anonymous_53)
FNDA:0,(anonymous_54)
FNDA:0,(anonymous_55)
FNDA:0,(anonymous_56)
FNDA:0,(anonymous_57)
FNDA:0,(anonymous_58)
FNDA:0,(anonymous_59)
FNDA:0,(anonymous_60)
FNDA:0,(anonymous_61)
FNDA:0,(anonymous_62)
FNDA:0,(anonymous_63)
FNDA:0,(anonymous_64)
FNDA:0,(anonymous_65)
FNDA:0,(anonymous_66)
FNDA:0,(anonymous_67)
FNDA:0,(anonymous_68)
FNDA:0,(anonymous_69)
FNDA:0,(anonymous_70)
FNDA:0,(anonymous_71)
FNDA:0,(anonymous_72)
FNDA:0,(anonymous_73)
FNDA:0,(anonymous_74)
FNDA:0,(anonymous_75)
FNDA:0,(anonymous_76)
FNDA:0,(anonymous_77)
FNDA:0,deactivate
DA:2,0
DA:3,0
DA:4,0
DA:5,0
DA:7,0
DA:9,0
DA:10,0
DA:11,0
DA:12,0
DA:13,0
DA:14,0
DA:15,0
DA:16,0
DA:17,0
DA:18,0
DA:19,0
DA:21,0
DA:22,0
DA:40,0
DA:41,0
DA:42,0
DA:43,0
DA:44,0
DA:45,0
DA:46,0
DA:48,0
DA:50,0
DA:51,0
DA:54,0
DA:55,0
DA:57,0
DA:62,0
DA:63,0
DA:64,0
DA:69,0
DA:83,0
DA:84,0
DA:85,0
DA:86,0
DA:87,0
DA:89,0
DA:90,0
DA:95,0
DA:96,0
DA:97,0
DA:98,0
DA:99,0
DA:100,0
DA:104,0
DA:105,0
DA:106,0
DA:107,0
DA:108,0
DA:109,0
DA:114,0
DA:115,0
DA:116,0
DA:118,0
DA:123,0
DA:125,0
DA:133,0
DA:134,0
DA:135,0
DA:136,0
DA:138,0
DA:144,0
DA:145,0
DA:146,0
DA:149,0
DA:151,0
DA:152,0
DA:153,0
DA:156,0
DA:157,0
DA:158,0
DA:162,0
DA:163,0
DA:164,0
DA:168,0
DA:169,0
DA:170,0
DA:173,0
DA:174,0
DA:178,0
DA:179,0
DA:180,0
DA:181,0
DA:182,0
DA:184,0
DA:185,0
DA:186,0
DA:187,0
DA:189,0
DA:190,0
DA:191,0
DA:193,0
DA:195,0
DA:196,0
DA:197,0
DA:199,0
DA:200,0
DA:201,0
DA:208,0
DA:209,0
DA:210,0
DA:211,0
DA:212,0
DA:214,0
DA:219,0
DA:222,0
DA:223,0
DA:224,0
DA:227,0
DA:228,0
DA:233,0
DA:234,0
DA:235,0
DA:236,0
DA:238,0
DA:239,0
DA:244,0
DA:309,0
DA:310,0
DA:311,0
DA:312,0
DA:314,0
DA:319,0
DA:320,0
DA:321,0
DA:322,0
DA:324,0
DA:329,0
DA:333,0
DA:337,0
DA:342,0
DA:343,0
DA:345,0
DA:346,0
DA:348,0
DA:352,0
DA:353,0
DA:354,0
DA:355,0
DA:356,0
DA:358,0
DA:359,0
DA:360,0
DA:361,0
DA:366,0
DA:367,0
DA:368,0
DA:370,0
DA:371,0
DA:372,0
DA:373,0
DA:374,0
DA:375,0
DA:376,0
DA:377,0
DA:379,0
DA:382,0
DA:383,0
DA:386,0
DA:387,0
DA:388,0
DA:389,0
DA:392,0
DA:393,0
DA:394,0
DA:397,0
DA:398,0
DA:400,0
DA:402,0
DA:403,0
DA:404,0
DA:405,0
DA:406,0
DA:408,0
DA:409,0
DA:410,0
DA:411,0
DA:412,0
DA:414,0
DA:415,0
DA:416,0
DA:417,0
DA:421,0
DA:422,0
DA:423,0
DA:424,0
DA:425,0
DA:426,0
DA:429,0
DA:430,0
DA:431,0
DA:432,0
DA:433,0
DA:434,0
DA:435,0
DA:437,0
DA:438,0
DA:439,0
DA:440,0
DA:441,0
DA:442,0
DA:444,0
DA:445,0
DA:446,0
DA:452,0
DA:453,0
DA:457,0
DA:458,0
DA:459,0
DA:463,0
DA:464,0
DA:465,0
DA:466,0
DA:467,0
DA:468,0
DA:472,0
DA:474,0
DA:475,0
DA:481,0
DA:482,0
DA:485,0
DA:486,0
DA:487,0
DA:488,0
DA:492,0
DA:493,0
DA:494,0
DA:495,0
DA:497,0
DA:498,0
DA:499,0
DA:500,0
DA:505,0
DA:506,0
DA:507,0
DA:508,0
DA:512,0
DA:514,0
DA:515,0
DA:518,0
DA:519,0
DA:520,0
DA:523,0
DA:524,0
DA:525,0
DA:526,0
DA:527,0
DA:529,0
DA:530,0
DA:531,0
DA:532,0
DA:534,0
DA:538,0
DA:544,0
DA:545,0
DA:547,0
DA:548,0
DA:550,0
DA:551,0
DA:552,0
DA:553,0
DA:554,0
DA:555,0
DA:556,0
DA:557,0
DA:558,0
DA:559,0
DA:560,0
DA:563,0
DA:568,0
DA:569,0
DA:574,0
DA:577,0
DA:578,0
DA:579,0
DA:580,0
DA:581,0
DA:583,0
DA:584,0
DA:588,0
DA:594,0
DA:612,0
DA:613,0
DA:616,0
DA:617,0
DA:621,0
DA:622,0
DA:623,0
DA:624,0
DA:626,0
DA:631,0
DA:632,0
DA:633,0
DA:634,0
DA:635,0
DA:636,0
DA:637,0
DA:643,0
DA:652,0
DA:656,0
DA:657,0
DA:658,0
DA:661,0
DA:662,0
DA:664,0
DA:665,0
DA:666,0
DA:667,0
DA:668,0
DA:674,0
DA:676,0
DA:677,0
DA:679,0
DA:680,0
DA:682,0
DA:683,0
DA:684,0
DA:685,0
DA:686,0
DA:687,0
DA:688,0
DA:690,0
DA:692,0
DA:693,0
DA:694,0
DA:695,0
DA:696,0
DA:698,0
DA:701,0
DA:702,0
DA:703,0
DA:705,0
DA:706,0
DA:710,0
DA:711,0
DA:712,0
DA:714,0
DA:717,0
DA:718,0
DA:719,0
DA:720,0
DA:723,0
DA:724,0
DA:725,0
DA:726,0
DA:727,0
DA:730,0
DA:731,0
DA:735,0
DA:741,0
DA:742,0
DA:743,0
DA:744,0
DA:745,0
DA:748,0
DA:754,0
DA:755,0
DA:756,0
DA:757,0
DA:759,0
DA:761,0
DA:762,0
DA:764,0
DA:769,0
LF:368
LH:0
BRDA:63,0,0,0
BRDA:63,0,1,0
BRDA:87,1,0,0
BRDA:87,1,1,0
BRDA:95,2,0,0
BRDA:95,2,1,0
BRDA:98,3,0,0
BRDA:98,3,1,0
BRDA:98,4,0,0
BRDA:98,4,1,0
BRDA:99,5,0,0
BRDA:99,5,1,0
BRDA:105,6,0,0
BRDA:105,6,1,0
BRDA:108,7,0,0
BRDA:108,7,1,0
BRDA:135,8,0,0
BRDA:135,8,1,0
BRDA:136,9,0,0
BRDA:136,9,1,0
BRDA:136,9,2,0
BRDA:145,10,0,0
BRDA:145,10,1,0
BRDA:145,10,2,0
BRDA:145,11,0,0
BRDA:145,11,1,0
BRDA:146,12,0,0
BRDA:146,12,1,0
BRDA:146,13,0,0
BRDA:146,13,1,0
BRDA:156,14,0,0
BRDA:156,14,1,0
BRDA:173,15,0,0
BRDA:173,15,1,0
BRDA:182,16,0,0
BRDA:182,16,1,0
BRDA:182,17,0,0
BRDA:182,17,1,0
BRDA:182,17,2,0
BRDA:182,17,3,0
BRDA:185,18,0,0
BRDA:185,18,1,0
BRDA:195,19,0,0
BRDA:195,19,1,0
BRDA:333,20,0,0
BRDA:333,20,1,0
BRDA:334,21,0,0
BRDA:334,21,1,0
BRDA:335,22,0,0
BRDA:335,22,1,0
BRDA:337,23,0,0
BRDA:337,23,1,0
BRDA:343,24,0,0
BRDA:343,24,1,0
BRDA:346,25,0,0
BRDA:346,25,1,0
BRDA:354,26,0,0
BRDA:354,26,1,0
BRDA:356,27,0,0
BRDA:356,27,1,0
BRDA:402,28,0,0
BRDA:402,28,1,0
BRDA:408,29,0,0
BRDA:408,29,1,0
BRDA:416,30,0,0
BRDA:416,30,1,0
BRDA:431,31,0,0
BRDA:431,31,1,0
BRDA:438,32,0,0
BRDA:438,32,1,0
BRDA:439,33,0,0
BRDA:439,33,1,0
BRDA:441,34,0,0
BRDA:441,34,1,0
BRDA:457,35,0,0
BRDA:457,35,1,0
BRDA:457,36,0,0
BRDA:457,36,1,0
BRDA:474,37,0,0
BRDA:474,37,1,0
BRDA:487,38,0,0
BRDA:487,38,1,0
BRDA:497,39,0,0
BRDA:497,39,1,0
BRDA:497,40,0,0
BRDA:497,40,1,0
BRDA:497,40,2,0
BRDA:497,40,3,0
BRDA:498,41,0,0
BRDA:498,41,1,0
BRDA:499,42,0,0
BRDA:499,42,1,0
BRDA:506,43,0,0
BRDA:506,43,1,0
BRDA:508,44,0,0
BRDA:508,44,1,0
BRDA:511,45,0,0
BRDA:514,46,0,0
BRDA:514,46,1,0
BRDA:518,47,0,0
BRDA:518,47,1,0
BRDA:518,48,0,0
BRDA:518,48,1,0
BRDA:548,49,0,0
BRDA:548,49,1,0
BRDA:548,50,0,0
BRDA:548,50,1,0
BRDA:552,51,0,0
BRDA:552,51,1,0
BRDA:554,52,0,0
BRDA:554,52,1,0
BRDA:555,53,0,0
BRDA:555,53,1,0
BRDA:556,54,0,0
BRDA:556,54,1,0
BRDA:558,55,0,0
BRDA:558,55,1,0
BRDA:584,56,0,0
BRDA:584,56,1,0
BRDA:624,57,0,0
BRDA:624,57,1,0
BRDA:631,58,0,0
BRDA:631,58,1,0
BRDA:657,59,0,0
BRDA:657,59,1,0
BRDA:677,60,0,0
BRDA:677,60,1,0
BRDA:680,61,0,0
BRDA:680,61,1,0
BRDA:684,62,0,0
BRDA:684,62,1,0
BRDA:686,63,0,0
BRDA:686,63,1,0
BRDA:696,64,0,0
BRDA:696,64,1,0
BRDA:701,65,0,0
BRDA:701,65,1,0
BRDA:705,66,0,0
BRDA:705,66,1,0
BRDA:711,67,0,0
BRDA:711,67,1,0
BRDA:731,68,0,0
BRDA:731,68,1,0
BRDA:735,69,0,0
BRDA:735,69,1,0
BRDA:761,70,0,0
BRDA:761,70,1,0
BRF:147
BRH:0
end_of_record
TN:
SF:src\monitor.ts
FN:5,(anonymous_0)
FN:13,(anonymous_1)
FN:20,(anonymous_2)
FN:25,(anonymous_3)
FN:27,(anonymous_4)
FN:38,(anonymous_5)
FN:41,(anonymous_6)
FN:41,(anonymous_7)
FN:44,(anonymous_8)
FN:54,(anonymous_9)
FN:55,(anonymous_10)
FN:56,(anonymous_11)
FN:57,(anonymous_12)
FN:57,(anonymous_13)
FNF:14
FNH:0
FNDA:0,(anonymous_0)
FNDA:0,(anonymous_1)
FNDA:0,(anonymous_2)
FNDA:0,(anonymous_3)
FNDA:0,(anonymous_4)
FNDA:0,(anonymous_5)
FNDA:0,(anonymous_6)
FNDA:0,(anonymous_7)
FNDA:0,(anonymous_8)
FNDA:0,(anonymous_9)
FNDA:0,(anonymous_10)
FNDA:0,(anonymous_11)
FNDA:0,(anonymous_12)
FNDA:0,(anonymous_13)
DA:1,0
DA:2,0
DA:3,0
DA:7,0
DA:8,0
DA:10,0
DA:11,0
DA:14,0
DA:15,0
DA:16,0
DA:17,0
DA:21,0
DA:22,0
DA:25,0
DA:28,0
DA:29,0
DA:30,0
DA:31,0
DA:33,0
DA:34,0
DA:39,0
DA:40,0
DA:41,0
DA:45,0
DA:46,0
DA:47,0
DA:49,0
DA:50,0
DA:51,0
DA:52,0
DA:53,0
DA:54,0
DA:55,0
DA:56,0
DA:57,0
DA:58,0
DA:60,0
DA:61,0
DA:62,0
DA:65,0
DA:69,0
LF:41
LH:0
BRDA:14,0,0,0
BRDA:14,0,1,0
BRDA:15,1,0,0
BRDA:15,1,1,0
BRDA:22,2,0,0
BRDA:22,2,1,0
BRDA:34,3,0,0
BRDA:34,3,1,0
BRDA:39,4,0,0
BRDA:39,4,1,0
BRDA:39,5,0,0
BRDA:39,5,1,0
BRDA:40,6,0,0
BRDA:40,6,1,0
BRDA:45,7,0,0
BRDA:45,7,1,0
BRDA:45,8,0,0
BRDA:45,8,1,0
BRDA:47,9,0,0
BRDA:47,9,1,0
BRDA:54,10,0,0
BRDA:54,10,1,0
BRDA:55,11,0,0
BRDA:55,11,1,0
BRDA:60,12,0,0
BRDA:60,12,1,0
BRDA:61,13,0,0
BRDA:61,13,1,0
BRDA:65,14,0,0
BRDA:65,14,1,0
BRDA:65,15,0,0
BRDA:65,15,1,0
BRF:32
BRH:0
end_of_record
TN:
SF:src\mpremote.ts
FN:7,normalizeConnect
FN:31,(anonymous_1)
FN:36,(anonymous_2)
FN:52,(anonymous_3)
FN:60,(anonymous_4)
FN:70,(anonymous_5)
FN:78,(anonymous_6)
FN:84,(anonymous_7)
FN:92,(anonymous_8)
FN:102,(anonymous_9)
FN:103,(anonymous_10)
FN:109,(anonymous_11)
FN:118,(anonymous_12)
FN:129,runMpremote
FN:133,(anonymous_14)
FN:137,(anonymous_15)
FN:160,(anonymous_16)
FN:177,(anonymous_17)
FN:228,ls
FN:232,(anonymous_19)
FN:253,populateFileTreeCache
FN:263,(anonymous_21)
FN:299,isCacheValid
FN:306,getEntriesFromCache
FN:313,(anonymous_24)
FN:317,(anonymous_25)
FN:322,(anonymous_26)
FN:331,(anonymous_27)
FN:333,(anonymous_28)
FN:336,(anonymous_29)
FN:343,(anonymous_30)
FN:348,(anonymous_31)
FN:353,clearFileTreeCache
FN:360,refreshFileTreeCache
FN:368,debugTreeParsing
FN:403,debugFilesystemStatus
FN:474,getFileTreeCacheStats
FN:486,(anonymous_37)
FN:505,parseTreeLines
FN:506,(anonymous_39)
FN:549,(anonymous_40)
FN:554,parseTreeLine
FN:595,determineIsDirectory
FN:647,buildTreeFromParsedLines
FN:663,(anonymous_44)
FN:694,(anonymous_45)
FN:707,parseTreeForPath
FN:716,(anonymous_47)
FN:718,(anonymous_48)
FN:728,(anonymous_49)
FN:729,(anonymous_50)
FN:752,(anonymous_51)
FN:757,(anonymous_52)
FN:758,(anonymous_53)
FN:766,lsTyped
FN:805,(anonymous_55)
FN:812,(anonymous_56)
FN:850,detectBoardInfo
FN:861,(anonymous_58)
FN:871,listSerialPorts
FN:874,(anonymous_60)
FN:877,(anonymous_61)
FN:903,mkdir
FN:923,cpFromDevice
FN:951,(anonymous_64)
FN:976,cpToDevice
FN:1009,(anonymous_66)
FN:1031,(anonymous_67)
FN:1080,(anonymous_68)
FN:1131,uploadReplacing
FN:1181,(anonymous_70)
FN:1216,deleteFile
FN:1223,deleteDirectoryRecursive
FN:1229,(anonymous_73)
FN:1237,(anonymous_74)
FN:1274,deleteAny
FN:1328,deleteFolderRecursive
FN:1332,fileExists
FN:1361,fileExistsSha256
FN:1398,getFileInfo
FN:1404,(anonymous_80)
FN:1439,deleteAllInPath
FN:1456,(anonymous_82)
FN:1457,(anonymous_83)
FN:1505,runFile
FN:1513,reset
FN:1527,listTreeStats
FN:1584,(anonymous_87)
FN:1595,(anonymous_88)
FN:1623,cancelAll
FN:1629,healthCheck
FN:1648,getConnectionStats
FN:1661,getBoardFilesAndSizes
FN:1674,(anonymous_93)
FN:1762,getBoardFileSizes
FN:1771,mvOnDevice
FN:1776,(anonymous_96)
FN:1787,(anonymous_97)
FN:1805,cleanupConnections
FNF:99
FNH:0
FNDA:0,normalizeConnect
FNDA:0,(anonymous_1)
FNDA:0,(anonymous_2)
FNDA:0,(anonymous_3)
FNDA:0,(anonymous_4)
FNDA:0,(anonymous_5)
FNDA:0,(anonymous_6)
FNDA:0,(anonymous_7)
FNDA:0,(anonymous_8)
FNDA:0,(anonymous_9)
FNDA:0,(anonymous_10)
FNDA:0,(anonymous_11)
FNDA:0,(anonymous_12)
FNDA:0,runMpremote
FNDA:0,(anonymous_14)
FNDA:0,(anonymous_15)
FNDA:0,(anonymous_16)
FNDA:0,(anonymous_17)
FNDA:0,ls
FNDA:0,(anonymous_19)
FNDA:0,populateFileTreeCache
FNDA:0,(anonymous_21)
FNDA:0,isCacheValid
FNDA:0,getEntriesFromCache
FNDA:0,(anonymous_24)
FNDA:0,(anonymous_25)
FNDA:0,(anonymous_26)
FNDA:0,(anonymous_27)
FNDA:0,(anonymous_28)
FNDA:0,(anonymous_29)
FNDA:0,(anonymous_30)
FNDA:0,(anonymous_31)
FNDA:0,clearFileTreeCache
FNDA:0,refreshFileTreeCache
FNDA:0,debugTreeParsing
FNDA:0,debugFilesystemStatus
FNDA:0,getFileTreeCacheStats
FNDA:0,(anonymous_37)
FNDA:0,parseTreeLines
FNDA:0,(anonymous_39)
FNDA:0,(anonymous_40)
FNDA:0,parseTreeLine
FNDA:0,determineIsDirectory
FNDA:0,buildTreeFromParsedLines
FNDA:0,(anonymous_44)
FNDA:0,(anonymous_45)
FNDA:0,parseTreeForPath
FNDA:0,(anonymous_47)
FNDA:0,(anonymous_48)
FNDA:0,(anonymous_49)
FNDA:0,(anonymous_50)
FNDA:0,(anonymous_51)
FNDA:0,(anonymous_52)
FNDA:0,(anonymous_53)
FNDA:0,lsTyped
FNDA:0,(anonymous_55)
FNDA:0,(anonymous_56)
FNDA:0,detectBoardInfo
FNDA:0,(anonymous_58)
FNDA:0,listSerialPorts
FNDA:0,(anonymous_60)
FNDA:0,(anonymous_61)
FNDA:0,mkdir
FNDA:0,cpFromDevice
FNDA:0,(anonymous_64)
FNDA:0,cpToDevice
FNDA:0,(anonymous_66)
FNDA:0,(anonymous_67)
FNDA:0,(anonymous_68)
FNDA:0,uploadReplacing
FNDA:0,(anonymous_70)
FNDA:0,deleteFile
FNDA:0,deleteDirectoryRecursive
FNDA:0,(anonymous_73)
FNDA:0,(anonymous_74)
FNDA:0,deleteAny
FNDA:0,deleteFolderRecursive
FNDA:0,fileExists
FNDA:0,fileExistsSha256
FNDA:0,getFileInfo
FNDA:0,(anonymous_80)
FNDA:0,deleteAllInPath
FNDA:0,(anonymous_82)
FNDA:0,(anonymous_83)
FNDA:0,runFile
FNDA:0,reset
FNDA:0,listTreeStats
FNDA:0,(anonymous_87)
FNDA:0,(anonymous_88)
FNDA:0,cancelAll
FNDA:0,healthCheck
FNDA:0,getConnectionStats
FNDA:0,getBoardFilesAndSizes
FNDA:0,(anonymous_93)
FNDA:0,getBoardFileSizes
FNDA:0,mvOnDevice
FNDA:0,(anonymous_96)
FNDA:0,(anonymous_97)
FNDA:0,cleanupConnections
DA:1,0
DA:2,0
DA:3,0
DA:4,0
DA:5,0
DA:8,0
DA:9,0
DA:12,0
DA:13,0
DA:14,0
DA:15,0
DA:18,0
DA:19,0
DA:22,0
DA:26,0
DA:27,0
DA:28,0
DA:32,0
DA:37,0
DA:38,0
DA:40,0
DA:42,0
DA:43,0
DA:47,0
DA:48,0
DA:53,0
DA:54,0
DA:55,0
DA:61,0
DA:62,0
DA:63,0
DA:64,0
DA:65,0
DA:71,0
DA:72,0
DA:73,0
DA:79,0
DA:80,0
DA:85,0
DA:86,0
DA:87,0
DA:93,0
DA:94,0
DA:95,0
DA:96,0
DA:103,0
DA:104,0
DA:110,0
DA:111,0
DA:112,0
DA:114,0
DA:119,0
DA:127,0
DA:129,0
DA:133,0
DA:134,0
DA:135,0
DA:137,0
DA:138,0
DA:141,0
DA:142,0
DA:143,0
DA:144,0
DA:146,0
DA:147,0
DA:149,0
DA:150,0
DA:153,0
DA:155,0
DA:157,0
DA:160,0
DA:161,0
DA:162,0
DA:164,0
DA:167,0
DA:170,0
DA:177,0
DA:178,0
DA:180,0
DA:181,0
DA:182,0
DA:185,0
DA:188,0
DA:192,0
DA:193,0
DA:197,0
DA:204,0
DA:205,0
DA:206,0
DA:209,0
DA:213,0
DA:214,0
DA:218,0
DA:221,0
DA:224,0
DA:228,0
DA:229,0
DA:231,0
DA:232,0
DA:233,0
DA:235,0
DA:248,0
DA:249,0
DA:250,0
DA:254,0
DA:255,0
DA:256,0
DA:257,0
DA:259,0
DA:262,0
DA:263,0
DA:266,0
DA:267,0
DA:268,0
DA:269,0
DA:270,0
DA:273,0
DA:274,0
DA:278,0
DA:279,0
DA:282,0
DA:285,0
DA:286,0
DA:288,0
DA:289,0
DA:291,0
DA:293,0
DA:294,0
DA:300,0
DA:301,0
DA:302,0
DA:307,0
DA:309,0
DA:310,0
DA:312,0
DA:313,0
DA:317,0
DA:318,0
DA:322,0
DA:323,0
DA:325,0
DA:326,0
DA:328,0
DA:329,0
DA:330,0
DA:331,0
DA:333,0
DA:334,0
DA:335,0
DA:336,0
DA:337,0
DA:339,0
DA:340,0
DA:343,0
DA:348,0
DA:349,0
DA:353,0
DA:354,0
DA:355,0
DA:356,0
DA:360,0
DA:361,0
DA:362,0
DA:363,0
DA:364,0
DA:368,0
DA:369,0
DA:370,0
DA:371,0
DA:374,0
DA:375,0
DA:378,0
DA:379,0
DA:382,0
DA:383,0
DA:386,0
DA:387,0
DA:390,0
DA:391,0
DA:392,0
DA:393,0
DA:394,0
DA:398,0
DA:403,0
DA:404,0
DA:405,0
DA:406,0
DA:409,0
DA:410,0
DA:411,0
DA:414,0
DA:415,0
DA:416,0
DA:417,0
DA:419,0
DA:423,0
DA:424,0
DA:425,0
DA:426,0
DA:429,0
DA:430,0
DA:431,0
DA:433,0
DA:436,0
DA:440,0
DA:441,0
DA:442,0
DA:443,0
DA:445,0
DA:446,0
DA:449,0
DA:450,0
DA:451,0
DA:453,0
DA:456,0
DA:460,0
DA:461,0
DA:462,0
DA:463,0
DA:465,0
DA:469,0
DA:474,0
DA:480,0
DA:481,0
DA:482,0
DA:484,0
DA:486,0
DA:487,0
DA:488,0
DA:489,0
DA:491,0
DA:493,0
DA:496,0
DA:506,0
DA:507,0
DA:508,0
DA:510,0
DA:512,0
DA:514,0
DA:516,0
DA:519,0
DA:520,0
DA:521,0
DA:522,0
DA:525,0
DA:526,0
DA:530,0
DA:533,0
DA:534,0
DA:537,0
DA:538,0
DA:540,0
DA:543,0
DA:544,0
DA:545,0
DA:549,0
DA:550,0
DA:555,0
DA:557,0
DA:558,0
DA:559,0
DA:562,0
DA:563,0
DA:566,0
DA:568,0
DA:569,0
DA:570,0
DA:572,0
DA:573,0
DA:574,0
DA:576,0
DA:577,0
DA:580,0
DA:581,0
DA:583,0
DA:584,0
DA:585,0
DA:587,0
DA:591,0
DA:597,0
DA:599,0
DA:600,0
DA:601,0
DA:602,0
DA:607,0
DA:608,0
DA:614,0
DA:615,0
DA:616,0
DA:620,0
DA:621,0
DA:622,0
DA:625,0
DA:626,0
DA:628,0
DA:632,0
DA:633,0
DA:638,0
DA:639,0
DA:642,0
DA:648,0
DA:650,0
DA:657,0
DA:658,0
DA:660,0
DA:661,0
DA:663,0
DA:664,0
DA:666,0
DA:668,0
DA:670,0
DA:671,0
DA:673,0
DA:680,0
DA:682,0
DA:683,0
DA:684,0
DA:687,0
DA:689,0
DA:693,0
DA:694,0
DA:695,0
DA:696,0
DA:697,0
DA:698,0
DA:701,0
DA:703,0
DA:708,0
DA:710,0
DA:712,0
DA:715,0
DA:716,0
DA:718,0
DA:719,0
DA:721,0
DA:723,0
DA:724,0
DA:725,0
DA:728,0
DA:729,0
DA:731,0
DA:734,0
DA:735,0
DA:736,0
DA:740,0
DA:741,0
DA:742,0
DA:743,0
DA:747,0
DA:748,0
DA:752,0
DA:757,0
DA:758,0
DA:759,0
DA:761,0
DA:762,0
DA:766,0
DA:767,0
DA:768,0
DA:770,0
DA:772,0
DA:773,0
DA:774,0
DA:776,0
DA:780,0
DA:781,0
DA:782,0
DA:783,0
DA:786,0
DA:789,0
DA:790,0
DA:792,0
DA:795,0
DA:796,0
DA:797,0
DA:798,0
DA:799,0
DA:801,0
DA:802,0
DA:805,0
DA:806,0
DA:808,0
DA:809,0
DA:810,0
DA:812,0
DA:813,0
DA:814,0
DA:815,0
DA:817,0
DA:818,0
DA:819,0
DA:821,0
DA:829,0
DA:830,0
DA:832,0
DA:836,0
DA:838,0
DA:839,0
DA:850,0
DA:851,0
DA:852,0
DA:856,0
DA:858,0
DA:859,0
DA:860,0
DA:861,0
DA:862,0
DA:863,0
DA:864,0
DA:866,0
DA:867,0
DA:871,0
DA:872,0
DA:873,0
DA:874,0
DA:877,0
DA:878,0
DA:879,0
DA:880,0
DA:882,0
DA:884,0
DA:886,0
DA:887,0
DA:890,0
DA:893,0
DA:894,0
DA:896,0
DA:898,0
DA:899,0
DA:903,0
DA:904,0
DA:905,0
DA:908,0
DA:910,0
DA:911,0
DA:912,0
DA:915,0
DA:918,0
DA:919,0
DA:923,0
DA:924,0
DA:925,0
DA:928,0
DA:930,0
DA:931,0
DA:933,0
DA:934,0
DA:935,0
DA:938,0
DA:939,0
DA:946,0
DA:948,0
DA:950,0
DA:951,0
DA:953,0
DA:954,0
DA:955,0
DA:956,0
DA:958,0
DA:959,0
DA:961,0
DA:962,0
DA:967,0
DA:969,0
DA:970,0
DA:971,0
DA:972,0
DA:976,0
DA:977,0
DA:978,0
DA:981,0
DA:983,0
DA:985,0
DA:986,0
DA:988,0
DA:989,0
DA:990,0
DA:992,0
DA:993,0
DA:996,0
DA:997,0
DA:998,0
DA:1001,0
DA:1007,0
DA:1008,0
DA:1009,0
DA:1011,0
DA:1012,0
DA:1013,0
DA:1016,0
DA:1018,0
DA:1021,0
DA:1024,0
DA:1027,0
DA:1028,0
DA:1030,0
DA:1031,0
DA:1034,0
DA:1035,0
DA:1036,0
DA:1037,0
DA:1038,0
DA:1040,0
DA:1041,0
DA:1042,0
DA:1048,0
DA:1049,0
DA:1050,0
DA:1051,0
DA:1052,0
DA:1053,0
DA:1054,0
DA:1056,0
DA:1062,0
DA:1063,0
DA:1066,0
DA:1067,0
DA:1068,0
DA:1070,0
DA:1074,0
DA:1077,0
DA:1078,0
DA:1079,0
DA:1080,0
DA:1081,0
DA:1084,0
DA:1085,0
DA:1086,0
DA:1087,0
DA:1088,0
DA:1091,0
DA:1092,0
DA:1094,0
DA:1098,0
DA:1099,0
DA:1100,0
DA:1101,0
DA:1104,0
DA:1105,0
DA:1106,0
DA:1107,0
DA:1110,0
DA:1111,0
DA:1113,0
DA:1117,0
DA:1118,0
DA:1119,0
DA:1120,0
DA:1122,0
DA:1126,0
DA:1127,0
DA:1131,0
DA:1132,0
DA:1133,0
DA:1136,0
DA:1138,0
DA:1140,0
DA:1141,0
DA:1143,0
DA:1144,0
DA:1145,0
DA:1147,0
DA:1148,0
DA:1151,0
DA:1152,0
DA:1153,0
DA:1156,0
DA:1162,0
DA:1163,0
DA:1166,0
DA:1168,0
DA:1171,0
DA:1174,0
DA:1177,0
DA:1178,0
DA:1180,0
DA:1181,0
DA:1184,0
DA:1185,0
DA:1186,0
DA:1187,0
DA:1188,0
DA:1190,0
DA:1191,0
DA:1192,0
DA:1198,0
DA:1199,0
DA:1200,0
DA:1201,0
DA:1202,0
DA:1203,0
DA:1204,0
DA:1206,0
DA:1211,0
DA:1212,0
DA:1216,0
DA:1217,0
DA:1218,0
DA:1219,0
DA:1220,0
DA:1223,0
DA:1224,0
DA:1226,0
DA:1228,0
DA:1229,0
DA:1231,0
DA:1234,0
DA:1235,0
DA:1237,0
DA:1238,0
DA:1239,0
DA:1240,0
DA:1241,0
DA:1243,0
DA:1245,0
DA:1247,0
DA:1249,0
DA:1252,0
DA:1253,0
DA:1254,0
DA:1256,0
DA:1264,0
DA:1265,0
DA:1266,0
DA:1269,0
DA:1270,0
DA:1274,0
DA:1275,0
DA:1276,0
DA:1279,0
DA:1281,0
DA:1283,0
DA:1284,0
DA:1287,0
DA:1288,0
DA:1291,0
DA:1292,0
DA:1295,0
DA:1296,0
DA:1299,0
DA:1301,0
DA:1304,0
DA:1305,0
DA:1307,0
DA:1309,0
DA:1310,0
DA:1313,0
DA:1314,0
DA:1316,0
DA:1317,0
DA:1318,0
DA:1323,0
DA:1324,0
DA:1328,0
DA:1329,0
DA:1332,0
DA:1333,0
DA:1334,0
DA:1336,0
DA:1337,0
DA:1338,0
DA:1339,0
DA:1341,0
DA:1343,0
DA:1346,0
DA:1349,0
DA:1352,0
DA:1353,0
DA:1356,0
DA:1361,0
DA:1362,0
DA:1363,0
DA:1365,0
DA:1366,0
DA:1368,0
DA:1371,0
DA:1372,0
DA:1373,0
DA:1375,0
DA:1377,0
DA:1379,0
DA:1384,0
DA:1387,0
DA:1390,0
DA:1391,0
DA:1394,0
DA:1398,0
DA:1399,0
DA:1400,0
DA:1402,0
DA:1404,0
DA:1405,0
DA:1406,0
DA:1408,0
DA:1409,0
DA:1413,0
DA:1414,0
DA:1415,0
DA:1416,0
DA:1418,0
DA:1425,0
DA:1427,0
DA:1429,0
DA:1432,0
DA:1435,0
DA:1439,0
DA:1440,0
DA:1441,0
DA:1444,0
DA:1446,0
DA:1447,0
DA:1449,0
DA:1451,0
DA:1453,0
DA:1456,0
DA:1457,0
DA:1458,0
DA:1462,0
DA:1463,0
DA:1464,0
DA:1465,0
DA:1466,0
DA:1467,0
DA:1469,0
DA:1470,0
DA:1471,0
DA:1476,0
DA:1477,0
DA:1478,0
DA:1480,0
DA:1481,0
DA:1486,0
DA:1488,0
DA:1495,0
DA:1496,0
DA:1505,0
DA:1506,0
DA:1507,0
DA:1508,0
DA:1509,0
DA:1510,0
DA:1513,0
DA:1514,0
DA:1515,0
DA:1517,0
DA:1519,0
DA:1523,0
DA:1527,0
DA:1528,0
DA:1529,0
DA:1532,0
DA:1534,0
DA:1536,0
DA:1537,0
DA:1538,0
DA:1540,0
DA:1542,0
DA:1543,0
DA:1544,0
DA:1546,0
DA:1547,0
DA:1550,0
DA:1553,0
DA:1555,0
DA:1558,0
DA:1566,0
DA:1567,0
DA:1569,0
DA:1572,0
DA:1577,0
DA:1580,0
DA:1581,0
DA:1584,0
DA:1585,0
DA:1587,0
DA:1588,0
DA:1589,0
DA:1591,0
DA:1595,0
DA:1596,0
DA:1597,0
DA:1598,0
DA:1599,0
DA:1602,0
DA:1604,0
DA:1616,0
DA:1618,0
DA:1619,0
DA:1623,0
DA:1624,0
DA:1625,0
DA:1629,0
DA:1630,0
DA:1631,0
DA:1633,0
DA:1635,0
DA:1636,0
DA:1639,0
DA:1640,0
DA:1642,0
DA:1643,0
DA:1648,0
DA:1653,0
DA:1661,0
DA:1665,0
DA:1666,0
DA:1668,0
DA:1670,0
DA:1671,0
DA:1672,0
DA:1674,0
DA:1675,0
DA:1678,0
DA:1680,0
DA:1681,0
DA:1684,0
DA:1685,0
DA:1686,0
DA:1687,0
DA:1688,0
DA:1689,0
DA:1690,0
DA:1691,0
DA:1692,0
DA:1693,0
DA:1694,0
DA:1695,0
DA:1696,0
DA:1698,0
DA:1702,0
DA:1705,0
DA:1706,0
DA:1707,0
DA:1708,0
DA:1711,0
DA:1715,0
DA:1716,0
DA:1718,0
DA:1722,0
DA:1723,0
DA:1726,0
DA:1727,0
DA:1731,0
DA:1732,0
DA:1734,0
DA:1738,0
DA:1739,0
DA:1741,0
DA:1745,0
DA:1746,0
DA:1749,0
DA:1750,0
DA:1754,0
DA:1756,0
DA:1757,0
DA:1762,0
DA:1763,0
DA:1764,0
DA:1765,0
DA:1766,0
DA:1768,0
DA:1771,0
DA:1772,0
DA:1773,0
DA:1775,0
DA:1776,0
DA:1777,0
DA:1778,0
DA:1779,0
DA:1781,0
DA:1782,0
DA:1784,0
DA:1787,0
DA:1788,0
DA:1789,0
DA:1790,0
DA:1793,0
DA:1794,0
DA:1795,0
DA:1798,0
DA:1800,0
DA:1805,0
DA:1806,0
DA:1807,0
LF:884
LH:0
BRDA:8,0,0,0
BRDA:8,0,1,0
BRDA:9,1,0,0
BRDA:9,1,1,0
BRDA:12,2,0,0
BRDA:12,2,1,0
BRDA:12,3,0,0
BRDA:12,3,1,0
BRDA:40,4,0,0
BRDA:40,4,1,0
BRDA:40,5,0,0
BRDA:40,5,1,0
BRDA:40,5,2,0
BRDA:54,6,0,0
BRDA:54,6,1,0
BRDA:62,7,0,0
BRDA:62,7,1,0
BRDA:72,8,0,0
BRDA:72,8,1,0
BRDA:80,9,0,0
BRDA:80,9,1,0
BRDA:86,10,0,0
BRDA:86,10,1,0
BRDA:95,11,0,0
BRDA:95,11,1,0
BRDA:110,12,0,0
BRDA:110,12,1,0
BRDA:131,13,0,0
BRDA:134,14,0,0
BRDA:134,14,1,0
BRDA:143,15,0,0
BRDA:143,15,1,0
BRDA:143,16,0,0
BRDA:143,16,1,0
BRDA:146,17,0,0
BRDA:146,17,1,0
BRDA:161,18,0,0
BRDA:161,18,1,0
BRDA:161,19,0,0
BRDA:161,19,1,0
BRDA:161,19,2,0
BRDA:161,19,3,0
BRDA:178,20,0,0
BRDA:178,20,1,0
BRDA:180,21,0,0
BRDA:180,21,1,0
BRDA:181,22,0,0
BRDA:181,22,1,0
BRDA:181,22,2,0
BRDA:185,23,0,0
BRDA:185,23,1,0
BRDA:185,24,0,0
BRDA:185,24,1,0
BRDA:185,24,2,0
BRDA:185,24,3,0
BRDA:192,25,0,0
BRDA:192,25,1,0
BRDA:197,26,0,0
BRDA:197,26,1,0
BRDA:197,27,0,0
BRDA:197,27,1,0
BRDA:197,27,2,0
BRDA:197,27,3,0
BRDA:197,27,4,0
BRDA:197,27,5,0
BRDA:209,28,0,0
BRDA:209,28,1,0
BRDA:213,29,0,0
BRDA:213,29,1,0
BRDA:255,30,0,0
BRDA:255,30,1,0
BRDA:262,31,0,0
BRDA:262,31,1,0
BRDA:268,32,0,0
BRDA:268,32,1,0
BRDA:273,33,0,0
BRDA:273,33,1,0
BRDA:300,34,0,0
BRDA:300,34,1,0
BRDA:307,35,0,0
BRDA:307,35,1,0
BRDA:312,36,0,0
BRDA:312,36,1,0
BRDA:317,37,0,0
BRDA:317,37,1,0
BRDA:334,38,0,0
BRDA:334,38,1,0
BRDA:336,39,0,0
BRDA:336,39,1,0
BRDA:348,40,0,0
BRDA:348,40,1,0
BRDA:370,41,0,0
BRDA:370,41,1,0
BRDA:378,42,0,0
BRDA:378,42,1,0
BRDA:390,43,0,0
BRDA:390,43,1,0
BRDA:390,44,0,0
BRDA:390,44,1,0
BRDA:405,45,0,0
BRDA:405,45,1,0
BRDA:484,46,0,0
BRDA:484,46,1,0
BRDA:514,47,0,0
BRDA:514,47,1,0
BRDA:514,48,0,0
BRDA:514,48,1,0
BRDA:514,48,2,0
BRDA:514,48,3,0
BRDA:520,49,0,0
BRDA:520,49,1,0
BRDA:533,50,0,0
BRDA:533,50,1,0
BRDA:538,51,0,0
BRDA:538,51,1,0
BRDA:543,52,0,0
BRDA:543,52,1,0
BRDA:549,53,0,0
BRDA:549,53,1,0
BRDA:555,54,0,0
BRDA:555,54,1,0
BRDA:566,55,0,0
BRDA:566,55,1,0
BRDA:566,56,0,0
BRDA:566,56,1,0
BRDA:570,57,0,0
BRDA:570,57,1,0
BRDA:574,58,0,0
BRDA:574,58,1,0
BRDA:581,59,0,0
BRDA:581,59,1,0
BRDA:581,60,0,0
BRDA:581,60,1,0
BRDA:597,61,0,0
BRDA:597,61,1,0
BRDA:600,62,0,0
BRDA:600,62,1,0
BRDA:607,63,0,0
BRDA:607,63,1,0
BRDA:615,64,0,0
BRDA:615,64,1,0
BRDA:620,65,0,0
BRDA:620,65,1,0
BRDA:622,66,0,0
BRDA:622,66,1,0
BRDA:622,67,0,0
BRDA:622,67,1,0
BRDA:622,67,2,0
BRDA:626,68,0,0
BRDA:626,68,1,0
BRDA:626,69,0,0
BRDA:626,69,1,0
BRDA:632,70,0,0
BRDA:632,70,1,0
BRDA:632,71,0,0
BRDA:632,71,1,0
BRDA:638,72,0,0
BRDA:638,72,1,0
BRDA:638,73,0,0
BRDA:638,73,1,0
BRDA:638,73,2,0
BRDA:638,73,3,0
BRDA:664,74,0,0
BRDA:664,74,1,0
BRDA:670,75,0,0
BRDA:670,75,1,0
BRDA:682,76,0,0
BRDA:682,76,1,0
BRDA:694,77,0,0
BRDA:696,78,0,0
BRDA:696,78,1,0
BRDA:696,79,0,0
BRDA:696,79,1,0
BRDA:721,80,0,0
BRDA:721,80,1,0
BRDA:724,81,0,0
BRDA:724,81,1,0
BRDA:734,82,0,0
BRDA:734,82,1,0
BRDA:741,83,0,0
BRDA:741,83,1,0
BRDA:758,84,0,0
BRDA:758,84,1,0
BRDA:767,85,0,0
BRDA:767,85,1,0
BRDA:772,86,0,0
BRDA:772,86,1,0
BRDA:781,87,0,0
BRDA:781,87,1,0
BRDA:781,88,0,0
BRDA:781,88,1,0
BRDA:790,89,0,0
BRDA:790,89,1,0
BRDA:795,90,0,0
BRDA:795,90,1,0
BRDA:798,91,0,0
BRDA:798,91,1,0
BRDA:798,92,0,0
BRDA:798,92,1,0
BRDA:799,93,0,0
BRDA:799,93,1,0
BRDA:805,94,0,0
BRDA:805,94,1,0
BRDA:810,95,0,0
BRDA:810,95,1,0
BRDA:810,96,0,0
BRDA:810,96,1,0
BRDA:813,97,0,0
BRDA:813,97,1,0
BRDA:814,98,0,0
BRDA:814,98,1,0
BRDA:817,99,0,0
BRDA:817,99,1,0
BRDA:818,100,0,0
BRDA:818,100,1,0
BRDA:851,101,0,0
BRDA:851,101,1,0
BRDA:852,102,0,0
BRDA:852,102,1,0
BRDA:852,103,0,0
BRDA:852,103,1,0
BRDA:860,104,0,0
BRDA:860,104,1,0
BRDA:861,105,0,0
BRDA:861,105,1,0
BRDA:862,106,0,0
BRDA:862,106,1,0
BRDA:874,107,0,0
BRDA:874,107,1,0
BRDA:879,108,0,0
BRDA:879,108,1,0
BRDA:882,109,0,0
BRDA:882,109,1,0
BRDA:884,110,0,0
BRDA:884,110,1,0
BRDA:884,111,0,0
BRDA:884,111,1,0
BRDA:886,112,0,0
BRDA:886,112,1,0
BRDA:886,113,0,0
BRDA:886,113,1,0
BRDA:893,114,0,0
BRDA:893,114,1,0
BRDA:898,115,0,0
BRDA:898,115,1,0
BRDA:904,116,0,0
BRDA:904,116,1,0
BRDA:905,117,0,0
BRDA:905,117,1,0
BRDA:905,118,0,0
BRDA:905,118,1,0
BRDA:911,119,0,0
BRDA:911,119,1,0
BRDA:911,120,0,0
BRDA:911,120,1,0
BRDA:924,121,0,0
BRDA:924,121,1,0
BRDA:925,122,0,0
BRDA:925,122,1,0
BRDA:925,123,0,0
BRDA:925,123,1,0
BRDA:935,124,0,0
BRDA:935,124,1,0
BRDA:946,125,0,0
BRDA:946,125,1,0
BRDA:946,126,0,0
BRDA:946,126,1,0
BRDA:948,127,0,0
BRDA:948,127,1,0
BRDA:958,128,0,0
BRDA:958,128,1,0
BRDA:969,129,0,0
BRDA:969,129,1,0
BRDA:969,130,0,0
BRDA:969,130,1,0
BRDA:970,131,0,0
BRDA:970,131,1,0
BRDA:971,132,0,0
BRDA:971,132,1,0
BRDA:977,133,0,0
BRDA:977,133,1,0
BRDA:978,134,0,0
BRDA:978,134,1,0
BRDA:978,135,0,0
BRDA:978,135,1,0
BRDA:985,136,0,0
BRDA:985,136,1,0
BRDA:985,137,0,0
BRDA:985,137,1,0
BRDA:988,138,0,0
BRDA:988,138,1,0
BRDA:988,139,0,0
BRDA:988,139,1,0
BRDA:988,139,2,0
BRDA:996,140,0,0
BRDA:996,140,1,0
BRDA:997,141,0,0
BRDA:997,141,1,0
BRDA:997,142,0,0
BRDA:997,142,1,0
BRDA:1007,143,0,0
BRDA:1007,143,1,0
BRDA:1024,144,0,0
BRDA:1024,144,1,0
BRDA:1027,145,0,0
BRDA:1027,145,1,0
BRDA:1027,146,0,0
BRDA:1027,146,1,0
BRDA:1030,147,0,0
BRDA:1030,147,1,0
BRDA:1030,148,0,0
BRDA:1030,148,1,0
BRDA:1040,149,0,0
BRDA:1040,149,1,0
BRDA:1041,150,0,0
BRDA:1041,150,1,0
BRDA:1041,151,0,0
BRDA:1041,151,1,0
BRDA:1050,152,0,0
BRDA:1050,152,1,0
BRDA:1062,153,0,0
BRDA:1062,153,1,0
BRDA:1085,154,0,0
BRDA:1085,154,1,0
BRDA:1085,155,0,0
BRDA:1085,155,1,0
BRDA:1086,156,0,0
BRDA:1086,156,1,0
BRDA:1104,157,0,0
BRDA:1104,157,1,0
BRDA:1104,158,0,0
BRDA:1104,158,1,0
BRDA:1105,159,0,0
BRDA:1105,159,1,0
BRDA:1132,160,0,0
BRDA:1132,160,1,0
BRDA:1133,161,0,0
BRDA:1133,161,1,0
BRDA:1133,162,0,0
BRDA:1133,162,1,0
BRDA:1140,163,0,0
BRDA:1140,163,1,0
BRDA:1140,164,0,0
BRDA:1140,164,1,0
BRDA:1143,165,0,0
BRDA:1143,165,1,0
BRDA:1143,166,0,0
BRDA:1143,166,1,0
BRDA:1143,166,2,0
BRDA:1151,167,0,0
BRDA:1151,167,1,0
BRDA:1152,168,0,0
BRDA:1152,168,1,0
BRDA:1152,169,0,0
BRDA:1152,169,1,0
BRDA:1162,170,0,0
BRDA:1162,170,1,0
BRDA:1174,171,0,0
BRDA:1174,171,1,0
BRDA:1177,172,0,0
BRDA:1177,172,1,0
BRDA:1177,173,0,0
BRDA:1177,173,1,0
BRDA:1180,174,0,0
BRDA:1180,174,1,0
BRDA:1180,175,0,0
BRDA:1180,175,1,0
BRDA:1190,176,0,0
BRDA:1190,176,1,0
BRDA:1191,177,0,0
BRDA:1191,177,1,0
BRDA:1191,178,0,0
BRDA:1191,178,1,0
BRDA:1200,179,0,0
BRDA:1200,179,1,0
BRDA:1217,180,0,0
BRDA:1217,180,1,0
BRDA:1218,181,0,0
BRDA:1218,181,1,0
BRDA:1218,182,0,0
BRDA:1218,182,1,0
BRDA:1229,183,0,0
BRDA:1229,183,1,0
BRDA:1235,184,0,0
BRDA:1235,184,1,0
BRDA:1235,185,0,0
BRDA:1235,185,1,0
BRDA:1238,186,0,0
BRDA:1238,186,1,0
BRDA:1239,187,0,0
BRDA:1239,187,1,0
BRDA:1241,188,0,0
BRDA:1241,188,1,0
BRDA:1243,189,0,0
BRDA:1243,189,1,0
BRDA:1245,190,0,0
BRDA:1245,190,1,0
BRDA:1247,191,0,0
BRDA:1247,191,1,0
BRDA:1275,192,0,0
BRDA:1275,192,1,0
BRDA:1276,193,0,0
BRDA:1276,193,1,0
BRDA:1276,194,0,0
BRDA:1276,194,1,0
BRDA:1284,195,0,0
BRDA:1284,195,1,0
BRDA:1287,196,0,0
BRDA:1287,196,1,0
BRDA:1287,197,0,0
BRDA:1287,197,1,0
BRDA:1291,198,0,0
BRDA:1291,198,1,0
BRDA:1301,199,0,0
BRDA:1301,199,1,0
BRDA:1304,200,0,0
BRDA:1304,200,1,0
BRDA:1304,201,0,0
BRDA:1304,201,1,0
BRDA:1318,202,0,0
BRDA:1318,202,1,0
BRDA:1333,203,0,0
BRDA:1333,203,1,0
BRDA:1334,204,0,0
BRDA:1334,204,1,0
BRDA:1334,205,0,0
BRDA:1334,205,1,0
BRDA:1337,206,0,0
BRDA:1337,206,1,0
BRDA:1337,207,0,0
BRDA:1337,207,1,0
BRDA:1341,208,0,0
BRDA:1341,208,1,0
BRDA:1343,209,0,0
BRDA:1343,209,1,0
BRDA:1343,210,0,0
BRDA:1343,210,1,0
BRDA:1343,210,2,0
BRDA:1349,211,0,0
BRDA:1349,211,1,0
BRDA:1349,212,0,0
BRDA:1349,212,1,0
BRDA:1349,212,2,0
BRDA:1362,213,0,0
BRDA:1362,213,1,0
BRDA:1363,214,0,0
BRDA:1363,214,1,0
BRDA:1363,215,0,0
BRDA:1363,215,1,0
BRDA:1366,216,0,0
BRDA:1366,216,1,0
BRDA:1366,217,0,0
BRDA:1366,217,1,0
BRDA:1371,218,0,0
BRDA:1371,218,1,0
BRDA:1372,219,0,0
BRDA:1372,219,1,0
BRDA:1372,220,0,0
BRDA:1372,220,1,0
BRDA:1372,220,2,0
BRDA:1377,221,0,0
BRDA:1377,221,1,0
BRDA:1379,222,0,0
BRDA:1379,222,1,0
BRDA:1379,223,0,0
BRDA:1379,223,1,0
BRDA:1379,223,2,0
BRDA:1379,223,3,0
BRDA:1379,223,4,0
BRDA:1387,224,0,0
BRDA:1387,224,1,0
BRDA:1387,225,0,0
BRDA:1387,225,1,0
BRDA:1387,225,2,0
BRDA:1399,226,0,0
BRDA:1399,226,1,0
BRDA:1400,227,0,0
BRDA:1400,227,1,0
BRDA:1400,228,0,0
BRDA:1400,228,1,0
BRDA:1405,229,0,0
BRDA:1405,229,1,0
BRDA:1406,230,0,0
BRDA:1406,230,1,0
BRDA:1408,231,0,0
BRDA:1408,231,1,0
BRDA:1408,232,0,0
BRDA:1408,232,1,0
BRDA:1414,233,0,0
BRDA:1414,233,1,0
BRDA:1427,234,0,0
BRDA:1427,234,1,0
BRDA:1429,235,0,0
BRDA:1429,235,1,0
BRDA:1429,236,0,0
BRDA:1429,236,1,0
BRDA:1429,236,2,0
BRDA:1440,237,0,0
BRDA:1440,237,1,0
BRDA:1441,238,0,0
BRDA:1441,238,1,0
BRDA:1441,239,0,0
BRDA:1441,239,1,0
BRDA:1451,240,0,0
BRDA:1451,240,1,0
BRDA:1469,241,0,0
BRDA:1469,241,1,0
BRDA:1480,242,0,0
BRDA:1480,242,1,0
BRDA:1498,243,0,0
BRDA:1498,243,1,0
BRDA:1506,244,0,0
BRDA:1506,244,1,0
BRDA:1507,245,0,0
BRDA:1507,245,1,0
BRDA:1507,246,0,0
BRDA:1507,246,1,0
BRDA:1508,247,0,0
BRDA:1508,247,1,0
BRDA:1508,248,0,0
BRDA:1508,248,1,0
BRDA:1510,249,0,0
BRDA:1510,249,1,0
BRDA:1514,250,0,0
BRDA:1514,250,1,0
BRDA:1515,251,0,0
BRDA:1515,251,1,0
BRDA:1515,252,0,0
BRDA:1515,252,1,0
BRDA:1523,253,0,0
BRDA:1523,253,1,0
BRDA:1528,254,0,0
BRDA:1528,254,1,0
BRDA:1529,255,0,0
BRDA:1529,255,1,0
BRDA:1529,256,0,0
BRDA:1529,256,1,0
BRDA:1537,257,0,0
BRDA:1537,257,1,0
BRDA:1546,258,0,0
BRDA:1546,258,1,0
BRDA:1580,259,0,0
BRDA:1580,259,1,0
BRDA:1580,260,0,0
BRDA:1580,260,1,0
BRDA:1581,261,0,0
BRDA:1581,261,1,0
BRDA:1584,262,0,0
BRDA:1584,262,1,0
BRDA:1591,263,0,0
BRDA:1591,263,1,0
BRDA:1591,264,0,0
BRDA:1591,264,1,0
BRDA:1596,265,0,0
BRDA:1596,265,1,0
BRDA:1597,266,0,0
BRDA:1597,266,1,0
BRDA:1631,267,0,0
BRDA:1631,267,1,0
BRDA:1631,268,0,0
BRDA:1631,268,1,0
BRDA:1661,269,0,0
BRDA:1665,270,0,0
BRDA:1665,270,1,0
BRDA:1666,271,0,0
BRDA:1666,271,1,0
BRDA:1666,272,0,0
BRDA:1666,272,1,0
BRDA:1674,273,0,0
BRDA:1674,273,1,0
BRDA:1681,274,0,0
BRDA:1681,274,1,0
BRDA:1681,275,0,0
BRDA:1681,275,1,0
BRDA:1681,275,2,0
BRDA:1688,276,0,0
BRDA:1688,276,1,0
BRDA:1688,277,0,0
BRDA:1688,277,1,0
BRDA:1691,278,0,0
BRDA:1691,278,1,0
BRDA:1694,279,0,0
BRDA:1694,279,1,0
BRDA:1706,280,0,0
BRDA:1706,280,1,0
BRDA:1715,281,0,0
BRDA:1715,281,1,0
BRDA:1722,282,0,0
BRDA:1722,282,1,0
BRDA:1732,283,0,0
BRDA:1732,283,1,0
BRDA:1738,284,0,0
BRDA:1738,284,1,0
BRDA:1745,285,0,0
BRDA:1745,285,1,0
BRDA:1762,286,0,0
BRDA:1772,287,0,0
BRDA:1772,287,1,0
BRDA:1773,288,0,0
BRDA:1773,288,1,0
BRDA:1773,289,0,0
BRDA:1773,289,1,0
BRDA:1777,290,0,0
BRDA:1777,290,1,0
BRDA:1778,291,0,0
BRDA:1778,291,1,0
BRDA:1779,292,0,0
BRDA:1779,292,1,0
BRDA:1800,293,0,0
BRDA:1800,293,1,0
BRF:610
BRH:0
end_of_record
TN:
SF:src\mpremoteCommands.ts
FN:7,(anonymous_0)
FN:7,(anonymous_1)
FN:8,(anonymous_2)
FN:25,disconnectReplTerminal
FN:30,(anonymous_4)
FN:35,restartReplInExistingTerminal
FN:62,rememberLastRunCommand
FN:67,rerunLastRunCommand
FN:88,suspendSerialSessionsForAutoSync
FN:112,restoreSerialSessionsFromSnapshot
FN:154,checkMpremoteAvailability
FN:155,(anonymous_11)
FN:156,(anonymous_12)
FN:167,serialSendCtrlC
FN:177,stop
FN:187,softReset
FN:193,(anonymous_16)
FN:195,(anonymous_17)
FN:208,(anonymous_18)
FN:209,(anonymous_19)
FN:220,runActiveFile
FN:238,(anonymous_21)
FN:241,(anonymous_22)
FN:247,(anonymous_23)
FN:258,isRunTerminalOpen
FN:260,(anonymous_25)
FN:268,closeRunTerminal
FN:272,(anonymous_27)
FN:276,(anonymous_28)
FN:279,getRunTerminal
FN:281,(anonymous_30)
FN:293,getReplTerminal
FN:298,(anonymous_32)
FN:324,(anonymous_33)
FN:328,(anonymous_34)
FN:340,isReplOpen
FN:342,(anonymous_36)
FN:345,closeReplTerminal
FN:351,(anonymous_38)
FN:355,openReplTerminal
FN:371,(anonymous_40)
FN:383,(anonymous_41)
FN:393,strictConnectHandshake
FN:409,(anonymous_43)
FN:414,toLocalRelative
FN:423,toDevicePath
FN:429,robustInterrupt
FN:435,(anonymous_47)
FN:474,(anonymous_48)
FN:475,(anonymous_49)
FN:503,robustInterruptAndReset
FN:509,(anonymous_51)
FN:511,(anonymous_52)
FN:551,(anonymous_53)
FN:552,(anonymous_54)
FN:582,(anonymous_55)
FN:583,(anonymous_56)
FNF:57
FNH:0
FNDA:0,(anonymous_0)
FNDA:0,(anonymous_1)
FNDA:0,(anonymous_2)
FNDA:0,disconnectReplTerminal
FNDA:0,(anonymous_4)
FNDA:0,restartReplInExistingTerminal
FNDA:0,rememberLastRunCommand
FNDA:0,rerunLastRunCommand
FNDA:0,suspendSerialSessionsForAutoSync
FNDA:0,restoreSerialSessionsFromSnapshot
FNDA:0,checkMpremoteAvailability
FNDA:0,(anonymous_11)
FNDA:0,(anonymous_12)
FNDA:0,serialSendCtrlC
FNDA:0,stop
FNDA:0,softReset
FNDA:0,(anonymous_16)
FNDA:0,(anonymous_17)
FNDA:0,(anonymous_18)
FNDA:0,(anonymous_19)
FNDA:0,runActiveFile
FNDA:0,(anonymous_21)
FNDA:0,(anonymous_22)
FNDA:0,(anonymous_23)
FNDA:0,isRunTerminalOpen
FNDA:0,(anonymous_25)
FNDA:0,closeRunTerminal
FNDA:0,(anonymous_27)
FNDA:0,(anonymous_28)
FNDA:0,getRunTerminal
FNDA:0,(anonymous_30)
FNDA:0,getReplTerminal
FNDA:0,(anonymous_32)
FNDA:0,(anonymous_33)
FNDA:0,(anonymous_34)
FNDA:0,isReplOpen
FNDA:0,(anonymous_36)
FNDA:0,closeReplTerminal
FNDA:0,(anonymous_38)
FNDA:0,openReplTerminal
FNDA:0,(anonymous_40)
FNDA:0,(anonymous_41)
FNDA:0,strictConnectHandshake
FNDA:0,(anonymous_43)
FNDA:0,toLocalRelative
FNDA:0,toDevicePath
FNDA:0,robustInterrupt
FNDA:0,(anonymous_47)
FNDA:0,(anonymous_48)
FNDA:0,(anonymous_49)
FNDA:0,robustInterruptAndReset
FNDA:0,(anonymous_51)
FNDA:0,(anonymous_52)
FNDA:0,(anonymous_53)
FNDA:0,(anonymous_54)
FNDA:0,(anonymous_55)
FNDA:0,(anonymous_56)
DA:1,0
DA:2,0
DA:3,0
DA:7,0
DA:8,0
DA:25,0
DA:26,0
DA:27,0
DA:29,0
DA:30,0
DA:35,0
DA:36,0
DA:37,0
DA:38,0
DA:39,0
DA:42,0
DA:43,0
DA:44,0
DA:45,0
DA:47,0
DA:48,0
DA:52,0
DA:53,0
DA:54,0
DA:55,0
DA:56,0
DA:57,0
DA:63,0
DA:64,0
DA:69,0
DA:70,0
DA:71,0
DA:74,0
DA:75,0
DA:77,0
DA:78,0
DA:79,0
DA:80,0
DA:84,0
DA:85,0
DA:88,0
DA:89,0
DA:90,0
DA:91,0
DA:92,0
DA:98,0
DA:99,0
DA:100,0
DA:101,0
DA:102,0
DA:104,0
DA:106,0
DA:107,0
DA:112,0
DA:117,0
DA:118,0
DA:119,0
DA:120,0
DA:122,0
DA:123,0
DA:124,0
DA:125,0
DA:126,0
DA:128,0
DA:129,0
DA:130,0
DA:131,0
DA:132,0
DA:133,0
DA:135,0
DA:137,0
DA:139,0
DA:140,0
DA:141,0
DA:142,0
DA:144,0
DA:145,0
DA:148,0
DA:149,0
DA:154,0
DA:155,0
DA:156,0
DA:157,0
DA:158,0
DA:159,0
DA:161,0
DA:167,0
DA:169,0
DA:170,0
DA:173,0
DA:177,0
DA:179,0
DA:180,0
DA:183,0
DA:187,0
DA:189,0
DA:190,0
DA:191,0
DA:192,0
DA:193,0
DA:194,0
DA:195,0
DA:196,0
DA:197,0
DA:198,0
DA:205,0
DA:206,0
DA:207,0
DA:208,0
DA:209,0
DA:210,0
DA:211,0
DA:213,0
DA:215,0
DA:220,0
DA:221,0
DA:222,0
DA:223,0
DA:225,0
DA:226,0
DA:227,0
DA:228,0
DA:231,0
DA:232,0
DA:235,0
DA:236,0
DA:238,0
DA:241,0
DA:242,0
DA:244,0
DA:245,0
DA:246,0
DA:247,0
DA:252,0
DA:253,0
DA:254,0
DA:255,0
DA:258,0
DA:259,0
DA:260,0
DA:261,0
DA:262,0
DA:263,0
DA:265,0
DA:268,0
DA:269,0
DA:270,0
DA:271,0
DA:272,0
DA:273,0
DA:275,0
DA:276,0
DA:280,0
DA:281,0
DA:282,0
DA:283,0
DA:286,0
DA:290,0
DA:293,0
DA:297,0
DA:298,0
DA:299,0
DA:300,0
DA:303,0
DA:304,0
DA:305,0
DA:308,0
DA:309,0
DA:315,0
DA:316,0
DA:323,0
DA:324,0
DA:325,0
DA:326,0
DA:328,0
DA:329,0
DA:330,0
DA:337,0
DA:340,0
DA:341,0
DA:342,0
DA:345,0
DA:346,0
DA:347,0
DA:348,0
DA:350,0
DA:351,0
DA:355,0
DA:357,0
DA:358,0
DA:359,0
DA:360,0
DA:361,0
DA:362,0
DA:363,0
DA:364,0
DA:365,0
DA:366,0
DA:368,0
DA:369,0
DA:371,0
DA:372,0
DA:374,0
DA:375,0
DA:376,0
DA:383,0
DA:384,0
DA:386,0
DA:390,0
DA:397,0
DA:400,0
DA:401,0
DA:402,0
DA:404,0
DA:405,0
DA:407,0
DA:409,0
DA:414,0
DA:415,0
DA:416,0
DA:417,0
DA:418,0
DA:420,0
DA:423,0
DA:424,0
DA:425,0
DA:426,0
DA:429,0
DA:431,0
DA:432,0
DA:433,0
DA:434,0
DA:435,0
DA:436,0
DA:437,0
DA:438,0
DA:440,0
DA:446,0
DA:447,0
DA:449,0
DA:450,0
DA:451,0
DA:453,0
DA:456,0
DA:459,0
DA:460,0
DA:461,0
DA:462,0
DA:463,0
DA:465,0
DA:468,0
DA:472,0
DA:473,0
DA:474,0
DA:475,0
DA:476,0
DA:477,0
DA:478,0
DA:480,0
DA:481,0
DA:485,0
DA:487,0
DA:488,0
DA:489,0
DA:490,0
DA:491,0
DA:492,0
DA:494,0
DA:495,0
DA:496,0
DA:500,0
DA:503,0
DA:505,0
DA:506,0
DA:507,0
DA:508,0
DA:509,0
DA:510,0
DA:511,0
DA:512,0
DA:513,0
DA:514,0
DA:516,0
DA:522,0
DA:523,0
DA:525,0
DA:526,0
DA:527,0
DA:529,0
DA:532,0
DA:535,0
DA:536,0
DA:537,0
DA:538,0
DA:539,0
DA:541,0
DA:544,0
DA:548,0
DA:549,0
DA:550,0
DA:551,0
DA:552,0
DA:553,0
DA:554,0
DA:555,0
DA:557,0
DA:558,0
DA:562,0
DA:563,0
DA:565,0
DA:566,0
DA:567,0
DA:568,0
DA:569,0
DA:570,0
DA:571,0
DA:573,0
DA:574,0
DA:580,0
DA:581,0
DA:582,0
DA:583,0
DA:584,0
DA:585,0
DA:586,0
DA:588,0
DA:589,0
DA:593,0
DA:595,0
DA:596,0
DA:597,0
DA:598,0
DA:599,0
DA:600,0
DA:602,0
DA:603,0
DA:604,0
DA:608,0
LF:338
LH:0
BRDA:26,0,0,0
BRDA:26,0,1,0
BRDA:35,1,0,0
BRDA:38,2,0,0
BRDA:38,2,1,0
BRDA:38,3,0,0
BRDA:38,3,1,0
BRDA:42,4,0,0
BRDA:42,4,1,0
BRDA:42,5,0,0
BRDA:42,5,1,0
BRDA:45,6,0,0
BRDA:45,6,1,0
BRDA:56,7,0,0
BRDA:56,7,1,0
BRDA:69,8,0,0
BRDA:69,8,1,0
BRDA:77,9,0,0
BRDA:77,9,1,0
BRDA:95,10,0,0
BRDA:95,10,1,0
BRDA:98,11,0,0
BRDA:98,11,1,0
BRDA:99,12,0,0
BRDA:99,12,1,0
BRDA:104,13,0,0
BRDA:104,13,1,0
BRDA:104,14,0,0
BRDA:104,14,1,0
BRDA:114,15,0,0
BRDA:117,16,0,0
BRDA:117,16,1,0
BRDA:117,17,0,0
BRDA:117,17,1,0
BRDA:122,18,0,0
BRDA:122,18,1,0
BRDA:124,19,0,0
BRDA:124,19,1,0
BRDA:129,20,0,0
BRDA:129,20,1,0
BRDA:129,21,0,0
BRDA:129,21,1,0
BRDA:137,22,0,0
BRDA:137,22,1,0
BRDA:137,23,0,0
BRDA:137,23,1,0
BRDA:137,23,2,0
BRDA:148,24,0,0
BRDA:148,24,1,0
BRDA:148,25,0,0
BRDA:148,25,1,0
BRDA:157,26,0,0
BRDA:157,26,1,0
BRDA:189,27,0,0
BRDA:189,27,1,0
BRDA:210,28,0,0
BRDA:210,28,1,0
BRDA:211,29,0,0
BRDA:211,29,1,0
BRDA:222,30,0,0
BRDA:222,30,1,0
BRDA:226,31,0,0
BRDA:226,31,1,0
BRDA:226,32,0,0
BRDA:226,32,1,0
BRDA:235,33,0,0
BRDA:235,33,1,0
BRDA:241,34,0,0
BRDA:241,34,1,0
BRDA:244,35,0,0
BRDA:244,35,1,0
BRDA:259,36,0,0
BRDA:259,36,1,0
BRDA:261,37,0,0
BRDA:261,37,1,0
BRDA:269,38,0,0
BRDA:269,38,1,0
BRDA:280,39,0,0
BRDA:280,39,1,0
BRDA:282,40,0,0
BRDA:282,40,1,0
BRDA:297,41,0,0
BRDA:297,41,1,0
BRDA:299,42,0,0
BRDA:299,42,1,0
BRDA:304,43,0,0
BRDA:304,43,1,0
BRDA:304,44,0,0
BRDA:304,44,1,0
BRDA:309,45,0,0
BRDA:309,45,1,0
BRDA:318,46,0,0
BRDA:318,46,1,0
BRDA:318,47,0,0
BRDA:318,47,1,0
BRDA:319,48,0,0
BRDA:319,48,1,0
BRDA:323,49,0,0
BRDA:323,49,1,0
BRDA:325,50,0,0
BRDA:325,50,1,0
BRDA:329,51,0,0
BRDA:329,51,1,0
BRDA:341,52,0,0
BRDA:341,52,1,0
BRDA:346,53,0,0
BRDA:346,53,1,0
BRDA:363,54,0,0
BRDA:363,54,1,0
BRDA:365,55,0,0
BRDA:365,55,1,0
BRDA:375,56,0,0
BRDA:375,56,1,0
BRDA:376,57,0,0
BRDA:376,57,1,0
BRDA:377,58,0,0
BRDA:377,58,1,0
BRDA:377,58,2,0
BRDA:377,58,3,0
BRDA:383,59,0,0
BRDA:383,59,1,0
BRDA:390,60,0,0
BRDA:390,60,1,0
BRDA:397,61,0,0
BRDA:397,61,1,0
BRDA:407,62,0,0
BRDA:407,62,1,0
BRDA:415,63,0,0
BRDA:415,63,1,0
BRDA:416,64,0,0
BRDA:416,64,1,0
BRDA:417,65,0,0
BRDA:417,65,1,0
BRDA:418,66,0,0
BRDA:418,66,1,0
BRDA:424,67,0,0
BRDA:424,67,1,0
BRDA:425,68,0,0
BRDA:425,68,1,0
BRDA:431,69,0,0
BRDA:431,69,1,0
BRDA:446,70,0,0
BRDA:446,70,1,0
BRDA:450,71,0,0
BRDA:450,71,1,0
BRDA:450,72,0,0
BRDA:450,72,1,0
BRDA:461,73,0,0
BRDA:461,73,1,0
BRDA:476,74,0,0
BRDA:476,74,1,0
BRDA:477,75,0,0
BRDA:477,75,1,0
BRDA:505,76,0,0
BRDA:505,76,1,0
BRDA:522,77,0,0
BRDA:522,77,1,0
BRDA:526,78,0,0
BRDA:526,78,1,0
BRDA:526,79,0,0
BRDA:526,79,1,0
BRDA:537,80,0,0
BRDA:537,80,1,0
BRDA:553,81,0,0
BRDA:553,81,1,0
BRDA:554,82,0,0
BRDA:554,82,1,0
BRDA:584,83,0,0
BRDA:584,83,1,0
BRDA:585,84,0,0
BRDA:585,84,1,0
BRF:171
BRH:0
end_of_record
TN:
SF:src\mpremoteOperations.ts
FN:4,ls
FN:8,lsTyped
FN:12,listSerialPorts
FN:16,mkdir
FN:20,cpFromDevice
FN:24,cpToDevice
FN:28,uploadReplacing
FN:32,deleteFile
FN:36,deleteAny
FN:40,deleteFolderRecursive
FN:44,fileExists
FN:48,getFileInfo
FN:52,deleteAllInPath
FN:56,runFile
FN:60,reset
FN:64,listTreeStats
FN:68,mvOnDevice
FN:72,clearFileTreeCache
FN:76,refreshFileTreeCache
FN:80,debugTreeParsing
FN:84,debugFilesystemStatus
FN:88,getFileTreeCacheStats
FNF:22
FNH:0
FNDA:0,ls
FNDA:0,lsTyped
FNDA:0,listSerialPorts
FNDA:0,mkdir
FNDA:0,cpFromDevice
FNDA:0,cpToDevice
FNDA:0,uploadReplacing
FNDA:0,deleteFile
FNDA:0,deleteAny
FNDA:0,deleteFolderRecursive
FNDA:0,fileExists
FNDA:0,getFileInfo
FNDA:0,deleteAllInPath
FNDA:0,runFile
FNDA:0,reset
FNDA:0,listTreeStats
FNDA:0,mvOnDevice
FNDA:0,clearFileTreeCache
FNDA:0,refreshFileTreeCache
FNDA:0,debugTreeParsing
FNDA:0,debugFilesystemStatus
FNDA:0,getFileTreeCacheStats
DA:4,0
DA:5,0
DA:8,0
DA:9,0
DA:12,0
DA:13,0
DA:16,0
DA:20,0
DA:24,0
DA:28,0
DA:32,0
DA:36,0
DA:40,0
DA:44,0
DA:45,0
DA:48,0
DA:49,0
DA:52,0
DA:53,0
DA:56,0
DA:57,0
DA:60,0
DA:64,0
DA:65,0
DA:68,0
DA:72,0
DA:76,0
DA:80,0
DA:84,0
DA:88,0
DA:94,0
LF:31
LH:0
BRF:0
BRH:0
end_of_record
TN:
SF:src\pyraw.ts
FN:6,listDirPyRaw
FN:17,(anonymous_1)
FN:18,(anonymous_2)
FNF:3
FNH:0
FNDA:0,listDirPyRaw
FNDA:0,(anonymous_1)
FNDA:0,(anonymous_2)
DA:1,0
DA:2,0
DA:3,0
DA:4,0
DA:6,0
DA:7,0
DA:8,0
DA:9,0
DA:10,0
DA:12,0
DA:15,0
DA:17,0
DA:18,0
DA:19,0
DA:20,0
DA:21,0
DA:22,0
DA:26,0
LF:18
LH:0
BRDA:8,0,0,0
BRDA:8,0,1,0
BRDA:9,1,0,0
BRDA:9,1,1,0
BRDA:9,2,0,0
BRDA:9,2,1,0
BRDA:19,3,0,0
BRDA:19,3,1,0
BRDA:19,4,0,0
BRDA:19,4,1,0
BRDA:21,5,0,0
BRDA:21,5,1,0
BRDA:22,6,0,0
BRDA:22,6,1,0
BRF:14
BRH:0
end_of_record
TN:
SF:src\pythonInterpreter.ts
FN:23,(anonymous_0)
FN:93,(anonymous_1)
FN:138,(anonymous_2)
FN:168,(anonymous_3)
FN:198,(anonymous_4)
FN:223,(anonymous_5)
FN:251,(anonymous_6)
FN:258,(anonymous_7)
FN:265,(anonymous_8)
FN:266,(anonymous_9)
FN:280,(anonymous_10)
FN:308,(anonymous_11)
FN:316,(anonymous_12)
FN:325,(anonymous_13)
FN:345,(anonymous_14)
FN:365,getPythonPath
FN:372,getPythonCommandForTerminal
FN:379,clearPythonCache
FN:386,checkMpremoteAvailability
FNF:19
FNH:0
FNDA:0,(anonymous_0)
FNDA:0,(anonymous_1)
FNDA:0,(anonymous_2)
FNDA:0,(anonymous_3)
FNDA:0,(anonymous_4)
FNDA:0,(anonymous_5)
FNDA:0,(anonymous_6)
FNDA:0,(anonymous_7)
FNDA:0,(anonymous_8)
FNDA:0,(anonymous_9)
FNDA:0,(anonymous_10)
FNDA:0,(anonymous_11)
FNDA:0,(anonymous_12)
FNDA:0,(anonymous_13)
FNDA:0,(anonymous_14)
FNDA:0,getPythonPath
FNDA:0,getPythonCommandForTerminal
FNDA:0,clearPythonCache
FNDA:0,checkMpremoteAvailability
DA:1,0
DA:2,0
DA:3,0
DA:4,0
DA:6,0
DA:11,0
DA:12,0
DA:13,0
DA:14,0
DA:15,0
DA:16,0
DA:25,0
DA:26,0
DA:27,0
DA:30,0
DA:32,0
DA:34,0
DA:35,0
DA:36,0
DA:37,0
DA:38,0
DA:39,0
DA:40,0
DA:42,0
DA:46,0
DA:49,0
DA:51,0
DA:52,0
DA:53,0
DA:54,0
DA:55,0
DA:56,0
DA:57,0
DA:59,0
DA:63,0
DA:67,0
DA:68,0
DA:69,0
DA:70,0
DA:71,0
DA:72,0
DA:73,0
DA:74,0
DA:76,0
DA:85,0
DA:86,0
DA:87,0
DA:94,0
DA:95,0
DA:96,0
DA:97,0
DA:101,0
DA:102,0
DA:105,0
DA:106,0
DA:107,0
DA:111,0
DA:113,0
DA:114,0
DA:115,0
DA:116,0
DA:120,0
DA:122,0
DA:123,0
DA:124,0
DA:128,0
DA:130,0
DA:131,0
DA:140,0
DA:141,0
DA:142,0
DA:143,0
DA:147,0
DA:150,0
DA:155,0
DA:156,0
DA:157,0
DA:158,0
DA:162,0
DA:169,0
DA:171,0
DA:172,0
DA:183,0
DA:199,0
DA:201,0
DA:204,0
DA:206,0
DA:208,0
DA:211,0
DA:212,0
DA:216,0
DA:225,0
DA:226,0
DA:227,0
DA:229,0
DA:231,0
DA:232,0
DA:237,0
DA:238,0
DA:239,0
DA:240,0
DA:241,0
DA:242,0
DA:245,0
DA:246,0
DA:249,0
DA:251,0
DA:252,0
DA:254,0
DA:259,0
DA:260,0
DA:263,0
DA:265,0
DA:266,0
DA:267,0
DA:268,0
DA:269,0
DA:273,0
DA:274,0
DA:276,0
DA:280,0
DA:281,0
DA:285,0
DA:290,0
DA:292,0
DA:300,0
DA:309,0
DA:310,0
DA:317,0
DA:318,0
DA:326,0
DA:327,0
DA:328,0
DA:330,0
DA:331,0
DA:332,0
DA:335,0
DA:337,0
DA:338,0
DA:346,0
DA:349,0
DA:350,0
DA:354,0
DA:355,0
DA:358,0
DA:365,0
DA:366,0
DA:372,0
DA:373,0
DA:379,0
DA:380,0
DA:386,0
DA:387,0
LF:153
LH:0
BRDA:26,0,0,0
BRDA:26,0,1,0
BRDA:26,1,0,0
BRDA:26,1,1,0
BRDA:35,2,0,0
BRDA:35,2,1,0
BRDA:37,3,0,0
BRDA:37,3,1,0
BRDA:40,4,0,0
BRDA:40,4,1,0
BRDA:52,5,0,0
BRDA:52,5,1,0
BRDA:54,6,0,0
BRDA:54,6,1,0
BRDA:57,7,0,0
BRDA:57,7,1,0
BRDA:71,8,0,0
BRDA:71,8,1,0
BRDA:74,9,0,0
BRDA:74,9,1,0
BRDA:96,10,0,0
BRDA:96,10,1,0
BRDA:101,11,0,0
BRDA:101,11,1,0
BRDA:106,12,0,0
BRDA:106,12,1,0
BRDA:111,13,0,0
BRDA:111,13,1,0
BRDA:111,14,0,0
BRDA:111,14,1,0
BRDA:115,15,0,0
BRDA:115,15,1,0
BRDA:115,16,0,0
BRDA:115,16,1,0
BRDA:115,16,2,0
BRDA:120,17,0,0
BRDA:120,17,1,0
BRDA:123,18,0,0
BRDA:123,18,1,0
BRDA:123,19,0,0
BRDA:123,19,1,0
BRDA:142,20,0,0
BRDA:142,20,1,0
BRDA:142,21,0,0
BRDA:142,21,1,0
BRDA:157,22,0,0
BRDA:157,22,1,0
BRDA:157,23,0,0
BRDA:157,23,1,0
BRDA:171,24,0,0
BRDA:171,24,1,0
BRDA:177,25,0,0
BRDA:177,25,1,0
BRDA:178,26,0,0
BRDA:178,26,1,0
BRDA:179,27,0,0
BRDA:179,27,1,0
BRDA:180,28,0,0
BRDA:180,28,1,0
BRDA:208,29,0,0
BRDA:208,29,1,0
BRDA:211,30,0,0
BRDA:211,30,1,0
BRDA:211,31,0,0
BRDA:211,31,1,0
BRDA:211,31,2,0
BRDA:226,32,0,0
BRDA:226,32,1,0
BRDA:237,33,0,0
BRDA:237,33,1,0
BRDA:240,34,0,0
BRDA:240,34,1,0
BRDA:252,35,0,0
BRDA:252,35,1,0
BRDA:267,36,0,0
BRDA:267,36,1,0
BRDA:290,37,0,0
BRDA:290,37,1,0
BRDA:330,38,0,0
BRDA:330,38,1,0
BRDA:330,39,0,0
BRDA:330,39,1,0
BRDA:349,40,0,0
BRDA:349,40,1,0
BRDA:354,41,0,0
BRDA:354,41,1,0
BRDA:354,42,0,0
BRDA:354,42,1,0
BRDA:354,42,2,0
BRF:89
BRH:0
end_of_record
TN:
SF:src\sync.ts
FN:16,buildManifest
FN:19,(anonymous_1)
FN:22,walk
FN:41,diffManifests
FN:54,saveManifest
FN:60,loadManifest
FN:65,cloneManifestWithNewId
FN:69,defaultIgnorePatterns
FN:83,globToRegExp
FN:101,createIgnoreMatcher
FN:109,(anonymous_10)
FN:110,(anonymous_11)
FN:115,(anonymous_12)
FN:117,(anonymous_13)
FNF:14
FNH:0
FNDA:0,buildManifest
FNDA:0,(anonymous_1)
FNDA:0,walk
FNDA:0,diffManifests
FNDA:0,saveManifest
FNDA:0,loadManifest
FNDA:0,cloneManifestWithNewId
FNDA:0,defaultIgnorePatterns
FNDA:0,globToRegExp
FNDA:0,createIgnoreMatcher
FNDA:0,(anonymous_10)
FNDA:0,(anonymous_11)
FNDA:0,(anonymous_12)
FNDA:0,(anonymous_13)
DA:1,0
DA:2,0
DA:3,0
DA:16,0
DA:17,0
DA:19,0
DA:21,0
DA:23,0
DA:24,0
DA:25,0
DA:26,0
DA:27,0
DA:28,0
DA:29,0
DA:30,0
DA:31,0
DA:32,0
DA:33,0
DA:37,0
DA:38,0
DA:41,0
DA:42,0
DA:43,0
DA:44,0
DA:45,0
DA:46,0
DA:48,0
DA:49,0
DA:51,0
DA:54,0
DA:55,0
DA:56,0
DA:57,0
DA:60,0
DA:61,0
DA:62,0
DA:65,0
DA:66,0
DA:69,0
DA:70,0
DA:85,0
DA:86,0
DA:87,0
DA:89,0
DA:91,0
DA:93,0
DA:94,0
DA:95,0
DA:96,0
DA:97,0
DA:98,0
DA:101,0
DA:102,0
DA:103,0
DA:105,0
DA:106,0
DA:107,0
DA:109,0
DA:110,0
DA:113,0
DA:114,0
DA:115,0
DA:116,0
DA:117,0
LF:64
LH:0
BRDA:17,0,0,0
BRDA:17,0,1,0
BRDA:19,1,0,0
BRDA:19,1,1,0
BRDA:22,2,0,0
BRDA:28,3,0,0
BRDA:28,3,1,0
BRDA:29,4,0,0
BRDA:29,4,1,0
BRDA:31,5,0,0
BRDA:31,5,1,0
BRDA:46,6,0,0
BRDA:46,6,1,0
BRDA:46,7,0,0
BRDA:46,7,1,0
BRDA:46,7,2,0
BRDA:49,8,0,0
BRDA:49,8,1,0
BRDA:87,9,0,0
BRDA:87,9,1,0
BRDA:95,10,0,0
BRDA:95,10,1,0
BRDA:96,11,0,0
BRDA:96,11,1,0
BRDA:97,12,0,0
BRDA:97,12,1,0
BRDA:110,13,0,0
BRDA:110,13,1,0
BRF:28
BRH:0
end_of_record
TN:
SF:src\syncOperations.ts
FN:12,syncBaseline
FN:21,syncBaselineFromBoard
FN:30,syncDiffsLocalToBoard
FN:39,syncDiffsBoardToLocal
FNF:4
FNH:0
FNDA:0,syncBaseline
FNDA:0,syncBaselineFromBoard
FNDA:0,syncDiffsLocalToBoard
FNDA:0,syncDiffsBoardToLocal
DA:9,0
DA:10,0
DA:12,0
DA:21,0
DA:30,0
DA:39,0
LF:6
LH:0
BRF:0
BRH:0
end_of_record
TN:
SF:src\syncView.ts
FN:8,(anonymous_0)
FN:11,(anonymous_1)
FN:13,(anonymous_2)
FN:17,(anonymous_3)
FN:21,(anonymous_4)
FN:38,(anonymous_5)
FNF:6
FNH:0
FNDA:0,(anonymous_0)
FNDA:0,(anonymous_1)
FNDA:0,(anonymous_2)
FNDA:0,(anonymous_3)
FNDA:0,(anonymous_4)
FNDA:0,(anonymous_5)
DA:2,0
DA:3,0
DA:4,0
DA:8,0
DA:9,0
DA:10,0
DA:11,0
DA:14,0
DA:18,0
DA:22,0
DA:23,0
DA:24,0
DA:25,0
DA:27,0
DA:28,0
DA:29,0
DA:30,0
DA:31,0
DA:32,0
DA:33,0
DA:35,0
DA:40,0
DA:41,0
DA:42,0
DA:43,0
DA:44,0
DA:48,0
DA:52,0
DA:53,0
DA:56,0
DA:61,0
DA:64,0
LF:32
LH:0
BRDA:23,0,0,0
BRDA:23,0,1,0
BRDA:28,1,0,0
BRDA:28,1,1,0
BRDA:29,2,0,0
BRDA:29,2,1,0
BRDA:30,3,0,0
BRDA:30,3,1,0
BRDA:31,4,0,0
BRDA:31,4,1,0
BRDA:32,5,0,0
BRDA:32,5,1,0
BRDA:33,6,0,0
BRDA:33,6,1,0
BRDA:43,7,0,0
BRDA:43,7,1,0
BRDA:48,8,0,0
BRDA:48,8,1,0
BRDA:49,9,0,0
BRDA:49,9,1,0
BRDA:50,10,0,0
BRDA:50,10,1,0
BRDA:53,11,0,0
BRDA:53,11,1,0
BRDA:56,12,0,0
BRDA:56,12,1,0
BRDA:58,13,0,0
BRDA:58,13,1,0
BRDA:60,14,0,0
BRDA:60,14,1,0
BRDA:61,15,0,0
BRDA:61,15,1,0
BRF:32
BRH:0
end_of_record
TN:
SF:src\utilityOperations.ts
FN:11,refresh
FN:17,(anonymous_1)
FN:23,rebuildManifest
FN:49,ensureWorkbenchIgnoreFile
FN:72,cancelAllTasks
FNF:5
FNH:0
FNDA:0,refresh
FNDA:0,(anonymous_1)
FNDA:0,rebuildManifest
FNDA:0,ensureWorkbenchIgnoreFile
FNDA:0,cancelAllTasks
DA:1,0
DA:2,0
DA:3,0
DA:6,0
DA:8,0
DA:9,0
DA:11,0
DA:13,0
DA:14,0
DA:15,0
DA:17,0
DA:18,0
DA:20,0
DA:23,0
DA:24,0
DA:25,0
DA:26,0
DA:27,0
DA:28,0
DA:29,0
DA:33,0
DA:36,0
DA:37,0
DA:38,0
DA:39,0
DA:41,0
DA:42,0
DA:44,0
DA:45,0
DA:50,0
DA:51,0
DA:52,0
DA:53,0
DA:54,0
DA:57,0
DA:68,0
DA:72,0
DA:73,0
DA:74,0
DA:77,0
DA:79,0
DA:80,0
LF:42
LH:0
BRDA:27,0,0,0
BRDA:27,0,1,0
BRDA:45,1,0,0
BRDA:45,1,1,0
BRDA:80,2,0,0
BRDA:80,2,1,0
BRF:6
BRH:0
end_of_record
TN:
SF:src\commands\boardCommands.ts
FN:12,getWorkspaceFolder
FN:19,withAutoSuspend
FN:25,(anonymous_2)
FN:30,(anonymous_3)
FN:45,(anonymous_4)
FN:56,(anonymous_5)
FN:71,(anonymous_6)
FN:74,(anonymous_7)
FN:102,(anonymous_8)
FN:121,(anonymous_9)
FN:129,(anonymous_10)
FN:158,loadFirmwareCatalog
FN:170,normalizeBoardKey
FN:179,findFirmwareForMachine
FN:183,(anonymous_14)
FN:185,(anonymous_15)
FN:189,getPythonCmd
FN:198,ensureEsptool
FN:208,tryCmd
FN:209,(anonymous_19)
FN:210,(anonymous_20)
FN:220,(anonymous_21)
FN:249,(anonymous_22)
FN:253,downloadFirmware
FN:255,(anonymous_24)
FN:257,(anonymous_25)
FN:260,(anonymous_26)
FN:266,(anonymous_27)
FN:266,(anonymous_28)
FN:276,(anonymous_29)
FN:276,(anonymous_30)
FNF:31
FNH:0
FNDA:0,getWorkspaceFolder
FNDA:0,withAutoSuspend
FNDA:0,(anonymous_2)
FNDA:0,(anonymous_3)
FNDA:0,(anonymous_4)
FNDA:0,(anonymous_5)
FNDA:0,(anonymous_6)
FNDA:0,(anonymous_7)
FNDA:0,(anonymous_8)
FNDA:0,(anonymous_9)
FNDA:0,(anonymous_10)
FNDA:0,loadFirmwareCatalog
FNDA:0,normalizeBoardKey
FNDA:0,findFirmwareForMachine
FNDA:0,(anonymous_14)
FNDA:0,(anonymous_15)
FNDA:0,getPythonCmd
FNDA:0,ensureEsptool
FNDA:0,tryCmd
FNDA:0,(anonymous_19)
FNDA:0,(anonymous_20)
FNDA:0,(anonymous_21)
FNDA:0,(anonymous_22)
FNDA:0,downloadFirmware
FNDA:0,(anonymous_24)
FNDA:0,(anonymous_25)
FNDA:0,(anonymous_26)
FNDA:0,(anonymous_27)
FNDA:0,(anonymous_28)
FNDA:0,(anonymous_29)
FNDA:0,(anonymous_30)
DA:1,0
DA:2,0
DA:3,0
DA:4,0
DA:5,0
DA:6,0
DA:7,0
DA:8,0
DA:9,0
DA:13,0
DA:14,0
DA:15,0
DA:20,0
DA:24,0
DA:27,0
DA:28,0
DA:30,0
DA:32,0
DA:33,0
DA:34,0
DA:35,0
DA:39,0
DA:46,0
DA:50,0
DA:57,0
DA:58,0
DA:59,0
DA:60,0
DA:61,0
DA:65,0
DA:66,0
DA:67,0
DA:68,0
DA:70,0
DA:71,0
DA:72,0
DA:73,0
DA:74,0
DA:77,0
DA:78,0
DA:79,0
DA:82,0
DA:87,0
DA:96,0
DA:98,0
DA:103,0
DA:104,0
DA:106,0
DA:120,0
DA:121,0
DA:122,0
DA:130,0
DA:131,0
DA:133,0
DA:137,0
DA:140,0
DA:142,0
DA:159,0
DA:160,0
DA:161,0
DA:162,0
DA:163,0
DA:165,0
DA:166,0
DA:171,0
DA:172,0
DA:173,0
DA:174,0
DA:175,0
DA:176,0
DA:180,0
DA:181,0
DA:182,0
DA:183,0
DA:184,0
DA:185,0
DA:190,0
DA:191,0
DA:192,0
DA:194,0
DA:199,0
DA:201,0
DA:209,0
DA:210,0
DA:211,0
DA:212,0
DA:214,0
DA:220,0
DA:221,0
DA:222,0
DA:225,0
DA:227,0
DA:228,0
DA:229,0
DA:232,0
DA:233,0
DA:234,0
DA:238,0
DA:239,0
DA:240,0
DA:244,0
DA:245,0
DA:246,0
DA:249,0
DA:250,0
DA:254,0
DA:255,0
DA:256,0
DA:257,0
DA:258,0
DA:260,0
DA:261,0
DA:262,0
DA:263,0
DA:265,0
DA:266,0
DA:267,0
DA:269,0
DA:271,0
DA:272,0
DA:273,0
DA:275,0
DA:276,0
DA:277,0
LF:124
LH:0
BRDA:14,0,0,0
BRDA:14,0,1,0
BRDA:30,1,0,0
BRDA:30,1,1,0
BRDA:33,2,0,0
BRDA:33,2,1,0
BRDA:34,3,0,0
BRDA:34,3,1,0
BRDA:59,4,0,0
BRDA:59,4,1,0
BRDA:59,5,0,0
BRDA:59,5,1,0
BRDA:66,6,0,0
BRDA:66,6,1,0
BRDA:66,6,2,0
BRDA:67,7,0,0
BRDA:67,7,1,0
BRDA:70,8,0,0
BRDA:70,8,1,0
BRDA:72,9,0,0
BRDA:72,9,1,0
BRDA:73,10,0,0
BRDA:73,10,1,0
BRDA:77,11,0,0
BRDA:77,11,1,0
BRDA:87,12,0,0
BRDA:87,12,1,0
BRDA:130,13,0,0
BRDA:130,13,1,0
BRDA:131,14,0,0
BRDA:131,14,1,0
BRDA:131,14,2,0
BRDA:142,15,0,0
BRDA:142,15,1,0
BRDA:163,16,0,0
BRDA:163,16,1,0
BRDA:171,17,0,0
BRDA:171,17,1,0
BRDA:174,18,0,0
BRDA:174,18,1,0
BRDA:174,19,0,0
BRDA:174,19,1,0
BRDA:175,20,0,0
BRDA:175,20,1,0
BRDA:181,21,0,0
BRDA:181,21,1,0
BRDA:184,22,0,0
BRDA:184,22,1,0
BRDA:211,23,0,0
BRDA:211,23,1,0
BRDA:212,24,0,0
BRDA:212,24,1,0
BRDA:212,24,2,0
BRDA:221,25,0,0
BRDA:221,25,1,0
BRDA:221,25,2,0
BRDA:221,26,0,0
BRDA:221,26,1,0
BRDA:222,27,0,0
BRDA:222,27,1,0
BRDA:222,28,0,0
BRDA:222,28,1,0
BRDA:232,29,0,0
BRDA:232,29,1,0
BRDA:249,30,0,0
BRDA:249,30,1,0
BRDA:258,31,0,0
BRDA:258,31,1,0
BRDA:258,32,0,0
BRDA:258,32,1,0
BRDA:258,32,2,0
BRDA:258,32,3,0
BRDA:261,33,0,0
BRDA:261,33,1,0
BRDA:271,34,0,0
BRDA:271,34,1,0
BRF:76
BRH:0
end_of_record
TN:
SF:src\commands\debugCommands.ts
FN:10,(anonymous_0)
FN:22,(anonymous_1)
FN:34,(anonymous_2)
FN:40,(anonymous_3)
FNF:4
FNH:0
FNDA:0,(anonymous_0)
FNDA:0,(anonymous_1)
FNDA:0,(anonymous_2)
FNDA:0,(anonymous_3)
DA:1,0
DA:4,0
DA:6,0
DA:9,0
DA:11,0
DA:12,0
DA:13,0
DA:14,0
DA:15,0
DA:17,0
DA:18,0
DA:23,0
DA:24,0
DA:25,0
DA:26,0
DA:27,0
DA:29,0
DA:30,0
DA:37,0
DA:41,0
LF:20
LH:0
BRDA:18,0,0,0
BRDA:18,0,1,0
BRDA:30,1,0,0
BRDA:30,1,1,0
BRF:4
BRH:0
end_of_record
TN:
SF:src\commands\fileCommands.ts
FN:11,getWorkspaceFolder
FN:18,withAutoSuspend
FN:24,ensureMpyWorkbenchDir
FN:30,ensureWorkbenchIgnoreFile
FN:41,(anonymous_4)
FN:66,(anonymous_5)
FN:76,(anonymous_6)
FN:92,(anonymous_7)
FN:107,(anonymous_8)
FN:120,(anonymous_9)
FN:122,(anonymous_10)
FN:127,(anonymous_11)
FN:139,(anonymous_12)
FN:144,(anonymous_13)
FN:148,(anonymous_14)
FN:165,(anonymous_15)
FN:165,(anonymous_16)
FN:169,(anonymous_17)
FN:199,(anonymous_18)
FN:201,(anonymous_19)
FN:204,(anonymous_20)
FN:208,(anonymous_21)
FN:221,(anonymous_22)
FN:227,(anonymous_23)
FN:238,(anonymous_24)
FN:251,(anonymous_25)
FN:258,(anonymous_26)
FN:280,(anonymous_27)
FN:294,(anonymous_28)
FN:299,(anonymous_29)
FN:311,(anonymous_30)
FN:316,(anonymous_31)
FN:349,(anonymous_32)
FN:360,(anonymous_33)
FN:384,(anonymous_34)
FN:394,(anonymous_35)
FN:410,(anonymous_36)
FN:422,(anonymous_37)
FNF:38
FNH:0
FNDA:0,getWorkspaceFolder
FNDA:0,withAutoSuspend
FNDA:0,ensureMpyWorkbenchDir
FNDA:0,ensureWorkbenchIgnoreFile
FNDA:0,(anonymous_4)
FNDA:0,(anonymous_5)
FNDA:0,(anonymous_6)
FNDA:0,(anonymous_7)
FNDA:0,(anonymous_8)
FNDA:0,(anonymous_9)
FNDA:0,(anonymous_10)
FNDA:0,(anonymous_11)
FNDA:0,(anonymous_12)
FNDA:0,(anonymous_13)
FNDA:0,(anonymous_14)
FNDA:0,(anonymous_15)
FNDA:0,(anonymous_16)
FNDA:0,(anonymous_17)
FNDA:0,(anonymous_18)
FNDA:0,(anonymous_19)
FNDA:0,(anonymous_20)
FNDA:0,(anonymous_21)
FNDA:0,(anonymous_22)
FNDA:0,(anonymous_23)
FNDA:0,(anonymous_24)
FNDA:0,(anonymous_25)
FNDA:0,(anonymous_26)
FNDA:0,(anonymous_27)
FNDA:0,(anonymous_28)
FNDA:0,(anonymous_29)
FNDA:0,(anonymous_30)
FNDA:0,(anonymous_31)
FNDA:0,(anonymous_32)
FNDA:0,(anonymous_33)
FNDA:0,(anonymous_34)
FNDA:0,(anonymous_35)
FNDA:0,(anonymous_36)
FNDA:0,(anonymous_37)
DA:1,0
DA:2,0
DA:3,0
DA:4,0
DA:7,0
DA:8,0
DA:12,0
DA:13,0
DA:14,0
DA:20,0
DA:25,0
DA:26,0
DA:31,0
DA:32,0
DA:33,0
DA:35,0
DA:40,0
DA:42,0
DA:43,0
DA:44,0
DA:45,0
DA:47,0
DA:48,0
DA:52,0
DA:53,0
DA:54,0
DA:55,0
DA:56,0
DA:58,0
DA:59,0
DA:60,0
DA:63,0
DA:64,0
DA:66,0
DA:67,0
DA:68,0
DA:69,0
DA:70,0
DA:71,0
DA:72,0
DA:73,0
DA:75,0
DA:76,0
DA:77,0
DA:81,0
DA:82,0
DA:86,0
DA:88,0
DA:93,0
DA:94,0
DA:95,0
DA:96,0
DA:97,0
DA:98,0
DA:99,0
DA:100,0
DA:101,0
DA:103,0
DA:108,0
DA:109,0
DA:110,0
DA:111,0
DA:112,0
DA:113,0
DA:114,0
DA:115,0
DA:117,0
DA:118,0
DA:119,0
DA:120,0
DA:122,0
DA:124,0
DA:128,0
DA:129,0
DA:130,0
DA:131,0
DA:132,0
DA:133,0
DA:134,0
DA:135,0
DA:138,0
DA:139,0
DA:140,0
DA:141,0
DA:144,0
DA:145,0
DA:149,0
DA:150,0
DA:151,0
DA:152,0
DA:153,0
DA:154,0
DA:155,0
DA:158,0
DA:160,0
DA:162,0
DA:165,0
DA:166,0
DA:167,0
DA:168,0
DA:169,0
DA:170,0
DA:172,0
DA:173,0
DA:174,0
DA:177,0
DA:180,0
DA:181,0
DA:200,0
DA:201,0
DA:202,0
DA:203,0
DA:204,0
DA:209,0
DA:210,0
DA:211,0
DA:213,0
DA:214,0
DA:217,0
DA:222,0
DA:223,0
DA:225,0
DA:226,0
DA:227,0
DA:228,0
DA:229,0
DA:232,0
DA:233,0
DA:239,0
DA:240,0
DA:241,0
DA:243,0
DA:244,0
DA:247,0
DA:252,0
DA:254,0
DA:256,0
DA:257,0
DA:258,0
DA:259,0
DA:260,0
DA:263,0
DA:264,0
DA:268,0
DA:269,0
DA:270,0
DA:271,0
DA:272,0
DA:273,0
DA:274,0
DA:281,0
DA:282,0
DA:287,0
DA:290,0
DA:295,0
DA:297,0
DA:299,0
DA:300,0
DA:302,0
DA:303,0
DA:304,0
DA:305,0
DA:308,0
DA:311,0
DA:313,0
DA:316,0
DA:318,0
DA:321,0
DA:322,0
DA:323,0
DA:325,0
DA:326,0
DA:327,0
DA:330,0
DA:331,0
DA:335,0
DA:341,0
DA:342,0
DA:350,0
DA:351,0
DA:353,0
DA:356,0
DA:357,0
DA:360,0
DA:362,0
DA:363,0
DA:364,0
DA:366,0
DA:367,0
DA:368,0
DA:369,0
DA:371,0
DA:372,0
DA:373,0
DA:375,0
DA:376,0
DA:379,0
DA:381,0
DA:385,0
DA:386,0
DA:387,0
DA:390,0
DA:391,0
DA:394,0
DA:396,0
DA:397,0
DA:398,0
DA:399,0
DA:400,0
DA:401,0
DA:402,0
DA:403,0
DA:405,0
DA:407,0
DA:411,0
DA:412,0
DA:413,0
DA:415,0
DA:416,0
DA:417,0
DA:418,0
DA:419,0
DA:422,0
DA:424,0
DA:425,0
DA:427,0
DA:428,0
DA:430,0
DA:431,0
DA:434,0
DA:435,0
DA:437,0
DA:438,0
DA:439,0
DA:440,0
DA:441,0
DA:446,0
DA:448,0
DA:449,0
DA:450,0
LF:240
LH:0
BRDA:13,0,0,0
BRDA:13,0,1,0
BRDA:43,1,0,0
BRDA:43,1,1,0
BRDA:52,2,0,0
BRDA:52,2,1,0
BRDA:52,3,0,0
BRDA:52,3,1,0
BRDA:58,4,0,0
BRDA:58,4,1,0
BRDA:67,5,0,0
BRDA:67,5,1,0
BRDA:68,6,0,0
BRDA:68,6,1,0
BRDA:72,7,0,0
BRDA:72,7,1,0
BRDA:82,8,0,0
BRDA:82,8,1,0
BRDA:86,9,0,0
BRDA:86,9,1,0
BRDA:93,10,0,0
BRDA:93,10,1,0
BRDA:108,11,0,0
BRDA:108,11,1,0
BRDA:110,12,0,0
BRDA:110,12,1,0
BRDA:118,13,0,0
BRDA:118,13,1,0
BRDA:128,14,0,0
BRDA:128,14,1,0
BRDA:130,15,0,0
BRDA:130,15,1,0
BRDA:149,16,0,0
BRDA:149,16,1,0
BRDA:152,17,0,0
BRDA:152,17,1,0
BRDA:160,18,0,0
BRDA:160,18,1,0
BRDA:166,19,0,0
BRDA:166,19,1,0
BRDA:173,20,0,0
BRDA:173,20,1,0
BRDA:200,21,0,0
BRDA:200,21,1,0
BRDA:200,22,0,0
BRDA:200,22,1,0
BRDA:201,23,0,0
BRDA:201,23,1,0
BRDA:202,24,0,0
BRDA:202,24,1,0
BRDA:203,25,0,0
BRDA:203,25,1,0
BRDA:209,26,0,0
BRDA:209,26,1,0
BRDA:214,27,0,0
BRDA:214,27,1,0
BRDA:226,28,0,0
BRDA:226,28,1,0
BRDA:233,29,0,0
BRDA:233,29,1,0
BRDA:239,30,0,0
BRDA:239,30,1,0
BRDA:244,31,0,0
BRDA:244,31,1,0
BRDA:257,32,0,0
BRDA:257,32,1,0
BRDA:264,33,0,0
BRDA:264,33,1,0
BRDA:269,34,0,0
BRDA:269,34,1,0
BRDA:287,35,0,0
BRDA:287,35,1,0
BRDA:302,36,0,0
BRDA:302,36,1,0
BRDA:321,37,0,0
BRDA:321,37,1,0
BRDA:322,38,0,0
BRDA:322,38,1,0
BRDA:325,39,0,0
BRDA:325,39,1,0
BRDA:330,40,0,0
BRDA:330,40,1,0
BRDA:342,41,0,0
BRDA:342,41,1,0
BRDA:351,42,0,0
BRDA:351,42,1,0
BRDA:353,43,0,0
BRDA:353,43,1,0
BRDA:354,44,0,0
BRDA:354,44,1,0
BRDA:356,45,0,0
BRDA:356,45,1,0
BRDA:360,46,0,0
BRDA:360,46,1,0
BRDA:360,47,0,0
BRDA:360,47,1,0
BRDA:360,47,2,0
BRDA:362,48,0,0
BRDA:362,48,1,0
BRDA:363,49,0,0
BRDA:363,49,1,0
BRDA:376,50,0,0
BRDA:376,50,1,0
BRDA:379,51,0,0
BRDA:379,51,1,0
BRDA:386,52,0,0
BRDA:386,52,1,0
BRDA:387,53,0,0
BRDA:387,53,1,0
BRDA:388,54,0,0
BRDA:388,54,1,0
BRDA:390,55,0,0
BRDA:390,55,1,0
BRDA:394,56,0,0
BRDA:394,56,1,0
BRDA:394,57,0,0
BRDA:394,57,1,0
BRDA:394,57,2,0
BRDA:394,57,3,0
BRDA:396,58,0,0
BRDA:396,58,1,0
BRDA:397,59,0,0
BRDA:397,59,1,0
BRDA:405,60,0,0
BRDA:405,60,1,0
BRDA:411,61,0,0
BRDA:411,61,1,0
BRDA:411,62,0,0
BRDA:411,62,1,0
BRDA:422,63,0,0
BRDA:422,63,1,0
BRDA:422,64,0,0
BRDA:422,64,1,0
BRDA:424,65,0,0
BRDA:424,65,1,0
BRDA:424,66,0,0
BRDA:424,66,1,0
BRDA:425,67,0,0
BRDA:425,67,1,0
BRDA:430,68,0,0
BRDA:430,68,1,0
BRDA:435,69,0,0
BRDA:435,69,1,0
BRDA:449,70,0,0
BRDA:449,70,1,0
BRDA:449,71,0,0
BRDA:449,71,1,0
BRF:147
BRH:0
end_of_record
TN:
SF:src\commands\mpremoteCommands.ts
FN:16,(anonymous_0)
FN:31,(anonymous_1)
FN:52,(anonymous_2)
FN:69,(anonymous_3)
FN:70,(anonymous_4)
FN:75,(anonymous_5)
FN:80,(anonymous_6)
FN:86,(anonymous_7)
FN:97,(anonymous_8)
FN:103,(anonymous_9)
FN:110,(anonymous_10)
FN:123,(anonymous_11)
FN:134,(anonymous_12)
FN:200,(anonymous_13)
FN:230,(anonymous_14)
FN:242,(anonymous_15)
FN:294,(anonymous_16)
FN:312,(anonymous_17)
FN:326,(anonymous_18)
FN:337,(anonymous_19)
FNF:20
FNH:1
FNDA:0,(anonymous_0)
FNDA:0,(anonymous_1)
FNDA:0,(anonymous_2)
FNDA:0,(anonymous_3)
FNDA:0,(anonymous_4)
FNDA:0,(anonymous_5)
FNDA:0,(anonymous_6)
FNDA:0,(anonymous_7)
FNDA:0,(anonymous_8)
FNDA:0,(anonymous_9)
FNDA:0,(anonymous_10)
FNDA:0,(anonymous_11)
FNDA:0,(anonymous_12)
FNDA:0,(anonymous_13)
FNDA:0,(anonymous_14)
FNDA:0,(anonymous_15)
FNDA:0,(anonymous_16)
FNDA:21,(anonymous_17)
FNDA:0,(anonymous_18)
FNDA:0,(anonymous_19)
DA:1,1
DA:3,1
DA:4,1
DA:6,1
DA:7,1
DA:12,1
DA:17,0
DA:19,0
DA:20,0
DA:23,0
DA:24,0
DA:32,0
DA:40,0
DA:41,0
DA:42,0
DA:43,0
DA:44,0
DA:45,0
DA:53,0
DA:55,0
DA:56,0
DA:59,0
DA:60,0
DA:63,0
DA:65,0
DA:70,0
DA:71,0
DA:73,0
DA:75,0
DA:76,0
DA:77,0
DA:80,0
DA:81,0
DA:82,0
DA:83,0
DA:87,0
DA:88,0
DA:91,0
DA:93,0
DA:97,0
DA:98,0
DA:102,0
DA:103,0
DA:104,0
DA:105,0
DA:106,0
DA:110,0
DA:111,0
DA:116,0
DA:117,0
DA:119,0
DA:120,0
DA:124,0
DA:125,0
DA:135,0
DA:136,0
DA:141,0
DA:142,0
DA:143,0
DA:152,0
DA:153,0
DA:154,0
DA:165,0
DA:166,0
DA:178,0
DA:186,0
DA:187,0
DA:188,0
DA:189,0
DA:190,0
DA:192,0
DA:193,0
DA:201,0
DA:225,0
DA:231,0
DA:232,0
DA:233,0
DA:234,0
DA:246,0
DA:247,0
DA:248,0
DA:249,0
DA:250,0
DA:251,0
DA:252,0
DA:253,0
DA:254,0
DA:259,0
DA:263,0
DA:264,0
DA:265,0
DA:266,0
DA:267,0
DA:268,0
DA:275,0
DA:279,0
DA:280,0
DA:281,0
DA:282,0
DA:288,0
DA:295,0
DA:296,0
DA:297,0
DA:298,0
DA:301,0
DA:303,0
DA:305,0
DA:313,21
DA:314,21
DA:316,17
DA:317,17
DA:320,17
DA:327,0
DA:328,0
DA:330,0
DA:331,0
DA:338,0
DA:340,0
DA:341,0
DA:342,0
DA:343,0
DA:344,0
DA:345,0
DA:346,0
DA:347,0
DA:348,0
DA:349,0
DA:351,0
DA:352,0
DA:353,0
DA:354,0
LF:131
LH:11
BRDA:40,0,0,0
BRDA:40,0,1,0
BRDA:42,1,0,0
BRDA:42,1,1,0
BRDA:44,2,0,0
BRDA:44,2,1,0
BRDA:55,3,0,0
BRDA:55,3,1,0
BRDA:81,4,0,0
BRDA:81,4,1,0
BRDA:87,5,0,0
BRDA:87,5,1,0
BRDA:104,6,0,0
BRDA:104,6,1,0
BRDA:124,7,0,0
BRDA:124,7,1,0
BRDA:141,8,0,0
BRDA:141,8,1,0
BRDA:152,9,0,0
BRDA:152,9,1,0
BRDA:186,10,0,0
BRDA:186,10,1,0
BRDA:189,11,0,0
BRDA:189,11,1,0
BRDA:192,12,0,0
BRDA:192,12,1,0
BRDA:231,13,0,0
BRDA:231,13,1,0
BRDA:233,14,0,0
BRDA:233,14,1,0
BRDA:248,15,0,0
BRDA:248,15,1,0
BRDA:248,16,0,0
BRDA:248,16,1,0
BRDA:250,17,0,0
BRDA:250,17,1,0
BRDA:250,18,0,0
BRDA:250,18,1,0
BRDA:250,18,2,0
BRDA:253,19,0,0
BRDA:253,19,1,0
BRDA:253,20,0,0
BRDA:253,20,1,0
BRDA:253,20,2,0
BRDA:264,21,0,0
BRDA:264,21,1,0
BRDA:265,22,0,0
BRDA:265,22,1,0
BRDA:275,23,0,0
BRDA:275,23,1,0
BRDA:298,24,0,0
BRDA:298,24,1,0
BRDA:301,25,0,0
BRDA:301,25,1,0
BRDA:314,26,0,4
BRDA:314,26,1,17
BRDA:320,27,0,17
BRDA:320,27,1,14
BRDA:320,27,2,12
BRDA:340,28,0,0
BRDA:340,28,1,0
BRDA:345,29,0,0
BRDA:345,29,1,0
BRF:63
BRH:5
end_of_record
TN:
SF:src\commands\replCommands.ts
FN:21,(anonymous_0)
FN:25,(anonymous_1)
FNF:2
FNH:0
FNDA:0,(anonymous_0)
FNDA:0,(anonymous_1)
DA:1,0
DA:5,0
DA:20,0
DA:22,0
DA:26,0
DA:27,0
DA:29,0
LF:7
LH:0
BRDA:26,0,0,0
BRDA:26,0,1,0
BRF:2
BRH:0
end_of_record
TN:
SF:src\commands\syncCommands.ts
FN:10,getWorkspaceFolder
FN:17,withAutoSuspend
FN:22,ensureMpyWorkbenchDir
FN:28,ensureWorkbenchIgnoreFile
FN:38,isLocalSyncInitialized
FN:50,toLocalRelative
FN:57,(anonymous_6)
FN:112,(anonymous_7)
FN:123,(anonymous_8)
FN:144,(anonymous_9)
FN:181,(anonymous_10)
FN:225,(anonymous_11)
FN:231,(anonymous_12)
FN:232,(anonymous_13)
FN:242,(anonymous_14)
FN:270,(anonymous_15)
FN:276,(anonymous_16)
FN:344,(anonymous_17)
FN:386,(anonymous_18)
FN:414,(anonymous_19)
FN:417,(anonymous_20)
FN:422,(anonymous_21)
FNF:22
FNH:0
FNDA:0,getWorkspaceFolder
FNDA:0,withAutoSuspend
FNDA:0,ensureMpyWorkbenchDir
FNDA:0,ensureWorkbenchIgnoreFile
FNDA:0,isLocalSyncInitialized
FNDA:0,toLocalRelative
FNDA:0,(anonymous_6)
FNDA:0,(anonymous_7)
FNDA:0,(anonymous_8)
FNDA:0,(anonymous_9)
FNDA:0,(anonymous_10)
FNDA:0,(anonymous_11)
FNDA:0,(anonymous_12)
FNDA:0,(anonymous_13)
FNDA:0,(anonymous_14)
FNDA:0,(anonymous_15)
FNDA:0,(anonymous_16)
FNDA:0,(anonymous_17)
FNDA:0,(anonymous_18)
FNDA:0,(anonymous_19)
FNDA:0,(anonymous_20)
FNDA:0,(anonymous_21)
DA:1,0
DA:2,0
DA:3,0
DA:4,0
DA:5,0
DA:6,0
DA:11,0
DA:12,0
DA:13,0
DA:18,0
DA:23,0
DA:24,0
DA:29,0
DA:30,0
DA:31,0
DA:33,0
DA:39,0
DA:40,0
DA:41,0
DA:42,0
DA:43,0
DA:45,0
DA:51,0
DA:52,0
DA:56,0
DA:58,0
DA:65,0
DA:66,0
DA:67,0
DA:68,0
DA:69,0
DA:70,0
DA:71,0
DA:73,0
DA:75,0
DA:76,0
DA:78,0
DA:79,0
DA:80,0
DA:82,0
DA:86,0
DA:87,0
DA:88,0
DA:93,0
DA:95,0
DA:96,0
DA:97,0
DA:98,0
DA:99,0
DA:100,0
DA:103,0
DA:104,0
DA:105,0
DA:108,0
DA:113,0
DA:114,0
DA:116,0
DA:117,0
DA:118,0
DA:121,0
DA:123,0
DA:125,0
DA:128,0
DA:129,0
DA:130,0
DA:131,0
DA:133,0
DA:135,0
DA:136,0
DA:137,0
DA:138,0
DA:144,0
DA:146,0
DA:147,0
DA:148,0
DA:154,0
DA:157,0
DA:158,0
DA:159,0
DA:160,0
DA:162,0
DA:164,0
DA:170,0
DA:171,0
DA:173,0
DA:177,0
DA:182,0
DA:183,0
DA:184,0
DA:185,0
DA:186,0
DA:187,0
DA:188,0
DA:189,0
DA:191,0
DA:193,0
DA:194,0
DA:196,0
DA:197,0
DA:198,0
DA:200,0
DA:204,0
DA:205,0
DA:206,0
DA:211,0
DA:214,0
DA:215,0
DA:216,0
DA:217,0
DA:218,0
DA:219,0
DA:222,0
DA:225,0
DA:227,0
DA:232,0
DA:233,0
DA:235,0
DA:236,0
DA:237,0
DA:240,0
DA:242,0
DA:243,0
DA:244,0
DA:245,0
DA:246,0
DA:248,0
DA:250,0
DA:251,0
DA:257,0
DA:258,0
DA:259,0
DA:260,0
DA:262,0
DA:266,0
DA:273,0
DA:277,0
DA:278,0
DA:279,0
DA:280,0
DA:281,0
DA:282,0
DA:283,0
DA:285,0
DA:287,0
DA:288,0
DA:290,0
DA:291,0
DA:292,0
DA:294,0
DA:298,0
DA:299,0
DA:300,0
DA:305,0
DA:308,0
DA:309,0
DA:310,0
DA:311,0
DA:312,0
DA:313,0
DA:315,0
DA:341,0
DA:345,0
DA:346,0
DA:347,0
DA:348,0
DA:349,0
DA:350,0
DA:351,0
DA:353,0
DA:355,0
DA:356,0
DA:358,0
DA:359,0
DA:360,0
DA:362,0
DA:366,0
DA:367,0
DA:368,0
DA:373,0
DA:376,0
DA:377,0
DA:378,0
DA:379,0
DA:380,0
DA:381,0
DA:384,0
DA:386,0
DA:388,0
DA:390,0
DA:392,0
DA:393,0
DA:394,0
DA:399,0
DA:400,0
DA:403,0
DA:408,0
DA:409,0
DA:412,0
DA:414,0
DA:415,0
DA:416,0
DA:417,0
DA:418,0
DA:419,0
DA:421,0
DA:422,0
DA:423,0
DA:424,0
DA:425,0
DA:426,0
DA:427,0
DA:428,0
DA:434,0
LF:213
LH:0
BRDA:12,0,0,0
BRDA:12,0,1,0
BRDA:66,1,0,0
BRDA:66,1,1,0
BRDA:69,2,0,0
BRDA:69,2,1,0
BRDA:70,3,0,0
BRDA:70,3,1,0
BRDA:79,4,0,0
BRDA:79,4,1,0
BRDA:87,5,0,0
BRDA:87,5,1,0
BRDA:93,6,0,0
BRDA:93,6,1,0
BRDA:116,7,0,0
BRDA:116,7,1,0
BRDA:133,8,0,0
BRDA:133,8,1,0
BRDA:133,9,0,0
BRDA:133,9,1,0
BRDA:136,10,0,0
BRDA:136,10,1,0
BRDA:177,11,0,0
BRDA:177,11,1,0
BRDA:184,12,0,0
BRDA:184,12,1,0
BRDA:187,13,0,0
BRDA:187,13,1,0
BRDA:188,14,0,0
BRDA:188,14,1,0
BRDA:197,15,0,0
BRDA:197,15,1,0
BRDA:205,16,0,0
BRDA:205,16,1,0
BRDA:211,17,0,0
BRDA:211,17,1,0
BRDA:235,18,0,0
BRDA:235,18,1,0
BRDA:266,19,0,0
BRDA:266,19,1,0
BRDA:278,20,0,0
BRDA:278,20,1,0
BRDA:281,21,0,0
BRDA:281,21,1,0
BRDA:282,22,0,0
BRDA:282,22,1,0
BRDA:291,23,0,0
BRDA:291,23,1,0
BRDA:299,24,0,0
BRDA:299,24,1,0
BRDA:305,25,0,0
BRDA:305,25,1,0
BRDA:346,26,0,0
BRDA:346,26,1,0
BRDA:349,27,0,0
BRDA:349,27,1,0
BRDA:350,28,0,0
BRDA:350,28,1,0
BRDA:359,29,0,0
BRDA:359,29,1,0
BRDA:367,30,0,0
BRDA:367,30,1,0
BRDA:373,31,0,0
BRDA:373,31,1,0
BRDA:390,32,0,0
BRDA:390,32,1,0
BRDA:393,33,0,0
BRDA:393,33,1,0
BRDA:399,34,0,0
BRDA:399,34,1,0
BRDA:408,35,0,0
BRDA:408,35,1,0
BRF:72
BRH:0
end_of_record
TN:
SF:src\commands\utilityCommands.ts
FN:9,getWorkspaceFolder
FN:16,withAutoSuspend
FN:22,(anonymous_2)
FN:27,(anonymous_3)
FN:57,(anonymous_4)
FN:64,(anonymous_5)
FN:66,(anonymous_6)
FN:68,(anonymous_7)
FN:70,(anonymous_8)
FN:72,(anonymous_9)
FN:74,(anonymous_10)
FN:76,(anonymous_11)
FNF:12
FNH:0
FNDA:0,getWorkspaceFolder
FNDA:0,withAutoSuspend
FNDA:0,(anonymous_2)
FNDA:0,(anonymous_3)
FNDA:0,(anonymous_4)
FNDA:0,(anonymous_5)
FNDA:0,(anonymous_6)
FNDA:0,(anonymous_7)
FNDA:0,(anonymous_8)
FNDA:0,(anonymous_9)
FNDA:0,(anonymous_10)
FNDA:0,(anonymous_11)
DA:1,0
DA:2,0
DA:4,0
DA:10,0
DA:11,0
DA:12,0
DA:17,0
DA:21,0
DA:24,0
DA:28,0
DA:29,0
DA:30,0
DA:31,0
DA:32,0
DA:33,0
DA:34,0
DA:35,0
DA:36,0
DA:37,0
DA:38,0
DA:39,0
DA:43,0
DA:45,0
DA:49,0
DA:52,0
DA:53,0
DA:58,0
DA:59,0
DA:60,0
DA:64,0
DA:66,0
DA:68,0
DA:70,0
DA:72,0
DA:74,0
DA:76,0
LF:36
LH:0
BRDA:11,0,0,0
BRDA:11,0,1,0
BRDA:29,1,0,0
BRDA:29,1,1,0
BRDA:32,2,0,0
BRDA:32,2,1,0
BRDA:33,3,0,0
BRDA:33,3,1,0
BRDA:37,4,0,0
BRDA:37,4,1,0
BRDA:53,5,0,0
BRDA:53,5,1,0
BRDA:59,6,0,0
BRDA:59,6,1,0
BRF:14
BRH:0
end_of_record
